
> zhanklod-mangal-next@1.0.0 dev
> next dev -p 3010

   ▲ Next.js 15.5.20
   - Local:        http://localhost:3010
   - Network:      http://192.168.0.246:3010

 ✓ Starting...
 ✓ Ready in 1596ms
 ○ Compiling / ...
 ✓ Compiled / in 4.1s (1804 modules)
 GET / 200 in 4809ms
 ✓ Compiled in 1587ms (841 modules)
 ✓ Compiled in 148ms (841 modules)
 ✓ Compiled in 141ms (841 modules)
 ✓ Compiled in 146ms (841 modules)
 ✓ Compiled in 130ms (841 modules)
 ✓ Compiled in 160ms (841 modules)
 ✓ Compiled in 151ms (841 modules)
 ✓ Compiled in 139ms (841 modules)
 ✓ Compiled in 129ms (841 modules)
 ✓ Compiled in 137ms (841 modules)
 ✓ Compiled in 146ms (841 modules)
 ✓ Compiled in 126ms (841 modules)
 ✓ Compiled in 131ms (841 modules)
 ✓ Compiled in 170ms (841 modules)
 ✓ Compiled in 126ms (841 modules)
 ✓ Compiled in 131ms (841 modules)
 ✓ Compiled in 123ms (841 modules)
 ✓ Compiled in 133ms (841 modules)
 ✓ Compiled in 123ms (841 modules)
 ✓ Compiled in 129ms (841 modules)
 ✓ Compiled in 121ms (841 modules)
 ✓ Compiled in 124ms (841 modules)
 ✓ Compiled in 124ms (841 modules)
 ✓ Compiled in 150ms (841 modules)
 ✓ Compiled in 128ms (841 modules)
 ✓ Compiled in 136ms (841 modules)
 ✓ Compiled in 158ms (841 modules)
 ✓ Compiled in 128ms (841 modules)
 ✓ Compiled in 137ms (841 modules)
 ✓ Compiled in 127ms (841 modules)
 ✓ Compiled in 146ms (841 modules)
 ✓ Compiled in 131ms (841 modules)
 ✓ Compiled in 133ms (841 modules)
 ✓ Compiled in 128ms (841 modules)
 ✓ Compiled in 129ms (841 modules)
 ✓ Compiled in 142ms (841 modules)
 ✓ Compiled in 129ms (841 modules)
 ✓ Compiled in 127ms (841 modules)
 ✓ Compiled in 132ms (841 modules)
 ✓ Compiled in 155ms (841 modules)
 ✓ Compiled in 131ms (841 modules)
 ✓ Compiled in 130ms (841 modules)
 ✓ Compiled in 122ms (841 modules)
 ✓ Compiled in 127ms (841 modules)
 ✓ Compiled in 124ms (841 modules)
 ✓ Compiled in 120ms (841 modules)
 ✓ Compiled in 123ms (841 modules)
 ✓ Compiled in 121ms (841 modules)
 ✓ Compiled in 125ms (841 modules)
 ✓ Compiled in 118ms (841 modules)
 ✓ Compiled in 124ms (841 modules)
 ✓ Compiled in 122ms (841 modules)
 ✓ Compiled in 158ms (841 modules)
 ✓ Compiled in 131ms (841 modules)
 ✓ Compiled in 126ms (841 modules)
 ✓ Compiled in 129ms (841 modules)
 ✓ Compiled in 130ms (841 modules)
 ✓ Compiled in 144ms (841 modules)
 ✓ Compiled in 131ms (841 modules)
 ✓ Compiled in 128ms (841 modules)
 ✓ Compiled in 119ms (841 modules)
 ✓ Compiled in 136ms (841 modules)
 ✓ Compiled in 132ms (841 modules)
 ✓ Compiled in 128ms (841 modules)
 ✓ Compiled in 127ms (841 modules)
 ✓ Compiled in 168ms (841 modules)
 ✓ Compiled in 129ms (841 modules)
 ✓ Compiled in 122ms (841 modules)
 ✓ Compiled in 125ms (841 modules)
 ✓ Compiled in 123ms (841 modules)
 ✓ Compiled in 124ms (841 modules)
 ✓ Compiled in 119ms (841 modules)
 ✓ Compiled in 121ms (841 modules)
 ✓ Compiled in 120ms (841 modules)
 ✓ Compiled in 130ms (841 modules)
 ✓ Compiled in 120ms (841 modules)
 ✓ Compiled in 119ms (841 modules)
 ✓ Compiled in 124ms (841 modules)
 ✓ Compiled in 167ms (841 modules)
 ✓ Compiled in 132ms (841 modules)
 ✓ Compiled in 138ms (841 modules)
 ✓ Compiled in 134ms (841 modules)
 ✓ Compiled in 135ms (841 modules)
 ✓ Compiled in 132ms (841 modules)
 ✓ Compiled in 139ms (841 modules)
 ✓ Compiled in 126ms (841 modules)
 ✓ Compiled in 143ms (841 modules)
 ✓ Compiled in 229ms (841 modules)
 ○ Compiling /_error ...
 ✓ Compiled /_error in 1234ms (2151 modules)
 ✓ Compiled in 149ms (994 modules)
 GET / 500 in 1546ms
 ✓ Compiled in 260ms (994 modules)
 ✓ Compiled in 140ms (994 modules)
 ✓ Compiled in 133ms (994 modules)
 ✓ Compiled in 138ms (994 modules)
 ✓ Compiled in 135ms (994 modules)
 ✓ Compiled in 148ms (994 modules)
 ✓ Compiled in 133ms (994 modules)
 ✓ Compiled in 133ms (994 modules)
 ✓ Compiled in 155ms (994 modules)
 ✓ Compiled in 146ms (994 modules)
 ✓ Compiled in 135ms (994 modules)
 ✓ Compiled in 142ms (994 modules)
 ✓ Compiled in 160ms (994 modules)
 ✓ Compiled in 189ms (994 modules)
 ✓ Compiled in 145ms (994 modules)
 ✓ Compiled in 146ms (994 modules)
 ✓ Compiled in 148ms (994 modules)
 ✓ Compiled in 130ms (994 modules)
 ✓ Compiled in 145ms (994 modules)
 ✓ Compiled in 132ms (994 modules)
 ✓ Compiled in 131ms (994 modules)
 ✓ Compiled in 132ms (994 modules)
 ✓ Compiled in 133ms (994 modules)
 ✓ Compiled in 143ms (994 modules)
 ✓ Compiled in 145ms (994 modules)
 ✓ Compiled in 161ms (994 modules)
 ✓ Compiled in 165ms (994 modules)
 ✓ Compiled in 136ms (994 modules)
 ✓ Compiled in 139ms (994 modules)
 ✓ Compiled in 151ms (994 modules)
 ✓ Compiled in 132ms (994 modules)
 ✓ Compiled in 148ms (994 modules)
 ✓ Compiled in 161ms (994 modules)
 ✓ Compiled in 154ms (994 modules)
 ✓ Compiled in 134ms (994 modules)
 ✓ Compiled in 149ms (994 modules)
 ✓ Compiled in 142ms (994 modules)
 ✓ Compiled in 143ms (994 modules)
 ✓ Compiled in 143ms (994 modules)
 ✓ Compiled in 171ms (994 modules)
 ✓ Compiled in 133ms (994 modules)
 ✓ Compiled in 140ms (994 modules)
 ✓ Compiled in 149ms (994 modules)
 ✓ Compiled in 141ms (994 modules)
 ✓ Compiled in 130ms (994 modules)
 ✓ Compiled in 143ms (994 modules)
 ✓ Compiled in 131ms (994 modules)
 ✓ Compiled in 155ms (994 modules)
 ✓ Compiled in 129ms (994 modules)
 ✓ Compiled in 139ms (994 modules)
 ✓ Compiled in 145ms (994 modules)
 ✓ Compiled in 148ms (994 modules)
 ✓ Compiled in 179ms (994 modules)
 ✓ Compiled in 144ms (994 modules)
 ✓ Compiled in 146ms (994 modules)
 ✓ Compiled in 149ms (994 modules)
 ✓ Compiled in 164ms (994 modules)
 ✓ Compiled in 197ms (994 modules)
 ✓ Compiled in 165ms (994 modules)
 ✓ Compiled in 165ms (994 modules)
 ✓ Compiled in 145ms (994 modules)
 ✓ Compiled in 134ms (994 modules)
 ✓ Compiled in 126ms (994 modules)
 ✓ Compiled in 142ms (994 modules)
 ✓ Compiled in 149ms (994 modules)
 ✓ Compiled in 167ms (994 modules)
 ✓ Compiled in 143ms (994 modules)
 ✓ Compiled in 136ms (994 modules)
 ✓ Compiled in 136ms (994 modules)
 ✓ Compiled in 141ms (994 modules)
 ✓ Compiled in 140ms (994 modules)
 ✓ Compiled in 142ms (994 modules)
 ✓ Compiled in 135ms (994 modules)
 ✓ Compiled in 141ms (994 modules)
 ✓ Compiled in 130ms (994 modules)
 ✓ Compiled in 132ms (994 modules)
 ✓ Compiled in 148ms (994 modules)
 ✓ Compiled in 138ms (994 modules)
 ✓ Compiled in 195ms (994 modules)
 ✓ Compiled in 151ms (994 modules)
 ✓ Compiled in 150ms (994 modules)
 ✓ Compiled in 144ms (994 modules)
 ✓ Compiled in 149ms (994 modules)
 ✓ Compiled in 147ms (994 modules)
 ✓ Compiled in 134ms (994 modules)
 ✓ Compiled in 134ms (994 modules)
 ✓ Compiled in 141ms (994 modules)
 ✓ Compiled in 134ms (994 modules)
 ✓ Compiled in 127ms (994 modules)
 ✓ Compiled in 130ms (994 modules)
 ✓ Compiled in 128ms (994 modules)
 ✓ Compiled in 174ms (994 modules)
 ✓ Compiled in 140ms (994 modules)
 ✓ Compiled in 137ms (994 modules)
 ✓ Compiled in 134ms (994 modules)
 ✓ Compiled in 133ms (994 modules)
 ✓ Compiled in 142ms (994 modules)
 ✓ Compiled in 141ms (994 modules)
 ✓ Compiled in 125ms (994 modules)
 ✓ Compiled in 145ms (994 modules)
 ✓ Compiled in 137ms (994 modules)
 ✓ Compiled in 126ms (994 modules)
 ✓ Compiled in 153ms (994 modules)
 ✓ Compiled in 158ms (994 modules)
 ✓ Compiled in 194ms (994 modules)
 ✓ Compiled in 144ms (994 modules)
 ✓ Compiled in 148ms (994 modules)
 ✓ Compiled in 158ms (994 modules)
 ✓ Compiled in 174ms (994 modules)
 ✓ Compiled in 152ms (994 modules)
 ✓ Compiled in 138ms (994 modules)
 ✓ Compiled in 147ms (994 modules)
 ✓ Compiled in 133ms (994 modules)
 ✓ Compiled in 132ms (994 modules)
 ✓ Compiled in 146ms (994 modules)
 ✓ Compiled in 153ms (994 modules)
 ✓ Compiled in 162ms (994 modules)
 ✓ Compiled in 162ms (994 modules)
 ✓ Compiled in 150ms (994 modules)
 ✓ Compiled in 135ms (994 modules)
 ✓ Compiled in 146ms (994 modules)
 ✓ Compiled in 128ms (994 modules)
 ✓ Compiled in 134ms (994 modules)
 ✓ Compiled in 136ms (994 modules)
 ✓ Compiled in 130ms (994 modules)
 ✓ Compiled in 160ms (994 modules)
 ✓ Compiled in 140ms (994 modules)
 ✓ Compiled in 151ms (994 modules)
 ✓ Compiled in 128ms (994 modules)
 ✓ Compiled in 155ms (994 modules)
 ✓ Compiled in 202ms (994 modules)
 ✓ Compiled in 143ms (994 modules)
 ✓ Compiled in 128ms (994 modules)
 ✓ Compiled in 145ms (994 modules)
 ✓ Compiled in 126ms (994 modules)
 ✓ Compiled in 151ms (994 modules)
 ✓ Compiled in 134ms (994 modules)
 ✓ Compiled in 126ms (994 modules)
 ✓ Compiled in 140ms (994 modules)
 ✓ Compiled in 126ms (994 modules)
 ✓ Compiled in 131ms (994 modules)
 ✓ Compiled in 134ms (994 modules)
 ✓ Compiled in 146ms (994 modules)
 ✓ Compiled in 176ms (994 modules)
 ✓ Compiled in 136ms (994 modules)
 ✓ Compiled in 136ms (994 modules)
 ✓ Compiled in 129ms (994 modules)
 ✓ Compiled in 140ms (994 modules)
 ✓ Compiled in 133ms (994 modules)
 ✓ Compiled in 146ms (994 modules)
 ✓ Compiled in 147ms (994 modules)
 ✓ Compiled in 146ms (994 modules)
 ✓ Compiled in 135ms (994 modules)
 ✓ Compiled in 159ms (994 modules)
 ✓ Compiled in 157ms (994 modules)
 ✓ Compiled in 145ms (994 modules)
 ✓ Compiled in 167ms (994 modules)
 ✓ Compiled in 145ms (994 modules)
 ✓ Compiled in 137ms (994 modules)
 ✓ Compiled in 127ms (994 modules)
 ✓ Compiled in 127ms (994 modules)
 ✓ Compiled in 133ms (994 modules)
 ✓ Compiled in 133ms (994 modules)
 ✓ Compiled in 155ms (994 modules)
 ✓ Compiled in 132ms (994 modules)
 ✓ Compiled in 124ms (994 modules)
 ✓ Compiled in 139ms (994 modules)
 ✓ Compiled in 129ms (994 modules)
 ✓ Compiled in 147ms (994 modules)
 ✓ Compiled in 173ms (994 modules)
 ✓ Compiled in 142ms (994 modules)
 ✓ Compiled in 150ms (994 modules)
 ✓ Compiled in 140ms (994 modules)
 ✓ Compiled in 140ms (994 modules)
 ✓ Compiled in 158ms (994 modules)
 ✓ Compiled in 152ms (994 modules)
 ✓ Compiled in 130ms (994 modules)
 ✓ Compiled in 151ms (994 modules)
 ✓ Compiled in 144ms (994 modules)
 ✓ Compiled in 129ms (994 modules)
 ✓ Compiled in 133ms (994 modules)
 ✓ Compiled in 138ms (994 modules)
 ✓ Compiled in 211ms (994 modules)
 ✓ Compiled in 146ms (994 modules)
 ✓ Compiled in 155ms (994 modules)
 GET / 200 in 585ms
 ✓ Compiled in 1392ms (994 modules)
 ✓ Compiled in 140ms (994 modules)
 ✓ Compiled in 151ms (994 modules)
 ✓ Compiled in 151ms (994 modules)
 ✓ Compiled in 175ms (994 modules)
 ✓ Compiled in 155ms (994 modules)
 ✓ Compiled in 130ms (994 modules)
 ✓ Compiled in 156ms (994 modules)
 ✓ Compiled in 164ms (994 modules)
 ✓ Compiled in 153ms (994 modules)
 ✓ Compiled in 181ms (994 modules)
 ✓ Compiled in 155ms (994 modules)
 ✓ Compiled in 150ms (994 modules)
 ✓ Compiled in 144ms (994 modules)
 ✓ Compiled in 136ms (994 modules)
 ✓ Compiled in 132ms (994 modules)
 ✓ Compiled in 137ms (994 modules)
 ✓ Compiled in 136ms (994 modules)
 ✓ Compiled in 143ms (994 modules)
 ✓ Compiled in 135ms (994 modules)
 ✓ Compiled in 133ms (994 modules)
 ✓ Compiled in 136ms (994 modules)
 ✓ Compiled in 143ms (994 modules)
 ✓ Compiled in 164ms (994 modules)
 ✓ Compiled in 132ms (994 modules)
 ✓ Compiled in 147ms (994 modules)
 ✓ Compiled in 154ms (994 modules)
 ✓ Compiled in 137ms (994 modules)
 ✓ Compiled in 151ms (994 modules)
 ✓ Compiled in 139ms (994 modules)
 ✓ Compiled in 137ms (994 modules)
 ✓ Compiled in 161ms (994 modules)
 ✓ Compiled in 143ms (994 modules)
 ✓ Compiled in 125ms (994 modules)
 ✓ Compiled in 140ms (994 modules)
 ✓ Compiled in 142ms (994 modules)
 ✓ Compiled in 174ms (994 modules)
 ✓ Compiled in 134ms (994 modules)
 ✓ Compiled in 139ms (994 modules)
 ✓ Compiled in 130ms (994 modules)
 ✓ Compiled in 134ms (994 modules)
 ✓ Compiled in 146ms (994 modules)
 ✓ Compiled in 134ms (994 modules)
 ✓ Compiled in 126ms (994 modules)
 ✓ Compiled in 143ms (994 modules)
 ✓ Compiled in 131ms (994 modules)
 ✓ Compiled in 126ms (994 modules)
 ✓ Compiled in 132ms (994 modules)
 ✓ Compiled in 136ms (994 modules)
 ✓ Compiled in 179ms (994 modules)
 ✓ Compiled in 152ms (994 modules)
 ✓ Compiled in 159ms (994 modules)
 ✓ Compiled in 159ms (994 modules)
 ✓ Compiled in 167ms (994 modules)
 ✓ Compiled in 180ms (994 modules)
 ✓ Compiled in 193ms (994 modules)
 ✓ Compiled in 178ms (994 modules)
 ✓ Compiled in 165ms (994 modules)
 ✓ Compiled in 142ms (994 modules)
 ✓ Compiled in 127ms (994 modules)
 ✓ Compiled in 130ms (994 modules)
 ✓ Compiled in 171ms (994 modules)
 ✓ Compiled in 209ms (994 modules)
 ✓ Compiled in 155ms (994 modules)
 ✓ Compiled in 139ms (994 modules)
 ✓ Compiled in 153ms (994 modules)
 ✓ Compiled in 234ms (994 modules)
 ✓ Compiled in 591ms (994 modules)
 ✓ Compiled in 224ms (994 modules)
 GET / 200 in 868ms
 ✓ Compiled in 374ms (994 modules)
 ✓ Compiled in 149ms (994 modules)
 ✓ Compiled in 145ms (994 modules)
 ✓ Compiled in 159ms (994 modules)
 ✓ Compiled in 159ms (994 modules)
 ✓ Compiled in 180ms (994 modules)
 ✓ Compiled in 155ms (994 modules)
 ✓ Compiled in 166ms (994 modules)
 ✓ Compiled in 152ms (994 modules)
 ✓ Compiled in 146ms (994 modules)
 ✓ Compiled in 150ms (994 modules)
 ✓ Compiled in 141ms (994 modules)
 ✓ Compiled in 143ms (994 modules)
 ✓ Compiled in 140ms (994 modules)
 ✓ Compiled in 149ms (994 modules)
 ✓ Compiled in 134ms (994 modules)
 ✓ Compiled in 152ms (994 modules)
 ✓ Compiled in 184ms (994 modules)
 ✓ Compiled in 192ms (994 modules)
 ✓ Compiled in 152ms (994 modules)
 ✓ Compiled in 174ms (994 modules)
 ✓ Compiled in 178ms (994 modules)
 ✓ Compiled in 159ms (994 modules)
 ✓ Compiled in 147ms (994 modules)
 ✓ Compiled in 163ms (994 modules)
 ✓ Compiled in 162ms (994 modules)
 ✓ Compiled in 146ms (994 modules)
 ✓ Compiled in 144ms (994 modules)
 ✓ Compiled in 141ms (994 modules)
 ✓ Compiled in 164ms (994 modules)
 ✓ Compiled in 177ms (994 modules)
 ✓ Compiled in 177ms (994 modules)
 ✓ Compiled in 148ms (994 modules)
 ✓ Compiled in 151ms (994 modules)
 ✓ Compiled in 149ms (994 modules)
 ✓ Compiled in 148ms (994 modules)
 ✓ Compiled in 166ms (994 modules)
 ✓ Compiled in 138ms (994 modules)
 ✓ Compiled in 145ms (994 modules)
 ✓ Compiled in 152ms (994 modules)
 ✓ Compiled in 155ms (994 modules)
 ✓ Compiled in 134ms (994 modules)
 ✓ Compiled in 170ms (994 modules)
 ✓ Compiled in 230ms (994 modules)
 ✓ Compiled in 193ms (994 modules)
 ✓ Compiled in 163ms (994 modules)
 ✓ Compiled in 175ms (994 modules)
 ✓ Compiled in 165ms (994 modules)
 ✓ Compiled in 148ms (994 modules)
 ✓ Compiled in 286ms (994 modules)
 ✓ Compiled in 138ms (994 modules)
 ✓ Compiled in 157ms (994 modules)
 ✓ Compiled in 146ms (994 modules)
 ✓ Compiled in 143ms (994 modules)
 ✓ Compiled in 139ms (994 modules)
 ✓ Compiled in 145ms (994 modules)
 ✓ Compiled in 170ms (994 modules)
 ✓ Compiled in 188ms (994 modules)
 ✓ Compiled in 144ms (994 modules)
 ✓ Compiled in 157ms (994 modules)
 ✓ Compiled in 148ms (994 modules)
 ✓ Compiled in 149ms (994 modules)
 ✓ Compiled in 148ms (994 modules)
 ✓ Compiled in 159ms (994 modules)
 ✓ Compiled in 175ms (994 modules)
 ✓ Compiled in 164ms (994 modules)
 ✓ Compiled in 160ms (994 modules)
 ✓ Compiled in 157ms (994 modules)
 ✓ Compiled in 147ms (994 modules)
 ✓ Compiled in 168ms (994 modules)
 ✓ Compiled in 184ms (994 modules)
 ✓ Compiled in 146ms (994 modules)
 ✓ Compiled in 147ms (994 modules)
 ✓ Compiled in 149ms (994 modules)
 ✓ Compiled in 142ms (994 modules)
 ✓ Compiled in 156ms (994 modules)
 ✓ Compiled in 139ms (994 modules)
 ✓ Compiled in 136ms (994 modules)
 ✓ Compiled in 145ms (994 modules)
 ✓ Compiled in 142ms (994 modules)
 ✓ Compiled in 131ms (994 modules)
 ✓ Compiled in 138ms (994 modules)
 ✓ Compiled in 149ms (994 modules)
 ✓ Compiled in 209ms (994 modules)
 ✓ Compiled in 145ms (994 modules)
 ✓ Compiled in 186ms (994 modules)
 ✓ Compiled in 180ms (994 modules)
 ✓ Compiled in 147ms (994 modules)
 ✓ Compiled in 170ms (994 modules)
 ✓ Compiled in 170ms (994 modules)
 ✓ Compiled in 166ms (994 modules)
 ✓ Compiled in 154ms (994 modules)
 ✓ Compiled in 148ms (994 modules)
 ✓ Compiled in 141ms (994 modules)
 ✓ Compiled in 153ms (994 modules)
 ✓ Compiled in 157ms (994 modules)
 ✓ Compiled in 184ms (994 modules)
 ✓ Compiled in 138ms (994 modules)
 ✓ Compiled in 153ms (994 modules)
 ✓ Compiled in 149ms (994 modules)
 ✓ Compiled in 140ms (994 modules)
 ✓ Compiled in 141ms (994 modules)
 ✓ Compiled in 152ms (994 modules)
 ✓ Compiled in 153ms (994 modules)
 ✓ Compiled in 151ms (994 modules)
 ✓ Compiled in 143ms (994 modules)
 ✓ Compiled in 137ms (994 modules)
 ✓ Compiled in 172ms (994 modules)
 ✓ Compiled in 178ms (994 modules)
 ✓ Compiled in 219ms (994 modules)
 ✓ Compiled in 182ms (994 modules)
 ✓ Compiled in 161ms (994 modules)
 ✓ Compiled in 152ms (994 modules)
 ✓ Compiled in 340ms (994 modules)
 ✓ Compiled in 529ms (994 modules)
 ✓ Compiled in 146ms (994 modules)
 ✓ Compiled in 148ms (994 modules)
 ✓ Compiled in 146ms (994 modules)
 ✓ Compiled in 163ms (994 modules)
 ✓ Compiled in 148ms (994 modules)
 ✓ Compiled in 138ms (994 modules)
 ✓ Compiled in 137ms (994 modules)
 ✓ Compiled in 139ms (994 modules)
 ✓ Compiled in 144ms (994 modules)
 ✓ Compiled in 146ms (994 modules)
 ✓ Compiled in 167ms (994 modules)
 ✓ Compiled in 181ms (994 modules)
 ✓ Compiled in 215ms (994 modules)
 ✓ Compiled in 145ms (994 modules)
 ✓ Compiled in 170ms (994 modules)
 ✓ Compiled in 167ms (994 modules)
 ✓ Compiled in 138ms (994 modules)
 ✓ Compiled in 143ms (994 modules)
 ✓ Compiled in 144ms (994 modules)
 ✓ Compiled in 135ms (994 modules)
 ✓ Compiled in 143ms (994 modules)
 ✓ Compiled in 140ms (994 modules)
 ✓ Compiled in 135ms (994 modules)
 ✓ Compiled in 134ms (994 modules)
 ✓ Compiled in 152ms (994 modules)
 ✓ Compiled in 187ms (994 modules)
 ✓ Compiled in 142ms (994 modules)
 ✓ Compiled in 147ms (994 modules)
 ✓ Compiled in 144ms (994 modules)
 ✓ Compiled in 143ms (994 modules)
 ✓ Compiled in 138ms (994 modules)
 ✓ Compiled in 145ms (994 modules)
 ✓ Compiled in 139ms (994 modules)
 ✓ Compiled in 173ms (994 modules)
 ✓ Compiled in 186ms (994 modules)
 ✓ Compiled in 142ms (994 modules)
 ✓ Compiled in 151ms (994 modules)
 ✓ Compiled in 168ms (994 modules)
 ✓ Compiled in 215ms (994 modules)
 ✓ Compiled in 143ms (994 modules)
 ✓ Compiled in 156ms (994 modules)
 ✓ Compiled in 147ms (994 modules)
 ✓ Compiled in 142ms (994 modules)
 ✓ Compiled in 153ms (994 modules)
 ✓ Compiled in 161ms (994 modules)
 ✓ Compiled in 138ms (994 modules)
 ✓ Compiled in 146ms (994 modules)
 ✓ Compiled in 136ms (994 modules)
 ✓ Compiled in 146ms (994 modules)
 ✓ Compiled in 153ms (994 modules)
 ✓ Compiled in 143ms (994 modules)
 ✓ Compiled in 193ms (994 modules)
 ✓ Compiled in 157ms (994 modules)
 ✓ Compiled in 156ms (994 modules)
 ✓ Compiled in 164ms (994 modules)
 ✓ Compiled in 166ms (994 modules)
 ✓ Compiled in 175ms (994 modules)
 ✓ Compiled in 140ms (994 modules)
 ✓ Compiled in 171ms (994 modules)
 ✓ Compiled in 174ms (994 modules)
 ✓ Compiled in 138ms (994 modules)
 ✓ Compiled in 137ms (994 modules)
 ✓ Compiled in 142ms (994 modules)
 ✓ Compiled in 158ms (994 modules)
 ✓ Compiled in 183ms (994 modules)
 ✓ Compiled in 165ms (994 modules)
 ✓ Compiled in 156ms (994 modules)
 ✓ Compiled in 155ms (994 modules)
 ✓ Compiled in 141ms (994 modules)
 ✓ Compiled in 138ms (994 modules)
 ✓ Compiled in 149ms (994 modules)
 ✓ Compiled in 143ms (994 modules)
 ✓ Compiled in 138ms (994 modules)
 ✓ Compiled in 150ms (994 modules)
 ✓ Compiled in 151ms (994 modules)
 ✓ Compiled in 148ms (994 modules)
 ✓ Compiled in 156ms (994 modules)
 ✓ Compiled in 249ms (994 modules)
 ✓ Compiled in 173ms (994 modules)
 ✓ Compiled in 142ms (994 modules)
 ✓ Compiled in 174ms (994 modules)
 ✓ Compiled in 160ms (994 modules)
 ✓ Compiled in 146ms (994 modules)
 ✓ Compiled in 150ms (994 modules)
 ✓ Compiled in 140ms (994 modules)
 ✓ Compiled in 148ms (994 modules)
 ✓ Compiled in 150ms (994 modules)
 ✓ Compiled in 147ms (994 modules)
 ✓ Compiled in 156ms (994 modules)
 ✓ Compiled in 149ms (994 modules)
 ✓ Compiled in 196ms (994 modules)
 ✓ Compiled in 140ms (994 modules)
 ✓ Compiled in 140ms (994 modules)
 ✓ Compiled in 153ms (994 modules)
 ✓ Compiled in 151ms (994 modules)
 ✓ Compiled in 148ms (994 modules)
 ✓ Compiled in 150ms (994 modules)
 ✓ Compiled in 149ms (994 modules)
 ✓ Compiled in 158ms (994 modules)
 ✓ Compiled in 181ms (994 modules)
 ✓ Compiled in 162ms (994 modules)
 ✓ Compiled in 144ms (994 modules)
 ✓ Compiled in 180ms (994 modules)
 ✓ Compiled in 223ms (994 modules)
 ✓ Compiled in 146ms (994 modules)
 ✓ Compiled in 140ms (994 modules)
 ✓ Compiled in 153ms (994 modules)
 ✓ Compiled in 142ms (994 modules)
 ✓ Compiled in 142ms (994 modules)
 ✓ Compiled in 146ms (994 modules)
 ✓ Compiled in 138ms (994 modules)
 ✓ Compiled in 139ms (994 modules)
 ✓ Compiled in 138ms (994 modules)
 ✓ Compiled in 142ms (994 modules)
 ✓ Compiled in 145ms (994 modules)
 ✓ Compiled in 148ms (994 modules)
 ✓ Compiled in 193ms (994 modules)
 ✓ Compiled in 151ms (994 modules)
 ✓ Compiled in 154ms (994 modules)
 ✓ Compiled in 157ms (994 modules)
 ✓ Compiled in 164ms (994 modules)
 ✓ Compiled in 188ms (994 modules)
 ✓ Compiled in 172ms (994 modules)
 ✓ Compiled in 147ms (994 modules)
 ✓ Compiled in 179ms (994 modules)
 ✓ Compiled in 159ms (994 modules)
 ✓ Compiled in 148ms (994 modules)
 ✓ Compiled in 147ms (994 modules)
 ✓ Compiled in 152ms (994 modules)
 ✓ Compiled in 184ms (994 modules)
 ✓ Compiled in 137ms (994 modules)
 ✓ Compiled in 144ms (994 modules)
 ✓ Compiled in 148ms (994 modules)
 ✓ Compiled in 162ms (994 modules)
 ✓ Compiled in 142ms (994 modules)
 ✓ Compiled in 140ms (994 modules)
 ✓ Compiled in 140ms (994 modules)
 ✓ Compiled in 134ms (994 modules)
 ✓ Compiled in 148ms (994 modules)
 ✓ Compiled in 142ms (994 modules)
 ✓ Compiled in 141ms (994 modules)
 ✓ Compiled in 186ms (994 modules)
 ✓ Compiled in 189ms (994 modules)
 ✓ Compiled in 171ms (994 modules)
 ✓ Compiled in 158ms (994 modules)
 ✓ Compiled in 161ms (994 modules)
 ✓ Compiled in 164ms (994 modules)
 ✓ Compiled in 188ms (994 modules)
 ✓ Compiled in 137ms (994 modules)
 ✓ Compiled in 163ms (994 modules)
 ✓ Compiled in 165ms (994 modules)
 ✓ Compiled in 147ms (994 modules)
 ✓ Compiled in 135ms (994 modules)
 ✓ Compiled in 145ms (994 modules)
 ✓ Compiled in 163ms (994 modules)
 ✓ Compiled in 190ms (994 modules)
 ✓ Compiled in 147ms (994 modules)
 ✓ Compiled in 162ms (994 modules)
 ✓ Compiled in 137ms (994 modules)
 ✓ Compiled in 144ms (994 modules)
 ✓ Compiled in 148ms (994 modules)
 ✓ Compiled in 151ms (994 modules)
 ✓ Compiled in 138ms (994 modules)
 ✓ Compiled in 143ms (994 modules)
 ✓ Compiled in 144ms (994 modules)
 ✓ Compiled in 141ms (994 modules)
 ✓ Compiled in 143ms (994 modules)
 ✓ Compiled in 147ms (994 modules)
 ✓ Compiled in 247ms (994 modules)
 ✓ Compiled in 180ms (994 modules)
 ✓ Compiled in 147ms (994 modules)
 ✓ Compiled in 166ms (994 modules)
 ✓ Compiled in 159ms (994 modules)
 ✓ Compiled in 151ms (994 modules)
 ✓ Compiled in 153ms (994 modules)
 ✓ Compiled in 145ms (994 modules)
 ✓ Compiled in 149ms (994 modules)
 ✓ Compiled in 131ms (994 modules)
 ✓ Compiled in 145ms (994 modules)
 ✓ Compiled in 150ms (994 modules)
 ✓ Compiled in 184ms (994 modules)
 ✓ Compiled in 185ms (994 modules)
 ✓ Compiled in 151ms (994 modules)
 ✓ Compiled in 141ms (994 modules)
 ✓ Compiled in 151ms (994 modules)
 ✓ Compiled in 141ms (994 modules)
 ✓ Compiled in 152ms (994 modules)
 ✓ Compiled in 153ms (994 modules)
 ✓ Compiled in 156ms (994 modules)
 ✓ Compiled in 156ms (994 modules)
 ✓ Compiled in 166ms (994 modules)
 ✓ Compiled in 167ms (994 modules)
 ✓ Compiled in 176ms (994 modules)
 ✓ Compiled in 188ms (994 modules)
 ✓ Compiled in 260ms (994 modules)
 ✓ Compiled in 166ms (994 modules)
 ✓ Compiled in 169ms (994 modules)
 ✓ Compiled in 152ms (994 modules)
 ✓ Compiled in 155ms (994 modules)
 ✓ Compiled in 157ms (994 modules)
 ✓ Compiled in 167ms (994 modules)
 ✓ Compiled in 154ms (994 modules)
 ✓ Compiled in 137ms (994 modules)
 ✓ Compiled in 132ms (994 modules)
 ✓ Compiled in 148ms (994 modules)
 ✓ Compiled in 145ms (994 modules)
 ✓ Compiled in 145ms (994 modules)
 ✓ Compiled in 182ms (994 modules)
 ✓ Compiled in 153ms (994 modules)
 ✓ Compiled in 176ms (994 modules)
 ✓ Compiled in 207ms (994 modules)
 ✓ Compiled in 182ms (994 modules)
 ✓ Compiled in 179ms (994 modules)
 ✓ Compiled in 164ms (994 modules)
 ✓ Compiled in 191ms (994 modules)
 ✓ Compiled in 169ms (994 modules)
 ✓ Compiled in 138ms (994 modules)
 ✓ Compiled in 154ms (994 modules)
 ✓ Compiled in 170ms (994 modules)
 ✓ Compiled in 194ms (994 modules)
 ✓ Compiled in 611ms (994 modules)
 ✓ Compiled in 163ms (994 modules)
 GET / 200 in 886ms
 ✓ Compiled in 145ms (994 modules)
 ✓ Compiled in 141ms (994 modules)
 ✓ Compiled in 142ms (994 modules)
 ✓ Compiled in 133ms (994 modules)
 ✓ Compiled in 137ms (994 modules)
 ✓ Compiled in 145ms (994 modules)
 ✓ Compiled in 181ms (994 modules)
 ✓ Compiled in 221ms (994 modules)
 ✓ Compiled in 184ms (994 modules)
 ✓ Compiled in 235ms (994 modules)
 ✓ Compiled in 237ms (994 modules)
 GET / 500 in 429ms
 ✓ Compiled in 516ms (2151 modules)
 ✓ Compiled in 171ms (994 modules)
 GET / 200 in 144ms
 ✓ Compiled in 1000ms (994 modules)
 GET / 500 in 733ms
 GET / 200 in 16ms
 ✓ Compiled in 937ms (994 modules)
 ✓ Compiled in 200ms (994 modules)
 GET / 200 in 1117ms
 ✓ Compiled in 154ms (994 modules)
 ✓ Compiled in 156ms (994 modules)
 ✓ Compiled in 149ms (994 modules)
 ✓ Compiled in 141ms (994 modules)
 ✓ Compiled in 135ms (994 modules)
 ✓ Compiled in 163ms (994 modules)
 ✓ Compiled in 195ms (994 modules)
 ✓ Compiled in 158ms (994 modules)
 ✓ Compiled in 170ms (994 modules)
 ✓ Compiled in 147ms (994 modules)
 ✓ Compiled in 374ms (994 modules)
 ✓ Compiled in 379ms (994 modules)
 ✓ Compiled in 148ms (994 modules)
 ✓ Compiled in 155ms (994 modules)
 ✓ Compiled in 148ms (994 modules)
 ✓ Compiled in 164ms (994 modules)
 ✓ Compiled in 216ms (994 modules)
 ✓ Compiled in 174ms (994 modules)
 ✓ Compiled in 167ms (994 modules)
 ✓ Compiled in 143ms (994 modules)
 ✓ Compiled in 171ms (994 modules)
 ✓ Compiled in 185ms (994 modules)
 ✓ Compiled in 151ms (994 modules)
 ✓ Compiled in 152ms (994 modules)
 ✓ Compiled in 162ms (994 modules)
 ✓ Compiled in 173ms (994 modules)
 ✓ Compiled in 142ms (994 modules)
 ✓ Compiled in 146ms (994 modules)
 ✓ Compiled in 165ms (994 modules)
 ✓ Compiled in 185ms (994 modules)
 ✓ Compiled in 155ms (994 modules)
 ✓ Compiled in 155ms (994 modules)
 ✓ Compiled in 152ms (994 modules)
 ✓ Compiled in 155ms (994 modules)
 ✓ Compiled in 150ms (994 modules)
 ✓ Compiled in 142ms (994 modules)
 ✓ Compiled in 145ms (994 modules)
 ✓ Compiled in 156ms (994 modules)
 ✓ Compiled in 141ms (994 modules)
 ✓ Compiled in 144ms (994 modules)
 ✓ Compiled in 167ms (994 modules)
 ✓ Compiled in 148ms (994 modules)
 ✓ Compiled in 228ms (994 modules)
 ✓ Compiled in 198ms (994 modules)
 ✓ Compiled in 160ms (994 modules)
 ✓ Compiled in 172ms (994 modules)
 ✓ Compiled in 179ms (994 modules)
 ✓ Compiled in 143ms (994 modules)
 ✓ Compiled in 146ms (994 modules)
 ✓ Compiled in 136ms (994 modules)
 ✓ Compiled in 139ms (994 modules)
 ✓ Compiled in 135ms (994 modules)
 ✓ Compiled in 137ms (994 modules)
 ✓ Compiled in 138ms (994 modules)
 ✓ Compiled in 145ms (994 modules)
 ✓ Compiled in 195ms (994 modules)
 ✓ Compiled in 159ms (994 modules)
 ✓ Compiled in 151ms (994 modules)
 ✓ Compiled in 141ms (994 modules)
 ✓ Compiled in 153ms (994 modules)
 ✓ Compiled in 141ms (994 modules)
 ✓ Compiled in 145ms (994 modules)
 ✓ Compiled in 154ms (994 modules)
 ✓ Compiled in 146ms (994 modules)
 ✓ Compiled in 175ms (994 modules)
 ✓ Compiled in 165ms (994 modules)
 ✓ Compiled in 141ms (994 modules)
 ✓ Compiled in 180ms (994 modules)
 ✓ Compiled in 225ms (994 modules)
 ✓ Compiled in 165ms (994 modules)
 ✓ Compiled in 152ms (994 modules)
 ✓ Compiled in 152ms (994 modules)
 ✓ Compiled in 143ms (994 modules)
 ✓ Compiled in 154ms (994 modules)
 ✓ Compiled in 144ms (994 modules)
 ✓ Compiled in 140ms (994 modules)
 ✓ Compiled in 137ms (994 modules)
 ✓ Compiled in 150ms (994 modules)
 ✓ Compiled in 136ms (994 modules)
 ✓ Compiled in 140ms (994 modules)
 ✓ Compiled in 139ms (994 modules)
 ✓ Compiled in 196ms (994 modules)
 ✓ Compiled in 156ms (994 modules)
 ✓ Compiled in 152ms (994 modules)
 ✓ Compiled in 152ms (994 modules)
 ✓ Compiled in 160ms (994 modules)
 ✓ Compiled in 169ms (994 modules)
 ✓ Compiled in 183ms (994 modules)
 ✓ Compiled in 160ms (994 modules)
 ✓ Compiled in 189ms (994 modules)
 ✓ Compiled in 177ms (994 modules)
 ✓ Compiled in 153ms (994 modules)
 ✓ Compiled in 170ms (994 modules)
 ✓ Compiled in 175ms (994 modules)
 ✓ Compiled in 194ms (994 modules)
 ✓ Compiled in 197ms (994 modules)
 ✓ Compiled in 192ms (994 modules)
 ✓ Compiled in 164ms (994 modules)
 ✓ Compiled in 151ms (994 modules)
 ✓ Compiled in 159ms (994 modules)
 ✓ Compiled in 146ms (994 modules)
 ✓ Compiled in 141ms (994 modules)
 ✓ Compiled in 144ms (994 modules)
 ✓ Compiled in 134ms (994 modules)
 ✓ Compiled in 145ms (994 modules)
 ✓ Compiled in 136ms (994 modules)
 ✓ Compiled in 210ms (994 modules)
 ✓ Compiled in 220ms (994 modules)
 ✓ Compiled in 164ms (994 modules)
 ✓ Compiled in 164ms (994 modules)
 ✓ Compiled in 177ms (994 modules)
 ✓ Compiled in 148ms (994 modules)
 ✓ Compiled in 156ms (994 modules)
 ✓ Compiled in 137ms (994 modules)
 ✓ Compiled in 143ms (994 modules)
 ✓ Compiled in 137ms (994 modules)
 ✓ Compiled in 131ms (994 modules)
 ✓ Compiled in 133ms (994 modules)
 ✓ Compiled in 147ms (994 modules)
 ✓ Compiled in 144ms (994 modules)
 ✓ Compiled in 200ms (994 modules)
 ✓ Compiled in 147ms (994 modules)
 ✓ Compiled in 153ms (994 modules)
 ✓ Compiled in 144ms (994 modules)
 ✓ Compiled in 143ms (994 modules)
 ✓ Compiled in 143ms (994 modules)
 ✓ Compiled in 155ms (994 modules)
 ✓ Compiled in 145ms (994 modules)
 ✓ Compiled in 175ms (994 modules)
 ✓ Compiled in 164ms (994 modules)
 ✓ Compiled in 167ms (994 modules)
 ✓ Compiled in 136ms (994 modules)
 ✓ Compiled in 206ms (994 modules)
 ✓ Compiled in 210ms (994 modules)
 ✓ Compiled in 152ms (994 modules)
 ✓ Compiled in 141ms (994 modules)
 ✓ Compiled in 153ms (994 modules)
 ✓ Compiled in 140ms (994 modules)
 ✓ Compiled in 142ms (994 modules)
 ✓ Compiled in 141ms (994 modules)
 ✓ Compiled in 144ms (994 modules)
 ✓ Compiled in 143ms (994 modules)
 ✓ Compiled in 142ms (994 modules)
 ✓ Compiled in 144ms (994 modules)
 ✓ Compiled in 137ms (994 modules)
 ✓ Compiled in 171ms (994 modules)
 ✓ Compiled in 190ms (994 modules)
 ✓ Compiled in 150ms (994 modules)
 ✓ Compiled in 161ms (994 modules)
 ✓ Compiled in 142ms (994 modules)
 ✓ Compiled in 184ms (994 modules)
 ✓ Compiled in 168ms (994 modules)
 ✓ Compiled in 156ms (994 modules)
 ✓ Compiled in 142ms (994 modules)
 ✓ Compiled in 186ms (994 modules)
 ✓ Compiled in 160ms (994 modules)
 ✓ Compiled in 138ms (994 modules)
 ✓ Compiled in 148ms (994 modules)
 ✓ Compiled in 147ms (994 modules)
 ✓ Compiled in 186ms (994 modules)
 ✓ Compiled in 154ms (994 modules)
 ✓ Compiled in 166ms (994 modules)
 ✓ Compiled in 145ms (994 modules)
 ✓ Compiled in 135ms (994 modules)
 ✓ Compiled in 157ms (994 modules)
 ✓ Compiled in 159ms (994 modules)
 ✓ Compiled in 135ms (994 modules)
 ✓ Compiled in 141ms (994 modules)
 ✓ Compiled in 146ms (994 modules)
 ✓ Compiled in 132ms (994 modules)
 ✓ Compiled in 150ms (994 modules)
 ✓ Compiled in 145ms (994 modules)
 ✓ Compiled in 230ms (994 modules)
 ✓ Compiled in 179ms (994 modules)
 ✓ Compiled in 159ms (994 modules)
 ✓ Compiled in 149ms (994 modules)
 ✓ Compiled in 170ms (994 modules)
 ✓ Compiled in 168ms (994 modules)
 ✓ Compiled in 146ms (994 modules)
 ✓ Compiled in 148ms (994 modules)
 ✓ Compiled in 142ms (994 modules)
 ✓ Compiled in 145ms (994 modules)
 ✓ Compiled in 139ms (994 modules)
 ✓ Compiled in 147ms (994 modules)
 ✓ Compiled in 178ms (994 modules)
 ✓ Compiled in 178ms (994 modules)
 ✓ Compiled in 163ms (994 modules)
 ✓ Compiled in 152ms (994 modules)
 ✓ Compiled in 145ms (994 modules)
 ✓ Compiled in 154ms (994 modules)
 ✓ Compiled in 148ms (994 modules)
 ✓ Compiled in 146ms (994 modules)
 ✓ Compiled in 154ms (994 modules)
 ✓ Compiled in 145ms (994 modules)
 ✓ Compiled in 178ms (994 modules)
 ✓ Compiled in 153ms (994 modules)
 ✓ Compiled in 147ms (994 modules)
 ✓ Compiled in 180ms (994 modules)
 ✓ Compiled in 273ms (994 modules)
 ✓ Compiled in 193ms (994 modules)
 ✓ Compiled in 163ms (994 modules)
 ✓ Compiled in 178ms (994 modules)
 ✓ Compiled in 156ms (994 modules)
 ✓ Compiled in 154ms (994 modules)
 ✓ Compiled in 148ms (994 modules)
 ✓ Compiled in 156ms (994 modules)
 ✓ Compiled in 162ms (994 modules)
 ✓ Compiled in 146ms (994 modules)
 ✓ Compiled in 147ms (994 modules)
 ✓ Compiled in 141ms (994 modules)
 ✓ Compiled in 209ms (994 modules)
 ✓ Compiled in 157ms (994 modules)
 ✓ Compiled in 145ms (994 modules)
 ✓ Compiled in 164ms (994 modules)
 ✓ Compiled in 160ms (994 modules)
 ✓ Compiled in 207ms (994 modules)
 ✓ Compiled in 195ms (994 modules)
 ✓ Compiled in 164ms (994 modules)
 ✓ Compiled in 169ms (994 modules)
 ✓ Compiled in 180ms (994 modules)
 ✓ Compiled in 148ms (994 modules)
 ✓ Compiled in 149ms (994 modules)
 ✓ Compiled in 177ms (994 modules)
 ✓ Compiled in 136ms (994 modules)
 ✓ Compiled in 146ms (994 modules)
 ✓ Compiled in 146ms (994 modules)
 ✓ Compiled in 153ms (994 modules)
 ✓ Compiled in 146ms (994 modules)
 ✓ Compiled in 148ms (994 modules)
 ✓ Compiled in 153ms (994 modules)
 ✓ Compiled in 157ms (994 modules)
 ✓ Compiled in 141ms (994 modules)
 ✓ Compiled in 136ms (994 modules)
 ✓ Compiled in 142ms (994 modules)
 ✓ Compiled in 200ms (994 modules)
 ✓ Compiled in 182ms (994 modules)
 ✓ Compiled in 176ms (994 modules)
 ✓ Compiled in 178ms (994 modules)
 ✓ Compiled in 171ms (994 modules)
 ✓ Compiled in 159ms (994 modules)
 ✓ Compiled in 162ms (994 modules)
 ✓ Compiled in 152ms (994 modules)
 ✓ Compiled in 137ms (994 modules)
 ✓ Compiled in 144ms (994 modules)
 ✓ Compiled in 147ms (994 modules)
 ✓ Compiled in 142ms (994 modules)
 ✓ Compiled in 148ms (994 modules)
 ✓ Compiled in 343ms (994 modules)
 ✓ Compiled in 167ms (994 modules)
 ✓ Compiled in 145ms (994 modules)
 ✓ Compiled in 149ms (994 modules)
 ✓ Compiled in 150ms (994 modules)
 ✓ Compiled in 148ms (994 modules)
 ✓ Compiled in 136ms (994 modules)
 ✓ Compiled in 154ms (994 modules)
 ✓ Compiled in 161ms (994 modules)
 ✓ Compiled in 143ms (994 modules)
 ✓ Compiled in 179ms (994 modules)
 ✓ Compiled in 190ms (994 modules)
 ✓ Compiled in 154ms (994 modules)
 ✓ Compiled in 175ms (994 modules)
 ✓ Compiled in 246ms (994 modules)
 ✓ Compiled in 176ms (994 modules)
 ✓ Compiled in 149ms (994 modules)
 ✓ Compiled in 135ms (994 modules)
 ✓ Compiled in 139ms (994 modules)
 ✓ Compiled in 140ms (994 modules)
 ✓ Compiled in 149ms (994 modules)
 ✓ Compiled in 138ms (994 modules)
 ✓ Compiled in 152ms (994 modules)
 ✓ Compiled in 143ms (994 modules)
 ✓ Compiled in 133ms (994 modules)
 ✓ Compiled in 139ms (994 modules)
 ✓ Compiled in 162ms (994 modules)
 ✓ Compiled in 179ms (994 modules)
 ✓ Compiled in 151ms (994 modules)
 ✓ Compiled in 147ms (994 modules)
 ✓ Compiled in 149ms (994 modules)
 ✓ Compiled in 158ms (994 modules)
 ✓ Compiled in 180ms (994 modules)
 ✓ Compiled in 173ms (994 modules)
 ✓ Compiled in 143ms (994 modules)
 ✓ Compiled in 166ms (994 modules)
 ✓ Compiled in 177ms (994 modules)
 ✓ Compiled in 143ms (994 modules)
 ✓ Compiled in 152ms (994 modules)
 ✓ Compiled in 164ms (994 modules)
 ✓ Compiled in 182ms (994 modules)
 ✓ Compiled in 147ms (994 modules)
 ✓ Compiled in 168ms (994 modules)
 ✓ Compiled in 151ms (994 modules)
 ✓ Compiled in 143ms (994 modules)
 ✓ Compiled in 140ms (994 modules)
 ✓ Compiled in 153ms (994 modules)
 ✓ Compiled in 147ms (994 modules)
 ✓ Compiled in 151ms (994 modules)
 ✓ Compiled in 144ms (994 modules)
 ✓ Compiled in 137ms (994 modules)
 ✓ Compiled in 139ms (994 modules)
 ✓ Compiled in 171ms (994 modules)
 ✓ Compiled in 207ms (994 modules)
 ✓ Compiled in 179ms (994 modules)
 ✓ Compiled in 181ms (994 modules)
 ✓ Compiled in 149ms (994 modules)
 ✓ Compiled in 184ms (994 modules)
 ✓ Compiled in 175ms (994 modules)
 ✓ Compiled in 158ms (994 modules)
 ✓ Compiled in 155ms (994 modules)
 ✓ Compiled in 143ms (994 modules)
 ✓ Compiled in 140ms (994 modules)
 ✓ Compiled in 135ms (994 modules)
 ✓ Compiled in 149ms (994 modules)
 ✓ Compiled in 168ms (994 modules)
 ✓ Compiled in 184ms (994 modules)
 ✓ Compiled in 143ms (994 modules)
 ✓ Compiled in 152ms (994 modules)
 ✓ Compiled in 141ms (994 modules)
 ✓ Compiled in 158ms (994 modules)
 ✓ Compiled in 156ms (994 modules)
 ✓ Compiled in 146ms (994 modules)
 ✓ Compiled in 166ms (994 modules)
 ✓ Compiled in 148ms (994 modules)
 ✓ Compiled in 164ms (994 modules)
 ✓ Compiled in 158ms (994 modules)
 ✓ Compiled in 174ms (994 modules)
 ✓ Compiled in 145ms (994 modules)
 ✓ Compiled in 232ms (994 modules)
 ✓ Compiled in 165ms (994 modules)
 ✓ Compiled in 144ms (994 modules)
 ✓ Compiled in 148ms (994 modules)
 ✓ Compiled in 153ms (994 modules)
 ✓ Compiled in 142ms (994 modules)
 ✓ Compiled in 148ms (994 modules)
 ✓ Compiled in 145ms (994 modules)
 ✓ Compiled in 137ms (994 modules)
 ✓ Compiled in 148ms (994 modules)
 ✓ Compiled in 141ms (994 modules)
 ✓ Compiled in 147ms (994 modules)
 ✓ Compiled in 158ms (994 modules)
 ✓ Compiled in 182ms (994 modules)
 ✓ Compiled in 150ms (994 modules)
 ✓ Compiled in 165ms (994 modules)
 ✓ Compiled in 164ms (994 modules)
 ✓ Compiled in 158ms (994 modules)
 ✓ Compiled in 182ms (994 modules)
 ✓ Compiled in 165ms (994 modules)
 ✓ Compiled in 166ms (994 modules)
 ✓ Compiled in 149ms (994 modules)
 ✓ Compiled in 169ms (994 modules)
 ✓ Compiled in 192ms (994 modules)
 ✓ Compiled in 147ms (994 modules)
 ✓ Compiled in 188ms (994 modules)
 ✓ Compiled in 179ms (994 modules)
 ✓ Compiled in 138ms (994 modules)
 ✓ Compiled in 157ms (994 modules)
 ✓ Compiled in 154ms (994 modules)
 ✓ Compiled in 151ms (994 modules)
 ✓ Compiled in 153ms (994 modules)
 ✓ Compiled in 147ms (994 modules)
 ✓ Compiled in 138ms (994 modules)
 ✓ Compiled in 145ms (994 modules)
 ✓ Compiled in 144ms (994 modules)
 ✓ Compiled in 148ms (994 modules)
 ✓ Compiled in 141ms (994 modules)
 ✓ Compiled in 161ms (994 modules)
 ✓ Compiled in 218ms (994 modules)
 ✓ Compiled in 173ms (994 modules)
 ✓ Compiled in 179ms (994 modules)
 ✓ Compiled in 143ms (994 modules)
 ✓ Compiled in 161ms (993 modules)
 ✓ Compiled in 174ms (993 modules)
 ✓ Compiled in 148ms (993 modules)
 ✓ Compiled in 142ms (993 modules)
 ✓ Compiled in 151ms (993 modules)
 ✓ Compiled in 147ms (993 modules)
 ✓ Compiled in 134ms (993 modules)
 ✓ Compiled in 151ms (993 modules)
 ✓ Compiled in 146ms (993 modules)
 ✓ Compiled in 191ms (993 modules)
 ✓ Compiled in 145ms (993 modules)
 ✓ Compiled in 143ms (993 modules)
 ✓ Compiled in 140ms (993 modules)
 ✓ Compiled in 145ms (993 modules)
 ✓ Compiled in 162ms (993 modules)
 ✓ Compiled in 146ms (993 modules)
 ✓ Compiled in 135ms (993 modules)
 ✓ Compiled in 157ms (993 modules)
 ✓ Compiled in 150ms (993 modules)
 ✓ Compiled in 173ms (993 modules)
 ✓ Compiled in 172ms (993 modules)
 ✓ Compiled in 167ms (993 modules)
 ✓ Compiled in 223ms (993 modules)
 ✓ Compiled in 163ms (993 modules)
 ✓ Compiled in 162ms (993 modules)
 ✓ Compiled in 142ms (993 modules)
 ✓ Compiled in 146ms (993 modules)
 ✓ Compiled in 154ms (993 modules)
 ✓ Compiled in 149ms (993 modules)
 ✓ Compiled in 141ms (993 modules)
 ✓ Compiled in 139ms (993 modules)
 ✓ Compiled in 142ms (993 modules)
 ✓ Compiled in 139ms (993 modules)
 ✓ Compiled in 133ms (993 modules)
 ✓ Compiled in 151ms (993 modules)
 ✓ Compiled in 194ms (993 modules)
 ✓ Compiled in 141ms (993 modules)
 ✓ Compiled in 147ms (993 modules)
 ✓ Compiled in 146ms (993 modules)
 ✓ Compiled in 167ms (993 modules)
 ✓ Compiled in 172ms (993 modules)
 ✓ Compiled in 175ms (993 modules)
 ✓ Compiled in 188ms (993 modules)
 ✓ Compiled in 158ms (993 modules)
 ✓ Compiled in 167ms (993 modules)
 ✓ Compiled in 158ms (993 modules)
 ✓ Compiled in 147ms (993 modules)
 ✓ Compiled in 158ms (993 modules)
 ✓ Compiled in 184ms (993 modules)
 ✓ Compiled in 138ms (993 modules)
 ✓ Compiled in 164ms (993 modules)
 ✓ Compiled in 144ms (993 modules)
 ✓ Compiled in 139ms (993 modules)
 ✓ Compiled in 138ms (993 modules)
 ✓ Compiled in 154ms (993 modules)
 ✓ Compiled in 145ms (993 modules)
 ✓ Compiled in 138ms (993 modules)
 ✓ Compiled in 141ms (993 modules)
 ✓ Compiled in 134ms (993 modules)
 ✓ Compiled in 146ms (993 modules)
 ✓ Compiled in 164ms (993 modules)
 ✓ Compiled in 204ms (993 modules)
 ✓ Compiled in 156ms (993 modules)
 ✓ Compiled in 181ms (993 modules)
 ✓ Compiled in 181ms (993 modules)
 ✓ Compiled in 148ms (993 modules)
 ✓ Compiled in 170ms (993 modules)
 ✓ Compiled in 172ms (993 modules)
 ✓ Compiled in 143ms (993 modules)
 ✓ Compiled in 154ms (993 modules)
 ✓ Compiled in 144ms (993 modules)
 ✓ Compiled in 128ms (993 modules)
 ✓ Compiled in 149ms (993 modules)
 ✓ Compiled in 155ms (993 modules)
 ✓ Compiled in 186ms (993 modules)
 ✓ Compiled in 151ms (993 modules)
 ✓ Compiled in 147ms (993 modules)
 ✓ Compiled in 144ms (993 modules)
 ✓ Compiled in 149ms (993 modules)
 ✓ Compiled in 152ms (993 modules)
 ✓ Compiled in 150ms (993 modules)
 ✓ Compiled in 135ms (993 modules)
 ✓ Compiled in 140ms (993 modules)
 ✓ Compiled in 155ms (993 modules)
 ✓ Compiled in 156ms (993 modules)
 ✓ Compiled in 179ms (993 modules)
 ✓ Compiled in 186ms (993 modules)
 ✓ Compiled in 223ms (993 modules)
 ✓ Compiled in 173ms (993 modules)
 ✓ Compiled in 161ms (993 modules)
 ✓ Compiled in 149ms (993 modules)
 ✓ Compiled in 146ms (993 modules)
 ✓ Compiled in 148ms (993 modules)
 ✓ Compiled in 155ms (993 modules)
 ✓ Compiled in 167ms (993 modules)
 ✓ Compiled in 148ms (993 modules)
 ✓ Compiled in 144ms (993 modules)
 ✓ Compiled in 153ms (993 modules)
 ✓ Compiled in 171ms (993 modules)
 ✓ Compiled in 165ms (993 modules)
 ✓ Compiled in 202ms (993 modules)
 ✓ Compiled in 161ms (993 modules)
 ✓ Compiled in 198ms (993 modules)
 ✓ Compiled in 135ms (993 modules)
 ✓ Compiled in 151ms (993 modules)
 ✓ Compiled in 166ms (993 modules)
 ✓ Compiled in 176ms (993 modules)
 ✓ Compiled in 168ms (993 modules)
 ✓ Compiled in 148ms (993 modules)
 ✓ Compiled in 156ms (993 modules)
 ✓ Compiled in 168ms (993 modules)
 ✓ Compiled in 151ms (993 modules)
 ✓ Compiled in 165ms (993 modules)
 ✓ Compiled in 185ms (993 modules)
 ✓ Compiled in 150ms (993 modules)
 ✓ Compiled in 160ms (993 modules)
 ✓ Compiled in 158ms (993 modules)
 ✓ Compiled in 136ms (993 modules)
 ✓ Compiled in 152ms (993 modules)
 ✓ Compiled in 135ms (993 modules)
 ✓ Compiled in 140ms (993 modules)
 ✓ Compiled in 148ms (993 modules)
 ✓ Compiled in 157ms (993 modules)
 ✓ Compiled in 154ms (993 modules)
 ✓ Compiled in 146ms (993 modules)
 ✓ Compiled in 161ms (993 modules)
 ✓ Compiled in 191ms (993 modules)
 ✓ Compiled in 190ms (993 modules)
 ✓ Compiled in 179ms (993 modules)
 ✓ Compiled in 158ms (993 modules)
 ✓ Compiled in 143ms (993 modules)
 ✓ Compiled in 167ms (993 modules)
 ✓ Compiled in 162ms (993 modules)
 ✓ Compiled in 142ms (993 modules)
 ✓ Compiled in 155ms (993 modules)
 ✓ Compiled in 145ms (993 modules)
 ✓ Compiled in 140ms (993 modules)
 ✓ Compiled in 142ms (993 modules)
 ✓ Compiled in 161ms (993 modules)
 ✓ Compiled in 183ms (993 modules)
 ✓ Compiled in 151ms (993 modules)
 ✓ Compiled in 141ms (993 modules)
 ✓ Compiled in 138ms (993 modules)
 ✓ Compiled in 151ms (993 modules)
 ✓ Compiled in 137ms (993 modules)
 ✓ Compiled in 141ms (993 modules)
 ✓ Compiled in 147ms (993 modules)
 ✓ Compiled in 144ms (993 modules)
 ✓ Compiled in 144ms (993 modules)
 ✓ Compiled in 137ms (993 modules)
 ✓ Compiled in 182ms (993 modules)
 ✓ Compiled in 199ms (993 modules)
 ✓ Compiled in 202ms (993 modules)
 ✓ Compiled in 160ms (993 modules)
 ✓ Compiled in 163ms (993 modules)
 ✓ Compiled in 158ms (993 modules)
 ✓ Compiled in 146ms (993 modules)
 ✓ Compiled in 156ms (993 modules)
 ✓ Compiled in 143ms (993 modules)
 ✓ Compiled in 139ms (993 modules)
 ✓ Compiled in 150ms (993 modules)
 ✓ Compiled in 141ms (993 modules)
 ✓ Compiled in 139ms (993 modules)
 ✓ Compiled in 147ms (993 modules)
 ✓ Compiled in 183ms (993 modules)
 ✓ Compiled in 196ms (993 modules)
 ✓ Compiled in 145ms (993 modules)
 ✓ Compiled in 143ms (993 modules)
 ✓ Compiled in 142ms (993 modules)
 ✓ Compiled in 147ms (993 modules)
 ✓ Compiled in 156ms (993 modules)
 ✓ Compiled in 162ms (993 modules)
 ✓ Compiled in 156ms (993 modules)
 ✓ Compiled in 163ms (993 modules)
 ✓ Compiled in 138ms (993 modules)
 ✓ Compiled in 181ms (993 modules)
 ✓ Compiled in 172ms (993 modules)
 ✓ Compiled in 174ms (993 modules)
 ✓ Compiled in 210ms (993 modules)
 ✓ Compiled in 175ms (993 modules)
 ✓ Compiled in 157ms (993 modules)
 ✓ Compiled in 148ms (993 modules)
 ✓ Compiled in 141ms (993 modules)
 ✓ Compiled in 149ms (993 modules)
 ✓ Compiled in 137ms (993 modules)
 ✓ Compiled in 140ms (993 modules)
 ✓ Compiled in 142ms (993 modules)
 ✓ Compiled in 128ms (993 modules)
 ✓ Compiled in 143ms (993 modules)
 ✓ Compiled in 143ms (993 modules)
 ✓ Compiled in 166ms (993 modules)
 ✓ Compiled in 186ms (993 modules)
 ✓ Compiled in 161ms (993 modules)
 ✓ Compiled in 148ms (993 modules)
 ✓ Compiled in 156ms (993 modules)
 ✓ Compiled in 150ms (993 modules)
 ✓ Compiled in 161ms (993 modules)
 ✓ Compiled in 165ms (993 modules)
 ✓ Compiled in 162ms (993 modules)
 ✓ Compiled in 142ms (993 modules)
 ✓ Compiled in 166ms (993 modules)
 ✓ Compiled in 167ms (993 modules)
 ✓ Compiled in 147ms (993 modules)
 ✓ Compiled in 160ms (993 modules)
 ✓ Compiled in 190ms (993 modules)
 ✓ Compiled in 145ms (993 modules)
 ✓ Compiled in 159ms (993 modules)
 ✓ Compiled in 144ms (993 modules)
 ✓ Compiled in 134ms (993 modules)
 ✓ Compiled in 139ms (993 modules)
 ✓ Compiled in 148ms (993 modules)
 ✓ Compiled in 145ms (993 modules)
 ✓ Compiled in 139ms (993 modules)
 ✓ Compiled in 141ms (993 modules)
 ✓ Compiled in 138ms (993 modules)
 ✓ Compiled in 154ms (993 modules)
 ✓ Compiled in 145ms (993 modules)
 ✓ Compiled in 204ms (993 modules)
 ✓ Compiled in 170ms (993 modules)
 ✓ Compiled in 173ms (993 modules)
 ✓ Compiled in 184ms (993 modules)
 ✓ Compiled in 148ms (993 modules)
 ✓ Compiled in 172ms (993 modules)
 ✓ Compiled in 159ms (993 modules)
 ✓ Compiled in 153ms (993 modules)
 ✓ Compiled in 141ms (993 modules)
 ✓ Compiled in 141ms (993 modules)
 ✓ Compiled in 157ms (993 modules)
 ✓ Compiled in 146ms (993 modules)
 ✓ Compiled in 146ms (993 modules)
 ✓ Compiled in 195ms (993 modules)
 ✓ Compiled in 139ms (993 modules)
 ✓ Compiled in 159ms (993 modules)
 ✓ Compiled in 146ms (993 modules)
 ✓ Compiled in 137ms (993 modules)
 ✓ Compiled in 162ms (993 modules)
 ✓ Compiled in 143ms (993 modules)
 ✓ Compiled in 147ms (993 modules)
 ✓ Compiled in 137ms (993 modules)
 ✓ Compiled in 143ms (993 modules)
 ✓ Compiled in 149ms (993 modules)
 ✓ Compiled in 168ms (993 modules)
 ✓ Compiled in 196ms (993 modules)
 ✓ Compiled in 205ms (993 modules)
 ✓ Compiled in 162ms (993 modules)
 ✓ Compiled in 180ms (993 modules)
 ✓ Compiled in 146ms (993 modules)
 ✓ Compiled in 141ms (993 modules)
 ✓ Compiled in 149ms (993 modules)
 ✓ Compiled in 151ms (993 modules)
 ✓ Compiled in 145ms (993 modules)
 ✓ Compiled in 135ms (993 modules)
 ✓ Compiled in 134ms (993 modules)
 ✓ Compiled in 137ms (993 modules)
 ✓ Compiled in 150ms (993 modules)
 ✓ Compiled in 156ms (993 modules)
 ✓ Compiled in 182ms (993 modules)
 ✓ Compiled in 164ms (993 modules)
 ✓ Compiled in 147ms (993 modules)
 ✓ Compiled in 165ms (993 modules)
 ✓ Compiled in 166ms (993 modules)
 ✓ Compiled in 148ms (993 modules)
 ✓ Compiled in 159ms (993 modules)
 ✓ Compiled in 182ms (993 modules)
 ✓ Compiled in 163ms (993 modules)
 ✓ Compiled in 140ms (993 modules)
 ✓ Compiled in 163ms (993 modules)
 ✓ Compiled in 159ms (993 modules)
 ✓ Compiled in 148ms (993 modules)
 ✓ Compiled in 198ms (993 modules)
 ✓ Compiled in 150ms (993 modules)
 ✓ Compiled in 150ms (993 modules)
 ✓ Compiled in 152ms (993 modules)
 ✓ Compiled in 143ms (993 modules)
 ✓ Compiled in 144ms (993 modules)
 ✓ Compiled in 154ms (993 modules)
 ✓ Compiled in 142ms (993 modules)
 ✓ Compiled in 136ms (993 modules)
 ✓ Compiled in 131ms (993 modules)
 ✓ Compiled in 146ms (993 modules)
 ✓ Compiled in 134ms (993 modules)
 ✓ Compiled in 157ms (993 modules)
 ✓ Compiled in 180ms (993 modules)
 ✓ Compiled in 147ms (993 modules)
 ✓ Compiled in 152ms (993 modules)
 ✓ Compiled in 171ms (993 modules)
 ✓ Compiled in 170ms (993 modules)
 ✓ Compiled in 156ms (993 modules)
 ✓ Compiled in 161ms (993 modules)
 ✓ Compiled in 163ms (993 modules)
 ✓ Compiled in 158ms (993 modules)
 ✓ Compiled in 133ms (993 modules)
 ✓ Compiled in 153ms (993 modules)
 ✓ Compiled in 150ms (993 modules)
 ✓ Compiled in 174ms (993 modules)
 ✓ Compiled in 187ms (993 modules)
 ✓ Compiled in 149ms (993 modules)
 ✓ Compiled in 159ms (993 modules)
 ✓ Compiled in 148ms (993 modules)
 ✓ Compiled in 141ms (993 modules)
 ✓ Compiled in 151ms (993 modules)
 ✓ Compiled in 139ms (993 modules)
 ✓ Compiled in 136ms (993 modules)
 ✓ Compiled in 159ms (993 modules)
 ✓ Compiled in 135ms (993 modules)
 ✓ Compiled in 140ms (993 modules)
 ✓ Compiled in 135ms (993 modules)
 ✓ Compiled in 191ms (993 modules)
 ✓ Compiled in 223ms (993 modules)
 ✓ Compiled in 154ms (993 modules)
 ✓ Compiled in 158ms (993 modules)
 ✓ Compiled in 191ms (993 modules)
 ✓ Compiled in 147ms (993 modules)
 ✓ Compiled in 144ms (993 modules)
 ✓ Compiled in 144ms (993 modules)
 ✓ Compiled in 136ms (993 modules)
 ✓ Compiled in 146ms (993 modules)
 ✓ Compiled in 139ms (993 modules)
 ✓ Compiled in 150ms (993 modules)
 ✓ Compiled in 155ms (993 modules)
 ✓ Compiled in 168ms (993 modules)
 ✓ Compiled in 181ms (993 modules)
 ✓ Compiled in 142ms (993 modules)
 ✓ Compiled in 151ms (993 modules)
 ✓ Compiled in 149ms (993 modules)
 ✓ Compiled in 149ms (993 modules)
 ✓ Compiled in 142ms (993 modules)
 ✓ Compiled in 142ms (993 modules)
 ✓ Compiled in 139ms (993 modules)
 ✓ Compiled in 166ms (993 modules)
 ✓ Compiled in 172ms (993 modules)
 ✓ Compiled in 151ms (993 modules)
 ✓ Compiled in 144ms (993 modules)
 ✓ Compiled in 189ms (993 modules)
 ✓ Compiled in 208ms (993 modules)
 ✓ Compiled in 141ms (993 modules)
 ✓ Compiled in 155ms (993 modules)
 ✓ Compiled in 142ms (993 modules)
 ✓ Compiled in 138ms (993 modules)
 ✓ Compiled in 135ms (993 modules)
 ✓ Compiled in 151ms (993 modules)
 ✓ Compiled in 146ms (993 modules)
 ✓ Compiled in 142ms (993 modules)
 ✓ Compiled in 142ms (993 modules)
 ✓ Compiled in 148ms (993 modules)
 ✓ Compiled in 144ms (993 modules)
 ✓ Compiled in 163ms (993 modules)
 ✓ Compiled in 193ms (993 modules)
 ✓ Compiled in 154ms (993 modules)
 ✓ Compiled in 164ms (993 modules)
 ✓ Compiled in 160ms (993 modules)
 ✓ Compiled in 171ms (993 modules)
 ✓ Compiled in 182ms (993 modules)
 ✓ Compiled in 147ms (993 modules)
 ✓ Compiled in 173ms (993 modules)
 ✓ Compiled in 164ms (993 modules)
 ✓ Compiled in 159ms (993 modules)
 ✓ Compiled in 150ms (993 modules)
 ✓ Compiled in 140ms (993 modules)
 ✓ Compiled in 147ms (993 modules)
 ✓ Compiled in 187ms (993 modules)
 ✓ Compiled in 143ms (993 modules)
 ✓ Compiled in 154ms (993 modules)
 ✓ Compiled in 141ms (993 modules)
 ✓ Compiled in 141ms (993 modules)
 ✓ Compiled in 155ms (993 modules)
 ✓ Compiled in 151ms (993 modules)
 ✓ Compiled in 158ms (993 modules)
 ✓ Compiled in 164ms (993 modules)
 ✓ Compiled in 159ms (993 modules)
 ✓ Compiled in 176ms (993 modules)
 ✓ Compiled in 690ms (993 modules)
 ✓ Compiled in 282ms (993 modules)
 GET / 200 in 994ms
 ✓ Compiled in 196ms (993 modules)
 ✓ Compiled in 146ms (993 modules)
 ✓ Compiled in 144ms (993 modules)
 ✓ Compiled in 137ms (993 modules)
 ✓ Compiled in 133ms (993 modules)
 ✓ Compiled in 139ms (993 modules)
 ✓ Compiled in 133ms (993 modules)
 ✓ Compiled in 168ms (993 modules)
 ✓ Compiled in 158ms (993 modules)
 ✓ Compiled in 146ms (993 modules)
 ✓ Compiled in 180ms (993 modules)
 ✓ Compiled in 192ms (993 modules)
 ✓ Compiled in 153ms (993 modules)
 ✓ Compiled in 153ms (993 modules)
 ✓ Compiled in 148ms (993 modules)
 ✓ Compiled in 168ms (993 modules)
 ✓ Compiled in 151ms (993 modules)
 ✓ Compiled in 175ms (993 modules)
 ✓ Compiled in 179ms (993 modules)
 ✓ Compiled in 151ms (993 modules)
 ✓ Compiled in 133ms (993 modules)
 ✓ Compiled in 175ms (993 modules)
 ✓ Compiled in 168ms (993 modules)
 ✓ Compiled in 186ms (993 modules)
 ✓ Compiled in 177ms (993 modules)
 ✓ Compiled in 152ms (993 modules)
 ✓ Compiled in 161ms (993 modules)
 ✓ Compiled in 145ms (993 modules)
 ✓ Compiled in 153ms (993 modules)
 ✓ Compiled in 147ms (993 modules)
 ✓ Compiled in 146ms (993 modules)
 ✓ Compiled in 136ms (993 modules)
 ✓ Compiled in 141ms (993 modules)
 ✓ Compiled in 143ms (993 modules)
 ✓ Compiled in 134ms (993 modules)
 ✓ Compiled in 148ms (993 modules)
 ✓ Compiled in 148ms (993 modules)
 ✓ Compiled in 199ms (993 modules)
 ✓ Compiled in 146ms (993 modules)
 ✓ Compiled in 165ms (993 modules)
 ✓ Compiled in 167ms (993 modules)
 ✓ Compiled in 158ms (993 modules)
 ✓ Compiled in 146ms (993 modules)
 ✓ Compiled in 173ms (993 modules)
 ✓ Compiled in 165ms (993 modules)
 ✓ Compiled in 156ms (993 modules)
 ✓ Compiled in 140ms (993 modules)
 ✓ Compiled in 138ms (993 modules)
 ✓ Compiled in 139ms (993 modules)
 ✓ Compiled in 160ms (993 modules)
 ✓ Compiled in 188ms (993 modules)
 ✓ Compiled in 151ms (993 modules)
 ✓ Compiled in 149ms (993 modules)
 ✓ Compiled in 150ms (993 modules)
 ✓ Compiled in 162ms (993 modules)
 ✓ Compiled in 143ms (993 modules)
 ✓ Compiled in 147ms (993 modules)
 ✓ Compiled in 143ms (993 modules)
 ✓ Compiled in 151ms (993 modules)
 ✓ Compiled in 154ms (993 modules)
 ✓ Compiled in 151ms (993 modules)
 ✓ Compiled in 303ms (993 modules)
 ✓ Compiled in 226ms (993 modules)
 ✓ Compiled in 176ms (993 modules)
 ✓ Compiled in 178ms (993 modules)
 ✓ Compiled in 180ms (993 modules)
 ✓ Compiled in 149ms (993 modules)
 ✓ Compiled in 143ms (993 modules)
 ✓ Compiled in 149ms (993 modules)
 ✓ Compiled in 139ms (993 modules)
 ✓ Compiled in 131ms (993 modules)
 ✓ Compiled in 142ms (993 modules)
 ✓ Compiled in 137ms (993 modules)
 ✓ Compiled in 153ms (993 modules)
 ✓ Compiled in 145ms (993 modules)
 ✓ Compiled in 167ms (993 modules)
 ✓ Compiled in 189ms (993 modules)
 ✓ Compiled in 161ms (993 modules)
 ✓ Compiled in 160ms (993 modules)
 ✓ Compiled in 149ms (993 modules)
 ✓ Compiled in 159ms (993 modules)
 ✓ Compiled in 144ms (993 modules)
 ✓ Compiled in 179ms (993 modules)
 ✓ Compiled in 174ms (993 modules)
 ✓ Compiled in 170ms (993 modules)
 ✓ Compiled in 140ms (993 modules)
 ✓ Compiled in 152ms (993 modules)
 ✓ Compiled in 171ms (993 modules)
 ✓ Compiled in 160ms (993 modules)
 ✓ Compiled in 177ms (993 modules)
 ✓ Compiled in 152ms (993 modules)
 ✓ Compiled in 156ms (993 modules)
 ✓ Compiled in 153ms (993 modules)
 ✓ Compiled in 137ms (993 modules)
 ✓ Compiled in 142ms (993 modules)
 ✓ Compiled in 152ms (993 modules)
 ✓ Compiled in 134ms (993 modules)
 ✓ Compiled in 142ms (993 modules)
 ✓ Compiled in 149ms (993 modules)
 ✓ Compiled in 137ms (993 modules)
 ✓ Compiled in 142ms (993 modules)
 ✓ Compiled in 159ms (993 modules)
 ✓ Compiled in 203ms (993 modules)
 ✓ Compiled in 146ms (993 modules)
 ✓ Compiled in 188ms (993 modules)
 ✓ Compiled in 175ms (993 modules)
 ✓ Compiled in 149ms (993 modules)
 ✓ Compiled in 164ms (993 modules)
 ✓ Compiled in 164ms (993 modules)
 ✓ Compiled in 175ms (993 modules)
 ✓ Compiled in 148ms (993 modules)
 ✓ Compiled in 146ms (993 modules)
 ✓ Compiled in 141ms (993 modules)
 ✓ Compiled in 155ms (993 modules)
 ✓ Compiled in 174ms (993 modules)
 ✓ Compiled in 196ms (993 modules)
 ✓ Compiled in 156ms (993 modules)
 ✓ Compiled in 169ms (993 modules)
 ✓ Compiled in 155ms (993 modules)
 ✓ Compiled in 150ms (993 modules)
 ✓ Compiled in 157ms (993 modules)
 ✓ Compiled in 138ms (993 modules)
 ✓ Compiled in 142ms (993 modules)
 ✓ Compiled in 181ms (993 modules)
 ✓ Compiled in 159ms (993 modules)
 ✓ Compiled in 173ms (993 modules)
 ✓ Compiled in 167ms (993 modules)
 ✓ Compiled in 186ms (993 modules)
 ✓ Compiled in 178ms (993 modules)
 ✓ Compiled in 178ms (993 modules)
 ✓ Compiled in 163ms (993 modules)
 ✓ Compiled in 152ms (993 modules)
 ✓ Compiled in 139ms (993 modules)
 ✓ Compiled in 141ms (993 modules)
 ✓ Compiled in 143ms (993 modules)
 ✓ Compiled in 135ms (993 modules)
 ✓ Compiled in 138ms (993 modules)
 ✓ Compiled in 134ms (993 modules)
 ✓ Compiled in 137ms (993 modules)
 ✓ Compiled in 138ms (993 modules)
 ✓ Compiled in 155ms (993 modules)
 ✓ Compiled in 181ms (993 modules)
 ✓ Compiled in 159ms (993 modules)
 ✓ Compiled in 150ms (993 modules)
 ✓ Compiled in 148ms (993 modules)
 ✓ Compiled in 147ms (993 modules)
 ✓ Compiled in 148ms (993 modules)
 ✓ Compiled in 160ms (993 modules)
 ✓ Compiled in 173ms (993 modules)
 ✓ Compiled in 175ms (993 modules)
 ✓ Compiled in 140ms (993 modules)
 ✓ Compiled in 165ms (993 modules)
 ✓ Compiled in 158ms (993 modules)
 ✓ Compiled in 164ms (993 modules)
 ✓ Compiled in 203ms (993 modules)
 ✓ Compiled in 144ms (993 modules)
 ✓ Compiled in 152ms (993 modules)
 ✓ Compiled in 150ms (993 modules)
 ✓ Compiled in 143ms (993 modules)
 ✓ Compiled in 144ms (993 modules)
 ✓ Compiled in 149ms (993 modules)
 ✓ Compiled in 144ms (993 modules)
 ✓ Compiled in 141ms (993 modules)
 ✓ Compiled in 133ms (993 modules)
 ✓ Compiled in 149ms (993 modules)
 ✓ Compiled in 152ms (993 modules)
 ✓ Compiled in 156ms (993 modules)
 ✓ Compiled in 198ms (993 modules)
 ✓ Compiled in 163ms (993 modules)
 ✓ Compiled in 182ms (993 modules)
 ✓ Compiled in 189ms (993 modules)
 ✓ Compiled in 167ms (993 modules)
 ✓ Compiled in 149ms (993 modules)
 ✓ Compiled in 164ms (993 modules)
 ✓ Compiled in 166ms (993 modules)
 ✓ Compiled in 142ms (993 modules)
 ✓ Compiled in 142ms (993 modules)
 ✓ Compiled in 141ms (993 modules)
 ✓ Compiled in 144ms (993 modules)
 ✓ Compiled in 164ms (993 modules)
 ✓ Compiled in 181ms (993 modules)
 ✓ Compiled in 142ms (993 modules)
 ✓ Compiled in 152ms (993 modules)
 ✓ Compiled in 142ms (993 modules)
 ✓ Compiled in 155ms (993 modules)
 ✓ Compiled in 147ms (993 modules)
 ✓ Compiled in 147ms (993 modules)
 ✓ Compiled in 144ms (993 modules)
 ✓ Compiled in 173ms (993 modules)
 ✓ Compiled in 154ms (993 modules)
 ✓ Compiled in 141ms (993 modules)
 ✓ Compiled in 156ms (993 modules)
 ✓ Compiled in 185ms (993 modules)
 ✓ Compiled in 243ms (993 modules)
 ✓ Compiled in 146ms (993 modules)
 ✓ Compiled in 167ms (993 modules)
 ✓ Compiled in 165ms (993 modules)
 ✓ Compiled in 152ms (993 modules)
 ✓ Compiled in 153ms (993 modules)
 ✓ Compiled in 144ms (993 modules)
 ✓ Compiled in 141ms (993 modules)
 ✓ Compiled in 160ms (993 modules)
 ✓ Compiled in 136ms (993 modules)
 ✓ Compiled in 129ms (993 modules)
 ✓ Compiled in 145ms (993 modules)
 ✓ Compiled in 160ms (993 modules)
 ✓ Compiled in 183ms (993 modules)
 ✓ Compiled in 144ms (993 modules)
 ✓ Compiled in 149ms (993 modules)
 ✓ Compiled in 157ms (993 modules)
 ✓ Compiled in 137ms (993 modules)
 ✓ Compiled in 142ms (993 modules)
 ✓ Compiled in 150ms (993 modules)
 ✓ Compiled in 167ms (993 modules)
 ✓ Compiled in 169ms (993 modules)
 ✓ Compiled in 164ms (993 modules)
 ✓ Compiled in 150ms (993 modules)
 ✓ Compiled in 153ms (993 modules)
 ✓ Compiled in 177ms (993 modules)
 ✓ Compiled in 214ms (993 modules)
 ✓ Compiled in 152ms (993 modules)
 ✓ Compiled in 158ms (993 modules)
 ✓ Compiled in 155ms (993 modules)
 ✓ Compiled in 139ms (993 modules)
 ✓ Compiled in 141ms (993 modules)
 ✓ Compiled in 153ms (993 modules)
 ✓ Compiled in 151ms (993 modules)
 ✓ Compiled in 149ms (993 modules)
 ✓ Compiled in 132ms (993 modules)
 ✓ Compiled in 148ms (993 modules)
 ✓ Compiled in 150ms (993 modules)
 ✓ Compiled in 169ms (993 modules)
 ✓ Compiled in 190ms (993 modules)
 ✓ Compiled in 169ms (993 modules)
 ✓ Compiled in 150ms (993 modules)
 ✓ Compiled in 181ms (993 modules)
 ✓ Compiled in 167ms (993 modules)
 ✓ Compiled in 167ms (993 modules)
 ✓ Compiled in 140ms (993 modules)
 ✓ Compiled in 168ms (993 modules)
 ✓ Compiled in 159ms (993 modules)
 ✓ Compiled in 149ms (993 modules)
 ✓ Compiled in 136ms (993 modules)
 ✓ Compiled in 153ms (993 modules)
 ✓ Compiled in 156ms (993 modules)
 ✓ Compiled in 189ms (993 modules)
 ✓ Compiled in 142ms (993 modules)
 ✓ Compiled in 158ms (993 modules)
 ✓ Compiled in 141ms (993 modules)
 ✓ Compiled in 138ms (993 modules)
 ✓ Compiled in 145ms (993 modules)
 ✓ Compiled in 148ms (993 modules)
 ✓ Compiled in 139ms (993 modules)
 ✓ Compiled in 157ms (993 modules)
 ✓ Compiled in 134ms (993 modules)
 ✓ Compiled in 146ms (993 modules)
 ✓ Compiled in 140ms (993 modules)
 ✓ Compiled in 174ms (993 modules)
 ✓ Compiled in 219ms (993 modules)
 ✓ Compiled in 159ms (993 modules)
 ✓ Compiled in 157ms (993 modules)
 ✓ Compiled in 198ms (993 modules)
 ✓ Compiled in 195ms (993 modules)
 ✓ Compiled in 181ms (993 modules)
 ✓ Compiled in 155ms (993 modules)
 ✓ Compiled in 172ms (993 modules)
 ✓ Compiled in 162ms (993 modules)
 ✓ Compiled in 156ms (993 modules)
 ✓ Compiled in 145ms (993 modules)
 ✓ Compiled in 152ms (993 modules)
 ✓ Compiled in 212ms (993 modules)
 ✓ Compiled in 585ms (993 modules)
 ✓ Compiled in 197ms (993 modules)
 GET / 200 in 811ms
 ✓ Compiled in 170ms (993 modules)
 ✓ Compiled in 141ms (993 modules)
 ✓ Compiled in 157ms (993 modules)
 ✓ Compiled in 155ms (993 modules)
 ✓ Compiled in 150ms (993 modules)
 ✓ Compiled in 131ms (993 modules)
 ✓ Compiled in 161ms (993 modules)
 ✓ Compiled in 172ms (993 modules)
 ✓ Compiled in 163ms (993 modules)
 ✓ Compiled in 171ms (993 modules)
 ✓ Compiled in 215ms (993 modules)
 ✓ Compiled in 168ms (993 modules)
 ✓ Compiled in 149ms (993 modules)
 ✓ Compiled in 161ms (993 modules)
 ✓ Compiled in 138ms (993 modules)
 ✓ Compiled in 137ms (993 modules)
 ✓ Compiled in 145ms (993 modules)
 ✓ Compiled in 166ms (993 modules)
 ✓ Compiled in 157ms (993 modules)
 ✓ Compiled in 137ms (993 modules)
 ✓ Compiled in 138ms (993 modules)
 ✓ Compiled in 148ms (993 modules)
 ✓ Compiled in 165ms (993 modules)
 ✓ Compiled in 215ms (993 modules)
 ✓ Compiled in 173ms (993 modules)
 ✓ Compiled in 183ms (993 modules)
 ✓ Compiled in 152ms (993 modules)
 ✓ Compiled in 165ms (993 modules)
 ✓ Compiled in 174ms (993 modules)
 ✓ Compiled in 159ms (993 modules)
 ✓ Compiled in 146ms (993 modules)
 ✓ Compiled in 151ms (993 modules)
 ✓ Compiled in 148ms (993 modules)
 ✓ Compiled in 148ms (993 modules)
 ✓ Compiled in 168ms (993 modules)
 ✓ Compiled in 172ms (993 modules)
 ✓ Compiled in 209ms (993 modules)
 ✓ Compiled in 172ms (993 modules)
 ✓ Compiled in 146ms (993 modules)
 ✓ Compiled in 161ms (993 modules)
 ✓ Compiled in 151ms (993 modules)
 ✓ Compiled in 143ms (993 modules)
 ✓ Compiled in 153ms (993 modules)
 ✓ Compiled in 166ms (993 modules)
 ✓ Compiled in 154ms (993 modules)
 ✓ Compiled in 162ms (993 modules)
 ✓ Compiled in 175ms (993 modules)
 ✓ Compiled in 169ms (993 modules)
 ✓ Compiled in 175ms (993 modules)
 ✓ Compiled in 223ms (993 modules)
 ✓ Compiled in 154ms (993 modules)
 ✓ Compiled in 149ms (993 modules)
 ✓ Compiled in 154ms (993 modules)
 ✓ Compiled in 149ms (993 modules)
 ✓ Compiled in 155ms (993 modules)
 ✓ Compiled in 142ms (993 modules)
 ✓ Compiled in 141ms (993 modules)
 ✓ Compiled in 154ms (993 modules)
 ✓ Compiled in 141ms (993 modules)
 ✓ Compiled in 145ms (993 modules)
 ✓ Compiled in 150ms (993 modules)
 ✓ Compiled in 135ms (993 modules)
 ✓ Compiled in 190ms (993 modules)
 ✓ Compiled in 147ms (993 modules)
 ✓ Compiled in 154ms (993 modules)
 ✓ Compiled in 152ms (993 modules)
 ✓ Compiled in 175ms (993 modules)
 ✓ Compiled in 160ms (993 modules)
 ✓ Compiled in 172ms (993 modules)
 ✓ Compiled in 142ms (993 modules)
 ✓ Compiled in 174ms (993 modules)
 ✓ Compiled in 180ms (993 modules)
 ✓ Compiled in 135ms (993 modules)
 ✓ Compiled in 144ms (993 modules)
 ✓ Compiled in 136ms (993 modules)
 ✓ Compiled in 192ms (993 modules)
 ✓ Compiled in 143ms (993 modules)
 ✓ Compiled in 156ms (993 modules)
 ✓ Compiled in 148ms (993 modules)
 ✓ Compiled in 152ms (993 modules)
 ✓ Compiled in 153ms (993 modules)
 ✓ Compiled in 147ms (993 modules)
 ✓ Compiled in 135ms (993 modules)
 ✓ Compiled in 140ms (993 modules)
 ✓ Compiled in 147ms (993 modules)
 ✓ Compiled in 155ms (993 modules)
 ✓ Compiled in 139ms (993 modules)
 ✓ Compiled in 178ms (993 modules)
 ✓ Compiled in 198ms (993 modules)
 ✓ Compiled in 172ms (993 modules)
 ✓ Compiled in 182ms (993 modules)
 ✓ Compiled in 150ms (993 modules)
 ✓ Compiled in 171ms (993 modules)
 ✓ Compiled in 165ms (993 modules)
 ✓ Compiled in 147ms (993 modules)
 ✓ Compiled in 160ms (993 modules)
 ✓ Compiled in 158ms (993 modules)
 ✓ Compiled in 148ms (993 modules)
 ✓ Compiled in 132ms (993 modules)
 ✓ Compiled in 142ms (993 modules)
 ✓ Compiled in 161ms (993 modules)
 ✓ Compiled in 185ms (993 modules)
 ✓ Compiled in 139ms (993 modules)
 ✓ Compiled in 146ms (993 modules)
 ✓ Compiled in 150ms (993 modules)
 ✓ Compiled in 139ms (993 modules)
 ✓ Compiled in 152ms (993 modules)
 ✓ Compiled in 145ms (993 modules)
 ✓ Compiled in 143ms (993 modules)
 ✓ Compiled in 146ms (993 modules)
 ✓ Compiled in 147ms (993 modules)
 ✓ Compiled in 163ms (993 modules)
 ✓ Compiled in 175ms (993 modules)
 ✓ Compiled in 170ms (993 modules)
 ✓ Compiled in 223ms (993 modules)
 ✓ Compiled in 161ms (993 modules)
 ✓ Compiled in 160ms (993 modules)
 ✓ Compiled in 150ms (993 modules)
 ✓ Compiled in 145ms (993 modules)
 ✓ Compiled in 154ms (993 modules)
 ✓ Compiled in 146ms (993 modules)
 ✓ Compiled in 147ms (993 modules)
 ✓ Compiled in 151ms (993 modules)
 ✓ Compiled in 130ms (993 modules)
 ✓ Compiled in 146ms (993 modules)
 ✓ Compiled in 150ms (993 modules)
 ✓ Compiled in 161ms (993 modules)
 ✓ Compiled in 184ms (993 modules)
 ✓ Compiled in 156ms (993 modules)
 ✓ Compiled in 157ms (993 modules)
 ✓ Compiled in 164ms (993 modules)
 ✓ Compiled in 153ms (993 modules)
 ✓ Compiled in 163ms (993 modules)
 ✓ Compiled in 187ms (993 modules)
 ✓ Compiled in 163ms (993 modules)
 ✓ Compiled in 136ms (993 modules)
 ✓ Compiled in 155ms (993 modules)
 ✓ Compiled in 157ms (993 modules)
 ✓ Compiled in 149ms (993 modules)
 ✓ Compiled in 145ms (993 modules)
 ✓ Compiled in 191ms (993 modules)
 ✓ Compiled in 142ms (993 modules)
 ✓ Compiled in 152ms (993 modules)
 ✓ Compiled in 143ms (993 modules)
 ✓ Compiled in 154ms (993 modules)
 ✓ Compiled in 152ms (993 modules)
 ✓ Compiled in 147ms (993 modules)
 ✓ Compiled in 147ms (993 modules)
 ✓ Compiled in 135ms (993 modules)
 ✓ Compiled in 148ms (993 modules)
 ✓ Compiled in 146ms (993 modules)
 ✓ Compiled in 146ms (993 modules)
 ✓ Compiled in 136ms (993 modules)
 ✓ Compiled in 218ms (993 modules)
 ✓ Compiled in 164ms (993 modules)
 ✓ Compiled in 173ms (993 modules)
 ✓ Compiled in 169ms (993 modules)
 ✓ Compiled in 139ms (993 modules)
 ✓ Compiled in 183ms (993 modules)
 ✓ Compiled in 170ms (993 modules)
 ✓ Compiled in 134ms (993 modules)
 ✓ Compiled in 143ms (993 modules)
 ✓ Compiled in 141ms (993 modules)
 ✓ Compiled in 139ms (993 modules)
 ✓ Compiled in 139ms (993 modules)
 ✓ Compiled in 149ms (993 modules)
 ✓ Compiled in 190ms (993 modules)
 ✓ Compiled in 144ms (993 modules)
 ✓ Compiled in 159ms (993 modules)
 ✓ Compiled in 138ms (993 modules)
 ✓ Compiled in 152ms (993 modules)
 ✓ Compiled in 145ms (993 modules)
 ✓ Compiled in 151ms (993 modules)
 ✓ Compiled in 141ms (993 modules)
 ✓ Compiled in 153ms (993 modules)
 ✓ Compiled in 153ms (993 modules)
 ✓ Compiled in 168ms (993 modules)
 ✓ Compiled in 163ms (993 modules)
 ✓ Compiled in 197ms (993 modules)
 ✓ Compiled in 182ms (993 modules)
 ✓ Compiled in 173ms (993 modules)
 ✓ Compiled in 174ms (993 modules)
 ✓ Compiled in 148ms (993 modules)
 ✓ Compiled in 146ms (993 modules)
 ✓ Compiled in 148ms (993 modules)
 ✓ Compiled in 145ms (993 modules)
 ✓ Compiled in 144ms (993 modules)
 ✓ Compiled in 141ms (993 modules)
 ✓ Compiled in 150ms (993 modules)
 ✓ Compiled in 143ms (993 modules)
 ✓ Compiled in 136ms (993 modules)
 ✓ Compiled in 156ms (993 modules)
 ✓ Compiled in 193ms (993 modules)
 ✓ Compiled in 154ms (993 modules)
 ✓ Compiled in 158ms (993 modules)
 ✓ Compiled in 148ms (993 modules)
 ✓ Compiled in 158ms (993 modules)
 ✓ Compiled in 151ms (993 modules)
 ✓ Compiled in 166ms (993 modules)
 ✓ Compiled in 158ms (993 modules)
 ✓ Compiled in 187ms (993 modules)
 ✓ Compiled in 165ms (993 modules)
 ✓ Compiled in 172ms (993 modules)
 ✓ Compiled in 164ms (993 modules)
 ✓ Compiled in 146ms (993 modules)
 ✓ Compiled in 192ms (993 modules)
 ✓ Compiled in 156ms (993 modules)
 ✓ Compiled in 170ms (993 modules)
 ✓ Compiled in 152ms (993 modules)
 ✓ Compiled in 147ms (993 modules)
 ✓ Compiled in 141ms (993 modules)
 ✓ Compiled in 138ms (993 modules)
 ✓ Compiled in 145ms (993 modules)
 ✓ Compiled in 151ms (993 modules)
 ✓ Compiled in 133ms (993 modules)
 ✓ Compiled in 147ms (993 modules)
 ✓ Compiled in 139ms (993 modules)
 ✓ Compiled in 141ms (993 modules)
 ✓ Compiled in 204ms (993 modules)
 ✓ Compiled in 154ms (993 modules)
 ✓ Compiled in 173ms (993 modules)
 ✓ Compiled in 173ms (993 modules)
 ✓ Compiled in 137ms (993 modules)
 ✓ Compiled in 143ms (993 modules)
 ✓ Compiled in 182ms (993 modules)
 ✓ Compiled in 159ms (993 modules)
 ✓ Compiled in 149ms (993 modules)
 ✓ Compiled in 134ms (993 modules)
 ✓ Compiled in 131ms (993 modules)
 ✓ Compiled in 138ms (993 modules)
 ✓ Compiled in 164ms (993 modules)
 ✓ Compiled in 194ms (993 modules)
 ✓ Compiled in 144ms (993 modules)
 ✓ Compiled in 150ms (993 modules)
 ✓ Compiled in 142ms (993 modules)
 ✓ Compiled in 149ms (993 modules)
 ✓ Compiled in 145ms (993 modules)
 ✓ Compiled in 142ms (993 modules)
 ✓ Compiled in 151ms (993 modules)
 ✓ Compiled in 148ms (993 modules)
 ✓ Compiled in 157ms (993 modules)
 ✓ Compiled in 144ms (993 modules)
 ✓ Compiled in 171ms (993 modules)
 ✓ Compiled in 199ms (993 modules)
 ✓ Compiled in 227ms (993 modules)
 ✓ Compiled in 149ms (993 modules)
 ✓ Compiled in 168ms (993 modules)
 ✓ Compiled in 172ms (993 modules)
 ✓ Compiled in 136ms (993 modules)
 ✓ Compiled in 142ms (993 modules)
 ✓ Compiled in 149ms (993 modules)
 ✓ Compiled in 167ms (993 modules)
 ✓ Compiled in 163ms (993 modules)
 ✓ Compiled in 145ms (993 modules)
 ✓ Compiled in 138ms (993 modules)
 ✓ Compiled in 138ms (993 modules)
 ✓ Compiled in 145ms (993 modules)
 ✓ Compiled in 213ms (993 modules)
 ✓ Compiled in 156ms (993 modules)
 ✓ Compiled in 151ms (993 modules)
 ✓ Compiled in 152ms (993 modules)
 ✓ Compiled in 147ms (993 modules)
 ✓ Compiled in 155ms (993 modules)
 ✓ Compiled in 155ms (993 modules)
 ✓ Compiled in 174ms (993 modules)
 ✓ Compiled in 168ms (993 modules)
 ✓ Compiled in 132ms (993 modules)
 ✓ Compiled in 150ms (993 modules)
 ✓ Compiled in 174ms (993 modules)
 ✓ Compiled in 194ms (993 modules)
 ✓ Compiled in 179ms (993 modules)
 ✓ Compiled in 155ms (993 modules)
 ✓ Compiled in 145ms (993 modules)
 ✓ Compiled in 148ms (993 modules)
 ✓ Compiled in 142ms (993 modules)
 ✓ Compiled in 147ms (993 modules)
 ✓ Compiled in 158ms (993 modules)
 ✓ Compiled in 142ms (993 modules)
 ✓ Compiled in 152ms (993 modules)
 ✓ Compiled in 134ms (993 modules)
 ✓ Compiled in 133ms (993 modules)
 ✓ Compiled in 144ms (993 modules)
 ✓ Compiled in 151ms (993 modules)
 ✓ Compiled in 187ms (993 modules)
 ✓ Compiled in 160ms (993 modules)
 ✓ Compiled in 169ms (993 modules)
 ✓ Compiled in 178ms (993 modules)
 ✓ Compiled in 169ms (993 modules)
 ✓ Compiled in 142ms (993 modules)
 ✓ Compiled in 169ms (993 modules)
 ✓ Compiled in 163ms (993 modules)
 ✓ Compiled in 139ms (993 modules)
 ✓ Compiled in 137ms (993 modules)
 ✓ Compiled in 135ms (993 modules)
 ✓ Compiled in 152ms (993 modules)
 ✓ Compiled in 158ms (993 modules)
 ✓ Compiled in 193ms (993 modules)
 ✓ Compiled in 154ms (993 modules)
 ✓ Compiled in 152ms (993 modules)
 ✓ Compiled in 149ms (993 modules)
 ✓ Compiled in 134ms (993 modules)
 ✓ Compiled in 139ms (993 modules)
 ✓ Compiled in 137ms (993 modules)
 ✓ Compiled in 148ms (993 modules)
 ✓ Compiled in 136ms (993 modules)
 ✓ Compiled in 132ms (993 modules)
 ✓ Compiled in 161ms (993 modules)
 ✓ Compiled in 146ms (993 modules)
 ✓ Compiled in 196ms (993 modules)
 ✓ Compiled in 223ms (993 modules)
 ✓ Compiled in 153ms (993 modules)
 ✓ Compiled in 185ms (993 modules)
 ✓ Compiled in 164ms (993 modules)
 ✓ Compiled in 150ms (993 modules)
 ✓ Compiled in 157ms (993 modules)
 ✓ Compiled in 143ms (993 modules)
 ✓ Compiled in 149ms (993 modules)
 ✓ Compiled in 150ms (993 modules)
 ✓ Compiled in 137ms (993 modules)
 ✓ Compiled in 153ms (993 modules)
 ✓ Compiled in 136ms (993 modules)
 ✓ Compiled in 157ms (993 modules)
 ✓ Compiled in 192ms (993 modules)
 ✓ Compiled in 149ms (993 modules)
 ✓ Compiled in 148ms (993 modules)
 ✓ Compiled in 145ms (993 modules)
 ✓ Compiled in 149ms (993 modules)
 ✓ Compiled in 154ms (993 modules)
 ✓ Compiled in 153ms (993 modules)
 ✓ Compiled in 176ms (993 modules)
 ✓ Compiled in 170ms (993 modules)
 ✓ Compiled in 173ms (993 modules)
 ✓ Compiled in 142ms (993 modules)
 ✓ Compiled in 154ms (993 modules)
 ✓ Compiled in 185ms (993 modules)
 ✓ Compiled in 205ms (993 modules)
 ✓ Compiled in 162ms (993 modules)
 ✓ Compiled in 161ms (993 modules)
 ✓ Compiled in 169ms (993 modules)
 ✓ Compiled in 141ms (993 modules)
 ✓ Compiled in 142ms (993 modules)
 ✓ Compiled in 146ms (993 modules)
 ✓ Compiled in 148ms (993 modules)
 ✓ Compiled in 163ms (993 modules)
 ✓ Compiled in 151ms (993 modules)
 ✓ Compiled in 164ms (993 modules)
 ✓ Compiled in 174ms (993 modules)
[?25h
