 ⨯ [Error: ENOENT: no such file or directory, open 'C:\Users\admin\Desktop\zhanklod\.next\server\app-paths-manifest.json'] {
  errno: -4058,
  code: 'ENOENT',
  syscall: 'open',
  path: 'C:\\Users\\admin\\Desktop\\zhanklod\\.next\\server\\app-paths-manifest.json',
  page: '/'
}
 ⨯ [Error: ENOENT: no such file or directory, open 'C:\Users\admin\Desktop\zhanklod\.next\routes-manifest.json'] {
  errno: -4058,
  code: 'ENOENT',
  syscall: 'open',
  path: 'C:\\Users\\admin\\Desktop\\zhanklod\\.next\\routes-manifest.json'
}
[Error: ENOENT: no such file or directory, open 'C:\Users\admin\Desktop\zhanklod\.next\server\app-paths-manifest.json'] {
  errno: -4058,
  code: 'ENOENT',
  syscall: 'open',
  path: 'C:\\Users\\admin\\Desktop\\zhanklod\\.next\\server\\app-paths-manifest.json',
  page: '/'
}
 ⨯ [Error: ENOENT: no such file or directory, open 'C:\Users\admin\Desktop\zhanklod\.next\routes-manifest.json'] {
  errno: -4058,
  code: 'ENOENT',
  syscall: 'open',
  path: 'C:\\Users\\admin\\Desktop\\zhanklod\\.next\\routes-manifest.json'
}
[Error: ENOENT: no such file or directory, open 'C:\Users\admin\Desktop\zhanklod\.next\routes-manifest.json'] {
  errno: -4058,
  code: 'ENOENT',
  syscall: 'open',
  path: 'C:\\Users\\admin\\Desktop\\zhanklod\\.next\\routes-manifest.json'
}
