
> zhanklod-mangal-next@1.0.0 dev
> next dev -p 3000

   ▲ Next.js 15.5.20
   - Local:        http://localhost:3000
   - Network:      http://192.168.0.246:3000

 ✓ Starting...
 ✓ Ready in 1959ms
 ○ Compiling / ...
 ✓ Compiled / in 7.8s (1549 modules)
 GET / 200 in 8948ms
 ✓ Compiled in 1531ms (715 modules)
 ✓ Compiled in 278ms (715 modules)
 ✓ Compiled in 242ms (715 modules)
 ✓ Compiled in 238ms (715 modules)
 ✓ Compiled in 275ms (715 modules)
 ✓ Compiled in 239ms (715 modules)
 ✓ Compiled in 265ms (715 modules)
 ✓ Compiled in 262ms (715 modules)
 ✓ Compiled in 253ms (715 modules)
 ✓ Compiled in 231ms (715 modules)
 ✓ Compiled in 180ms (715 modules)
 ✓ Compiled in 158ms (715 modules)
 ✓ Compiled in 145ms (715 modules)
 ✓ Compiled in 166ms (715 modules)
 ✓ Compiled in 148ms (715 modules)
 ✓ Compiled in 158ms (715 modules)
 ✓ Compiled in 155ms (715 modules)
 ✓ Compiled in 166ms (715 modules)
 ✓ Compiled in 150ms (715 modules)
 ✓ Compiled in 169ms (715 modules)
 ✓ Compiled in 153ms (715 modules)
 ✓ Compiled in 185ms (715 modules)
 ✓ Compiled in 227ms (715 modules)
 ✓ Compiled in 183ms (715 modules)
 ✓ Compiled in 155ms (715 modules)
 ✓ Compiled in 179ms (715 modules)
 ✓ Compiled in 186ms (715 modules)
 ✓ Compiled in 163ms (715 modules)
 ✓ Compiled in 137ms (715 modules)
 ✓ Compiled in 139ms (715 modules)
 ✓ Compiled in 147ms (715 modules)
 ✓ Compiled in 146ms (715 modules)
 ✓ Compiled in 151ms (715 modules)
 ✓ Compiled in 153ms (715 modules)
 ✓ Compiled in 133ms (715 modules)
 ✓ Compiled in 153ms (715 modules)
 ✓ Compiled in 134ms (715 modules)
 ✓ Compiled in 145ms (715 modules)
 ✓ Compiled in 152ms (715 modules)
 ✓ Compiled in 189ms (715 modules)
 ✓ Compiled in 152ms (715 modules)
 ✓ Compiled in 164ms (715 modules)
 ✓ Compiled in 182ms (715 modules)
 ✓ Compiled in 206ms (715 modules)
 ✓ Compiled in 174ms (715 modules)
 ✓ Compiled in 163ms (715 modules)
 ✓ Compiled in 188ms (715 modules)
 ✓ Compiled in 184ms (715 modules)
 ✓ Compiled in 160ms (715 modules)
 ✓ Compiled in 144ms (715 modules)
 ✓ Compiled in 150ms (715 modules)
 ✓ Compiled in 135ms (715 modules)
 ✓ Compiled in 168ms (715 modules)
 ✓ Compiled in 210ms (715 modules)
 ✓ Compiled in 178ms (715 modules)
 ✓ Compiled in 167ms (715 modules)
 ✓ Compiled in 165ms (715 modules)
 ✓ Compiled in 159ms (715 modules)
 ✓ Compiled in 160ms (715 modules)
 ✓ Compiled in 158ms (715 modules)
 ✓ Compiled in 166ms (715 modules)
 ✓ Compiled in 187ms (715 modules)
 ✓ Compiled in 212ms (715 modules)
 ✓ Compiled in 193ms (715 modules)
 ✓ Compiled in 190ms (715 modules)
 ✓ Compiled in 152ms (715 modules)
 ✓ Compiled in 193ms (715 modules)
 ✓ Compiled in 178ms (715 modules)
 ✓ Compiled in 162ms (715 modules)
 ✓ Compiled in 143ms (715 modules)
 ✓ Compiled in 134ms (715 modules)
 ✓ Compiled in 145ms (715 modules)
 ✓ Compiled in 149ms (715 modules)
 ✓ Compiled in 143ms (715 modules)
 ✓ Compiled in 145ms (715 modules)
 ✓ Compiled in 142ms (715 modules)
 ✓ Compiled in 140ms (715 modules)
 ✓ Compiled in 143ms (715 modules)
 ✓ Compiled in 138ms (715 modules)
 ✓ Compiled in 153ms (715 modules)
 ✓ Compiled in 148ms (715 modules)
 ✓ Compiled in 150ms (715 modules)
 ✓ Compiled in 156ms (715 modules)
 ✓ Compiled in 171ms (715 modules)
 ✓ Compiled in 209ms (715 modules)
 ✓ Compiled in 336ms (715 modules)
 ✓ Compiled in 321ms (715 modules)
 GET / 200 in 786ms
 ✓ Compiled in 869ms (715 modules)
 ✓ Compiled in 917ms (715 modules)
 ✓ Compiled in 186ms (715 modules)
 ✓ Compiled in 181ms (715 modules)
 ✓ Compiled in 180ms (715 modules)
 ✓ Compiled in 151ms (715 modules)
 ✓ Compiled in 205ms (715 modules)
 ✓ Compiled in 173ms (715 modules)
 ✓ Compiled in 167ms (715 modules)
 ✓ Compiled in 148ms (715 modules)
 ✓ Compiled in 141ms (715 modules)
 ✓ Compiled in 159ms (715 modules)
 ✓ Compiled in 143ms (715 modules)
 ✓ Compiled in 138ms (715 modules)
 ✓ Compiled in 146ms (715 modules)
 ✓ Compiled in 148ms (715 modules)
 ✓ Compiled in 152ms (715 modules)
 ✓ Compiled in 142ms (715 modules)
 ✓ Compiled in 141ms (715 modules)
 ✓ Compiled in 157ms (715 modules)
 ✓ Compiled in 151ms (715 modules)
 ✓ Compiled in 146ms (715 modules)
 ✓ Compiled in 163ms (715 modules)
 ✓ Compiled in 175ms (715 modules)
 ✓ Compiled in 178ms (715 modules)
 ✓ Compiled in 212ms (715 modules)
 ✓ Compiled in 176ms (715 modules)
 ✓ Compiled in 255ms (715 modules)
 ✓ Compiled in 231ms (715 modules)
 ✓ Compiled in 203ms (715 modules)
 ✓ Compiled in 176ms (715 modules)
 ✓ Compiled in 181ms (715 modules)
 ✓ Compiled in 176ms (715 modules)
 ✓ Compiled in 200ms (715 modules)
 ✓ Compiled in 177ms (715 modules)
 ✓ Compiled in 167ms (715 modules)
 ✓ Compiled in 145ms (715 modules)
 ✓ Compiled in 153ms (715 modules)
 ✓ Compiled in 144ms (715 modules)
 ✓ Compiled in 182ms (715 modules)
 ✓ Compiled in 184ms (715 modules)
 ✓ Compiled in 170ms (715 modules)
 ✓ Compiled in 475ms (715 modules)
 ✓ Compiled in 207ms (715 modules)
 ✓ Compiled in 200ms (715 modules)
 ✓ Compiled in 265ms (715 modules)
 ✓ Compiled in 362ms (715 modules)
 ✓ Compiled in 176ms (715 modules)
 ✓ Compiled in 183ms (715 modules)
 ✓ Compiled in 184ms (715 modules)
 ✓ Compiled in 170ms (715 modules)
 ✓ Compiled in 163ms (715 modules)
 ✓ Compiled in 196ms (715 modules)
 ✓ Compiled in 143ms (715 modules)
 ✓ Compiled in 151ms (715 modules)
 ✓ Compiled in 143ms (715 modules)
 ✓ Compiled in 145ms (715 modules)
 ✓ Compiled in 154ms (715 modules)
 ✓ Compiled in 153ms (715 modules)
 ✓ Compiled in 186ms (715 modules)
 ✓ Compiled in 198ms (715 modules)
 ✓ Compiled in 166ms (715 modules)
 ✓ Compiled in 167ms (715 modules)
 ✓ Compiled in 197ms (715 modules)
 ✓ Compiled in 171ms (715 modules)
 ✓ Compiled in 169ms (715 modules)
 ✓ Compiled in 167ms (715 modules)
 ✓ Compiled in 156ms (715 modules)
 ✓ Compiled in 147ms (715 modules)
 ✓ Compiled in 137ms (715 modules)
 ✓ Compiled in 141ms (715 modules)
 ✓ Compiled in 134ms (715 modules)
 ✓ Compiled in 155ms (715 modules)
 ✓ Compiled in 154ms (715 modules)
 ✓ Compiled in 161ms (715 modules)
 ✓ Compiled in 130ms (715 modules)
 ✓ Compiled in 149ms (715 modules)
 ✓ Compiled in 133ms (715 modules)
 ✓ Compiled in 162ms (715 modules)
 ✓ Compiled in 154ms (715 modules)
 ✓ Compiled in 180ms (715 modules)
 ✓ Compiled in 190ms (715 modules)
 ✓ Compiled in 148ms (715 modules)
 ✓ Compiled in 224ms (715 modules)
 ✓ Compiled in 234ms (715 modules)
 ✓ Compiled in 144ms (715 modules)
 ✓ Compiled in 153ms (715 modules)
 ✓ Compiled in 188ms (715 modules)
 ✓ Compiled in 181ms (715 modules)
 ✓ Compiled in 169ms (715 modules)
 ✓ Compiled in 139ms (715 modules)
 ✓ Compiled in 155ms (715 modules)
 ✓ Compiled in 157ms (715 modules)
 ✓ Compiled in 146ms (715 modules)
 ✓ Compiled in 150ms (715 modules)
 ✓ Compiled in 181ms (715 modules)
 ✓ Compiled in 165ms (715 modules)
 ✓ Compiled in 159ms (715 modules)
 ✓ Compiled in 182ms (715 modules)
 ✓ Compiled in 184ms (715 modules)
 ✓ Compiled in 166ms (715 modules)
 ✓ Compiled in 224ms (715 modules)
 ✓ Compiled in 227ms (715 modules)
 ✓ Compiled in 224ms (715 modules)
 ✓ Compiled in 188ms (715 modules)
 ✓ Compiled in 144ms (715 modules)
 ✓ Compiled in 192ms (715 modules)
 ✓ Compiled in 170ms (715 modules)
 ✓ Compiled in 163ms (715 modules)
 ✓ Compiled in 161ms (715 modules)
 ✓ Compiled in 143ms (715 modules)
 ✓ Compiled in 148ms (715 modules)
 ✓ Compiled in 142ms (715 modules)
 ✓ Compiled in 153ms (715 modules)
 ✓ Compiled in 147ms (715 modules)
 ✓ Compiled in 144ms (715 modules)
 ✓ Compiled in 141ms (715 modules)
 ✓ Compiled in 128ms (715 modules)
 ✓ Compiled in 162ms (715 modules)
 ✓ Compiled in 194ms (715 modules)
 ✓ Compiled in 174ms (715 modules)
 ✓ Compiled in 183ms (715 modules)
 ✓ Compiled in 178ms (715 modules)
 ✓ Compiled in 214ms (715 modules)
 ✓ Compiled in 257ms (715 modules)
 ✓ Compiled in 184ms (715 modules)
 ✓ Compiled in 229ms (715 modules)
 ✓ Compiled in 205ms (715 modules)
 ✓ Compiled in 207ms (715 modules)
 ✓ Compiled in 201ms (715 modules)
 ✓ Compiled in 201ms (715 modules)
 ✓ Compiled in 167ms (715 modules)
 ✓ Compiled in 174ms (715 modules)
 ✓ Compiled in 149ms (715 modules)
 ✓ Compiled in 148ms (715 modules)
 ✓ Compiled in 155ms (715 modules)
 ✓ Compiled in 152ms (715 modules)
 ✓ Compiled in 139ms (715 modules)
 ✓ Compiled in 164ms (715 modules)
 ✓ Compiled in 147ms (715 modules)
 ✓ Compiled in 161ms (715 modules)
 ✓ Compiled in 143ms (715 modules)
 ✓ Compiled in 196ms (715 modules)
 ✓ Compiled in 214ms (715 modules)
 ✓ Compiled in 179ms (715 modules)
 ✓ Compiled in 142ms (715 modules)
 ✓ Compiled in 235ms (715 modules)
 ✓ Compiled in 196ms (715 modules)
 ✓ Compiled in 168ms (715 modules)
 ✓ Compiled in 153ms (715 modules)
 ✓ Compiled in 149ms (715 modules)
 ✓ Compiled in 148ms (715 modules)
 ✓ Compiled in 139ms (715 modules)
 ✓ Compiled in 146ms (715 modules)
 ✓ Compiled in 150ms (715 modules)
 ✓ Compiled in 172ms (715 modules)
 ✓ Compiled in 204ms (715 modules)
 ✓ Compiled in 191ms (715 modules)
 ✓ Compiled in 160ms (715 modules)
 ✓ Compiled in 134ms (715 modules)
 ✓ Compiled in 138ms (715 modules)
 ✓ Compiled in 166ms (715 modules)
 ✓ Compiled in 144ms (715 modules)
 ✓ Compiled in 176ms (715 modules)
 ✓ Compiled in 196ms (715 modules)
 ✓ Compiled in 147ms (715 modules)
 ✓ Compiled in 153ms (715 modules)
 ✓ Compiled in 181ms (715 modules)
 ✓ Compiled in 169ms (715 modules)
 ✓ Compiled in 135ms (715 modules)
 ✓ Compiled in 195ms (715 modules)
 ✓ Compiled in 169ms (715 modules)
 ✓ Compiled in 175ms (715 modules)
 ✓ Compiled in 169ms (715 modules)
 ✓ Compiled in 132ms (715 modules)
 ✓ Compiled in 133ms (715 modules)
 ✓ Compiled in 170ms (715 modules)
 ✓ Compiled in 165ms (715 modules)
 ✓ Compiled in 151ms (715 modules)
 ✓ Compiled in 141ms (715 modules)
 ✓ Compiled in 138ms (715 modules)
 ✓ Compiled in 150ms (715 modules)
 ✓ Compiled in 166ms (715 modules)
 ✓ Compiled in 125ms (715 modules)
 ✓ Compiled in 179ms (715 modules)
 ✓ Compiled in 206ms (715 modules)
 ✓ Compiled in 162ms (715 modules)
 ✓ Compiled in 148ms (715 modules)
 ✓ Compiled in 251ms (715 modules)
 ✓ Compiled in 206ms (715 modules)
 ✓ Compiled in 177ms (715 modules)
 ✓ Compiled in 136ms (715 modules)
 ✓ Compiled in 140ms (715 modules)
 ✓ Compiled in 136ms (715 modules)
 ✓ Compiled in 130ms (715 modules)
 ✓ Compiled in 124ms (715 modules)
 ✓ Compiled in 123ms (715 modules)
 ✓ Compiled in 151ms (715 modules)
 ✓ Compiled in 133ms (715 modules)
 ✓ Compiled in 135ms (715 modules)
 ✓ Compiled in 120ms (715 modules)
 ✓ Compiled in 125ms (715 modules)
 ✓ Compiled in 139ms (715 modules)
 ✓ Compiled in 116ms (715 modules)
 ✓ Compiled in 126ms (715 modules)
 ✓ Compiled in 130ms (715 modules)
 ✓ Compiled in 126ms (715 modules)
 ✓ Compiled in 170ms (715 modules)
 ✓ Compiled in 157ms (715 modules)
 ✓ Compiled in 141ms (715 modules)
 ✓ Compiled in 129ms (715 modules)
 ✓ Compiled in 153ms (715 modules)
 ✓ Compiled in 160ms (715 modules)
 ✓ Compiled in 128ms (715 modules)
 ✓ Compiled in 115ms (715 modules)
 ✓ Compiled in 125ms (715 modules)
 ✓ Compiled in 124ms (715 modules)
 ✓ Compiled in 132ms (715 modules)
 ✓ Compiled in 135ms (715 modules)
 ✓ Compiled in 119ms (715 modules)
 ✓ Compiled in 128ms (715 modules)
 ✓ Compiled in 129ms (715 modules)
 ✓ Compiled in 133ms (715 modules)
 ✓ Compiled in 131ms (715 modules)
 ✓ Compiled in 113ms (715 modules)
 ✓ Compiled in 119ms (715 modules)
 ✓ Compiled in 134ms (715 modules)
 ✓ Compiled in 134ms (715 modules)
 ✓ Compiled in 129ms (715 modules)
 ✓ Compiled in 126ms (715 modules)
 ✓ Compiled in 134ms (715 modules)
 ✓ Compiled in 153ms (715 modules)
 ✓ Compiled in 244ms (715 modules)
 ✓ Compiled in 216ms (715 modules)
 ✓ Compiled in 149ms (715 modules)
 ✓ Compiled in 224ms (715 modules)
 ✓ Compiled in 185ms (715 modules)
 ✓ Compiled in 150ms (715 modules)
 ✓ Compiled in 126ms (715 modules)
 ✓ Compiled in 139ms (715 modules)
 ✓ Compiled in 117ms (715 modules)
 ✓ Compiled in 137ms (715 modules)
 ✓ Compiled in 135ms (715 modules)
 ✓ Compiled in 138ms (715 modules)
 ✓ Compiled in 129ms (715 modules)
 ✓ Compiled in 138ms (715 modules)
 ✓ Compiled in 142ms (715 modules)
 ✓ Compiled in 160ms (715 modules)
 ✓ Compiled in 165ms (715 modules)
 ✓ Compiled in 119ms (715 modules)
 ✓ Compiled in 121ms (715 modules)
 ✓ Compiled in 128ms (715 modules)
 ✓ Compiled in 133ms (715 modules)
 ✓ Compiled in 128ms (715 modules)
 ✓ Compiled in 142ms (715 modules)
 ✓ Compiled in 149ms (715 modules)
 ✓ Compiled in 176ms (715 modules)
 ✓ Compiled in 127ms (715 modules)
 ✓ Compiled in 126ms (715 modules)
 ✓ Compiled in 145ms (715 modules)
 ✓ Compiled in 151ms (715 modules)
 ✓ Compiled in 134ms (715 modules)
 ✓ Compiled in 127ms (715 modules)
 ✓ Compiled in 120ms (715 modules)
 ✓ Compiled in 120ms (715 modules)
 ✓ Compiled in 122ms (715 modules)
 ✓ Compiled in 127ms (715 modules)
 ✓ Compiled in 131ms (715 modules)
 ✓ Compiled in 152ms (715 modules)
 ✓ Compiled in 147ms (715 modules)
 ✓ Compiled in 125ms (715 modules)
 ✓ Compiled in 126ms (715 modules)
 ✓ Compiled in 123ms (715 modules)
 ✓ Compiled in 124ms (715 modules)
 ✓ Compiled in 128ms (715 modules)
 ✓ Compiled in 123ms (715 modules)
 ✓ Compiled in 122ms (715 modules)
 ✓ Compiled in 127ms (715 modules)
 ✓ Compiled in 127ms (715 modules)
 ✓ Compiled in 129ms (715 modules)
 ✓ Compiled in 150ms (715 modules)
 ✓ Compiled in 157ms (715 modules)
 ✓ Compiled in 146ms (715 modules)
 ✓ Compiled in 138ms (715 modules)
 ✓ Compiled in 145ms (715 modules)
 ✓ Compiled in 185ms (715 modules)
 ✓ Compiled in 143ms (715 modules)
 ✓ Compiled in 136ms (715 modules)
 ✓ Compiled in 154ms (715 modules)
 ✓ Compiled in 132ms (715 modules)
 ✓ Compiled in 129ms (715 modules)
 ✓ Compiled in 121ms (715 modules)
 ✓ Compiled in 126ms (715 modules)
 ✓ Compiled in 116ms (715 modules)
 ✓ Compiled in 117ms (715 modules)
 ✓ Compiled in 116ms (715 modules)
 ✓ Compiled in 128ms (715 modules)
 ✓ Compiled in 120ms (715 modules)
 ✓ Compiled in 125ms (715 modules)
 ✓ Compiled in 119ms (715 modules)
 ✓ Compiled in 128ms (715 modules)
 ✓ Compiled in 129ms (715 modules)
 ✓ Compiled in 118ms (715 modules)
 ✓ Compiled in 130ms (715 modules)
 ✓ Compiled in 118ms (715 modules)
 ✓ Compiled in 123ms (715 modules)
 ✓ Compiled in 151ms (715 modules)
 ✓ Compiled in 154ms (715 modules)
 ✓ Compiled in 126ms (715 modules)
 ✓ Compiled in 119ms (715 modules)
 ✓ Compiled in 140ms (715 modules)
 ✓ Compiled in 140ms (715 modules)
 ✓ Compiled in 131ms (715 modules)
 ✓ Compiled in 117ms (715 modules)
 ✓ Compiled in 119ms (715 modules)
 ✓ Compiled in 127ms (715 modules)
 ✓ Compiled in 133ms (715 modules)
 ✓ Compiled in 126ms (715 modules)
 ✓ Compiled in 175ms (715 modules)
 ✓ Compiled in 135ms (715 modules)
 ✓ Compiled in 127ms (715 modules)
 ✓ Compiled in 120ms (715 modules)
 ✓ Compiled in 129ms (715 modules)
 ✓ Compiled in 122ms (715 modules)
 ✓ Compiled in 117ms (715 modules)
 ✓ Compiled in 116ms (715 modules)
 ✓ Compiled in 120ms (715 modules)
 ✓ Compiled in 133ms (715 modules)
 ✓ Compiled in 124ms (715 modules)
 ✓ Compiled in 128ms (715 modules)
 ✓ Compiled in 126ms (715 modules)
 ✓ Compiled in 116ms (715 modules)
 ✓ Compiled in 151ms (715 modules)
 ✓ Compiled in 153ms (715 modules)
 ✓ Compiled in 156ms (715 modules)
 ✓ Compiled in 155ms (715 modules)
 ✓ Compiled in 229ms (715 modules)
 ✓ Compiled in 207ms (715 modules)
 ✓ Compiled in 159ms (715 modules)
 ✓ Compiled in 132ms (715 modules)
 ✓ Compiled in 146ms (715 modules)
 ✓ Compiled in 140ms (715 modules)
 ✓ Compiled in 125ms (715 modules)
 ✓ Compiled in 113ms (715 modules)
 ✓ Compiled in 117ms (715 modules)
 ✓ Compiled in 119ms (715 modules)
 ✓ Compiled in 117ms (715 modules)
 ✓ Compiled in 115ms (715 modules)
 ✓ Compiled in 137ms (715 modules)
 ✓ Compiled in 140ms (715 modules)
 ✓ Compiled in 185ms (715 modules)
 ✓ Compiled in 144ms (715 modules)
 ✓ Compiled in 129ms (715 modules)
 ✓ Compiled in 138ms (715 modules)
 ✓ Compiled in 133ms (715 modules)
 ✓ Compiled in 144ms (715 modules)
 ✓ Compiled in 154ms (715 modules)
 ✓ Compiled in 144ms (715 modules)
 ✓ Compiled in 126ms (715 modules)
 ✓ Compiled in 178ms (715 modules)
 ✓ Compiled in 139ms (715 modules)
 ✓ Compiled in 137ms (715 modules)
 ✓ Compiled in 134ms (715 modules)
 ✓ Compiled in 137ms (715 modules)
 ✓ Compiled in 155ms (715 modules)
 ✓ Compiled in 164ms (715 modules)
 ✓ Compiled in 152ms (715 modules)
 ✓ Compiled in 115ms (715 modules)
 ✓ Compiled in 112ms (715 modules)
 ✓ Compiled in 107ms (715 modules)
 ✓ Compiled in 108ms (715 modules)
 ✓ Compiled in 134ms (715 modules)
 ✓ Compiled in 118ms (715 modules)
 ✓ Compiled in 127ms (715 modules)
 ✓ Compiled in 114ms (715 modules)
 ✓ Compiled in 119ms (715 modules)
 ✓ Compiled in 122ms (715 modules)
 ✓ Compiled in 117ms (715 modules)
 ✓ Compiled in 117ms (715 modules)
 ✓ Compiled in 107ms (715 modules)
 ✓ Compiled in 125ms (715 modules)
 ✓ Compiled in 212ms (715 modules)
 ✓ Compiled in 210ms (715 modules)
 ✓ Compiled in 181ms (715 modules)
 ✓ Compiled in 166ms (715 modules)
 ✓ Compiled in 145ms (715 modules)
 ✓ Compiled in 135ms (715 modules)
 ✓ Compiled in 119ms (715 modules)
 ✓ Compiled in 105ms (715 modules)
 ✓ Compiled in 111ms (715 modules)
 ✓ Compiled in 135ms (715 modules)
 ✓ Compiled in 118ms (715 modules)
 ✓ Compiled in 114ms (715 modules)
 ✓ Compiled in 130ms (715 modules)
 ✓ Compiled in 116ms (715 modules)
 ✓ Compiled in 145ms (715 modules)
 ✓ Compiled in 181ms (715 modules)
 ✓ Compiled in 196ms (715 modules)
 ✓ Compiled in 175ms (715 modules)
 ✓ Compiled in 140ms (715 modules)
 ✓ Compiled in 236ms (715 modules)
 ✓ Compiled in 179ms (715 modules)
 ✓ Compiled in 177ms (715 modules)
 ✓ Compiled in 176ms (715 modules)
 ✓ Compiled in 182ms (715 modules)
 ✓ Compiled in 187ms (715 modules)
 ✓ Compiled in 146ms (715 modules)
 ✓ Compiled in 203ms (715 modules)
 ✓ Compiled in 171ms (715 modules)
 ✓ Compiled in 144ms (715 modules)
 ✓ Compiled in 139ms (715 modules)
 ✓ Compiled in 137ms (715 modules)
 ✓ Compiled in 134ms (715 modules)
 ✓ Compiled in 154ms (715 modules)
 ✓ Compiled in 136ms (715 modules)
 ✓ Compiled in 167ms (715 modules)
 ✓ Compiled in 144ms (715 modules)
 ✓ Compiled in 125ms (715 modules)
 ✓ Compiled in 125ms (715 modules)
 ✓ Compiled in 133ms (715 modules)
 ✓ Compiled in 146ms (715 modules)
 ✓ Compiled in 155ms (715 modules)
 ✓ Compiled in 142ms (715 modules)
 ✓ Compiled in 140ms (715 modules)
 ✓ Compiled in 140ms (715 modules)
 ✓ Compiled in 123ms (715 modules)
 ✓ Compiled in 174ms (715 modules)
 ✓ Compiled in 208ms (715 modules)
 ✓ Compiled in 158ms (715 modules)
 ✓ Compiled in 148ms (715 modules)
 ✓ Compiled in 192ms (715 modules)
 ✓ Compiled in 149ms (715 modules)
 ✓ Compiled in 124ms (715 modules)
 ✓ Compiled in 133ms (715 modules)
 ✓ Compiled in 120ms (715 modules)
 ✓ Compiled in 127ms (715 modules)
 ✓ Compiled in 122ms (715 modules)
 ✓ Compiled in 128ms (715 modules)
 ✓ Compiled in 138ms (715 modules)
 ✓ Compiled in 134ms (715 modules)
 ✓ Compiled in 137ms (715 modules)
 ✓ Compiled in 133ms (715 modules)
 ✓ Compiled in 146ms (715 modules)
 ✓ Compiled in 126ms (715 modules)
 ✓ Compiled in 118ms (715 modules)
 ✓ Compiled in 121ms (715 modules)
 ✓ Compiled in 125ms (715 modules)
 ✓ Compiled in 118ms (715 modules)
 ✓ Compiled in 125ms (715 modules)
 ✓ Compiled in 121ms (715 modules)
 ✓ Compiled in 140ms (715 modules)
 ✓ Compiled in 135ms (715 modules)
 ✓ Compiled in 131ms (715 modules)
 ✓ Compiled in 121ms (715 modules)
 ✓ Compiled in 112ms (715 modules)
 ✓ Compiled in 143ms (715 modules)
 ✓ Compiled in 135ms (715 modules)
 ✓ Compiled in 125ms (715 modules)
 ✓ Compiled in 121ms (715 modules)
 ✓ Compiled in 114ms (715 modules)
 ✓ Compiled in 112ms (715 modules)
 ✓ Compiled in 118ms (715 modules)
 ✓ Compiled in 117ms (715 modules)
 ✓ Compiled in 115ms (715 modules)
 ✓ Compiled in 112ms (715 modules)
 ✓ Compiled in 135ms (715 modules)
 ✓ Compiled in 146ms (715 modules)
 ✓ Compiled in 141ms (715 modules)
 ✓ Compiled in 125ms (715 modules)
 ✓ Compiled in 134ms (715 modules)
 ✓ Compiled in 127ms (715 modules)
 ✓ Compiled in 137ms (715 modules)
 ✓ Compiled in 140ms (715 modules)
 ✓ Compiled in 139ms (715 modules)
 ✓ Compiled in 176ms (715 modules)
 ✓ Compiled in 140ms (715 modules)
 ✓ Compiled in 179ms (715 modules)
 ✓ Compiled in 177ms (715 modules)
 ✓ Compiled in 224ms (715 modules)
 ✓ Compiled in 148ms (715 modules)
 ✓ Compiled in 193ms (715 modules)
 ✓ Compiled in 202ms (715 modules)
 ✓ Compiled in 166ms (715 modules)
 ✓ Compiled in 182ms (715 modules)
 ✓ Compiled in 232ms (715 modules)
 ✓ Compiled in 145ms (715 modules)
 ✓ Compiled in 135ms (715 modules)
 ✓ Compiled in 162ms (715 modules)
 ✓ Compiled in 139ms (715 modules)
 ✓ Compiled in 153ms (715 modules)
 ✓ Compiled in 125ms (715 modules)
 ✓ Compiled in 130ms (715 modules)
 ✓ Compiled in 132ms (715 modules)
 ✓ Compiled in 131ms (715 modules)
 ✓ Compiled in 152ms (715 modules)
 ✓ Compiled in 256ms (715 modules)
 ✓ Compiled in 180ms (715 modules)
 ✓ Compiled in 205ms (715 modules)
 ✓ Compiled in 179ms (715 modules)
 ✓ Compiled in 138ms (715 modules)
 ✓ Compiled in 196ms (715 modules)
 ✓ Compiled in 154ms (715 modules)
 ✓ Compiled in 132ms (715 modules)
 ✓ Compiled in 128ms (715 modules)
 ✓ Compiled in 146ms (715 modules)
 ✓ Compiled in 125ms (715 modules)
 ✓ Compiled in 153ms (715 modules)
 ✓ Compiled in 166ms (715 modules)
 ✓ Compiled in 151ms (715 modules)
 ✓ Compiled in 148ms (715 modules)
 ✓ Compiled in 164ms (715 modules)
 ✓ Compiled in 154ms (715 modules)
 ✓ Compiled in 165ms (715 modules)
 ✓ Compiled in 140ms (715 modules)
 ✓ Compiled in 158ms (715 modules)
 ✓ Compiled in 170ms (715 modules)
 ✓ Compiled in 177ms (715 modules)
 ✓ Compiled in 148ms (715 modules)
 ✓ Compiled in 183ms (715 modules)
 ✓ Compiled in 215ms (715 modules)
 ✓ Compiled in 152ms (715 modules)
 ✓ Compiled in 163ms (715 modules)
 ✓ Compiled in 167ms (715 modules)
 ✓ Compiled in 162ms (715 modules)
 ✓ Compiled in 143ms (715 modules)
 ✓ Compiled in 130ms (715 modules)
 ✓ Compiled in 141ms (715 modules)
 ✓ Compiled in 130ms (715 modules)
 ✓ Compiled in 140ms (715 modules)
 ✓ Compiled in 140ms (715 modules)
 ✓ Compiled in 140ms (715 modules)
 ✓ Compiled in 145ms (715 modules)
 ✓ Compiled in 141ms (715 modules)
 ✓ Compiled in 142ms (715 modules)
 ✓ Compiled in 155ms (715 modules)
 ✓ Compiled in 151ms (715 modules)
 ✓ Compiled in 143ms (715 modules)
 ✓ Compiled in 144ms (715 modules)
 ✓ Compiled in 154ms (715 modules)
 ✓ Compiled in 157ms (715 modules)
 ✓ Compiled in 189ms (715 modules)
 ✓ Compiled in 170ms (715 modules)
 ✓ Compiled in 174ms (715 modules)
 ✓ Compiled in 147ms (715 modules)
 ✓ Compiled in 193ms (715 modules)
 ✓ Compiled in 180ms (715 modules)
 ✓ Compiled in 150ms (715 modules)
 ✓ Compiled in 136ms (715 modules)
 ✓ Compiled in 131ms (715 modules)
 ✓ Compiled in 135ms (715 modules)
 ✓ Compiled in 141ms (715 modules)
 ✓ Compiled in 129ms (715 modules)
 ✓ Compiled in 136ms (715 modules)
 ✓ Compiled in 140ms (715 modules)
 ✓ Compiled in 125ms (715 modules)
 ✓ Compiled in 142ms (715 modules)
 ✓ Compiled in 137ms (715 modules)
 ✓ Compiled in 137ms (715 modules)
 ✓ Compiled in 155ms (715 modules)
 ✓ Compiled in 133ms (715 modules)
 ✓ Compiled in 146ms (715 modules)
 ✓ Compiled in 243ms (715 modules)
 ✓ Compiled in 196ms (715 modules)
 ✓ Compiled in 235ms (715 modules)
 ✓ Compiled in 172ms (715 modules)
 ✓ Compiled in 149ms (715 modules)
 ✓ Compiled in 146ms (715 modules)
 ✓ Compiled in 137ms (715 modules)
 ✓ Compiled in 111ms (715 modules)
 ✓ Compiled in 111ms (715 modules)
 ✓ Compiled in 219ms (715 modules)
 ✓ Compiled in 358ms (715 modules)
 ✓ Compiled in 293ms (715 modules)
 ✓ Compiled in 113ms (715 modules)
 ✓ Compiled in 119ms (715 modules)
 ✓ Compiled in 112ms (715 modules)
 ✓ Compiled in 128ms (715 modules)
 ✓ Compiled in 116ms (715 modules)
 ✓ Compiled in 115ms (715 modules)
 ✓ Compiled in 109ms (715 modules)
 ✓ Compiled in 105ms (715 modules)
 ✓ Compiled in 125ms (715 modules)
 ✓ Compiled in 130ms (715 modules)
 ✓ Compiled in 121ms (715 modules)
 ✓ Compiled in 140ms (715 modules)
 ✓ Compiled in 152ms (715 modules)
 ✓ Compiled in 158ms (715 modules)
 ✓ Compiled in 125ms (715 modules)
 ✓ Compiled in 154ms (715 modules)
 ✓ Compiled in 138ms (715 modules)
 ✓ Compiled in 121ms (715 modules)
 ✓ Compiled in 120ms (715 modules)
 ✓ Compiled in 119ms (715 modules)
 ✓ Compiled in 129ms (715 modules)
 ✓ Compiled in 117ms (715 modules)
 ✓ Compiled in 117ms (715 modules)
 ✓ Compiled in 139ms (715 modules)
 ✓ Compiled in 127ms (715 modules)
 ✓ Compiled in 131ms (715 modules)
 ✓ Compiled in 118ms (715 modules)
 ✓ Compiled in 118ms (715 modules)
 ✓ Compiled in 117ms (715 modules)
 ✓ Compiled in 116ms (715 modules)
 ✓ Compiled in 119ms (715 modules)
 ✓ Compiled in 115ms (715 modules)
 ✓ Compiled in 123ms (715 modules)
 ✓ Compiled in 128ms (715 modules)
 ✓ Compiled in 118ms (715 modules)
 ✓ Compiled in 115ms (715 modules)
 ✓ Compiled in 132ms (715 modules)
 ✓ Compiled in 109ms (715 modules)
 ✓ Compiled in 156ms (715 modules)
 ✓ Compiled in 178ms (715 modules)
 ✓ Compiled in 151ms (715 modules)
 ✓ Compiled in 118ms (715 modules)
 ✓ Compiled in 161ms (715 modules)
 ✓ Compiled in 138ms (715 modules)
 ✓ Compiled in 132ms (715 modules)
 ✓ Compiled in 112ms (715 modules)
 ✓ Compiled in 120ms (715 modules)
 ✓ Compiled in 121ms (715 modules)
 ✓ Compiled in 123ms (715 modules)
 ✓ Compiled in 112ms (715 modules)
 ✓ Compiled in 116ms (715 modules)
 ✓ Compiled in 119ms (715 modules)
 ✓ Compiled in 107ms (715 modules)
 ✓ Compiled in 125ms (715 modules)
 ✓ Compiled in 118ms (715 modules)
 ✓ Compiled in 124ms (715 modules)
 ✓ Compiled in 123ms (715 modules)
 ✓ Compiled in 122ms (715 modules)
 ✓ Compiled in 110ms (715 modules)
 ✓ Compiled in 123ms (715 modules)
 ✓ Compiled in 110ms (715 modules)
 ✓ Compiled in 210ms (715 modules)
 ✓ Compiled in 127ms (715 modules)
 ✓ Compiled in 109ms (715 modules)
 ✓ Compiled in 160ms (715 modules)
 ✓ Compiled in 170ms (715 modules)
 ✓ Compiled in 156ms (715 modules)
 ✓ Compiled in 188ms (715 modules)
 ✓ Compiled in 177ms (715 modules)
 ✓ Compiled in 149ms (715 modules)
 ✓ Compiled in 132ms (715 modules)
 ✓ Compiled in 133ms (715 modules)
 ✓ Compiled in 130ms (715 modules)
 ✓ Compiled in 127ms (715 modules)
 ✓ Compiled in 129ms (715 modules)
 ✓ Compiled in 140ms (715 modules)
 ✓ Compiled in 151ms (715 modules)
 ✓ Compiled in 138ms (715 modules)
 ✓ Compiled in 162ms (715 modules)
 ✓ Compiled in 141ms (715 modules)
 ✓ Compiled in 132ms (715 modules)
 ✓ Compiled in 128ms (715 modules)
 ✓ Compiled in 147ms (715 modules)
 ✓ Compiled in 142ms (715 modules)
 ✓ Compiled in 141ms (715 modules)
 ✓ Compiled in 148ms (715 modules)
 ✓ Compiled in 138ms (715 modules)
 ✓ Compiled in 161ms (715 modules)
 ✓ Compiled in 180ms (715 modules)
 ✓ Compiled in 193ms (715 modules)
 ✓ Compiled in 135ms (715 modules)
 ✓ Compiled in 152ms (715 modules)
 ✓ Compiled in 168ms (715 modules)
 ✓ Compiled in 156ms (715 modules)
 ✓ Compiled in 137ms (715 modules)
 ✓ Compiled in 138ms (715 modules)
 ✓ Compiled in 131ms (715 modules)
 ✓ Compiled in 127ms (715 modules)
 ✓ Compiled in 123ms (715 modules)
 ✓ Compiled in 119ms (715 modules)
 ✓ Compiled in 118ms (715 modules)
 ✓ Compiled in 116ms (715 modules)
 ✓ Compiled in 106ms (715 modules)
 ✓ Compiled in 113ms (715 modules)
 ✓ Compiled in 136ms (715 modules)
 ✓ Compiled in 121ms (715 modules)
 ✓ Compiled in 122ms (715 modules)
 ✓ Compiled in 133ms (715 modules)
 ✓ Compiled in 139ms (715 modules)
 ✓ Compiled in 121ms (715 modules)
 ✓ Compiled in 146ms (715 modules)
 ✓ Compiled in 127ms (715 modules)
 ✓ Compiled in 142ms (715 modules)
 ✓ Compiled in 149ms (715 modules)
 ✓ Compiled in 136ms (715 modules)
 ✓ Compiled in 127ms (715 modules)
 ✓ Compiled in 122ms (715 modules)
 ✓ Compiled in 155ms (715 modules)
 ✓ Compiled in 153ms (715 modules)
 ✓ Compiled in 127ms (715 modules)
 ✓ Compiled in 125ms (715 modules)
 ✓ Compiled in 125ms (715 modules)
 ✓ Compiled in 120ms (715 modules)
 ✓ Compiled in 136ms (715 modules)
 ✓ Compiled in 131ms (715 modules)
 ✓ Compiled in 131ms (715 modules)
 ✓ Compiled in 116ms (715 modules)
 ✓ Compiled in 116ms (715 modules)
 ✓ Compiled in 120ms (715 modules)
 ✓ Compiled in 132ms (715 modules)
 ✓ Compiled in 126ms (715 modules)
 ✓ Compiled in 114ms (715 modules)
 ✓ Compiled in 122ms (715 modules)
 ✓ Compiled in 118ms (715 modules)
 ✓ Compiled in 128ms (715 modules)
 ✓ Compiled in 116ms (715 modules)
 ✓ Compiled in 116ms (715 modules)
 ✓ Compiled in 127ms (715 modules)
 ✓ Compiled in 113ms (715 modules)
 ✓ Compiled in 124ms (715 modules)
 ✓ Compiled in 148ms (715 modules)
 ✓ Compiled in 122ms (715 modules)
 ✓ Compiled in 117ms (715 modules)
 ✓ Compiled in 105ms (715 modules)
 ✓ Compiled in 127ms (715 modules)
 ✓ Compiled in 121ms (715 modules)
 ✓ Compiled in 117ms (715 modules)
 ✓ Compiled in 152ms (715 modules)
 ✓ Compiled in 118ms (715 modules)
 ✓ Compiled in 111ms (715 modules)
 ✓ Compiled in 117ms (715 modules)
 ✓ Compiled in 113ms (715 modules)
 ✓ Compiled in 107ms (715 modules)
 ✓ Compiled in 105ms (715 modules)
 ✓ Compiled in 111ms (715 modules)
 ✓ Compiled in 126ms (715 modules)
 ✓ Compiled in 106ms (715 modules)
 ✓ Compiled in 112ms (715 modules)
 ✓ Compiled in 105ms (715 modules)
 ✓ Compiled in 111ms (715 modules)
 ✓ Compiled in 120ms (715 modules)
 ✓ Compiled in 109ms (715 modules)
 ✓ Compiled in 111ms (715 modules)
 ✓ Compiled in 124ms (715 modules)
 ✓ Compiled in 128ms (715 modules)
 ✓ Compiled in 107ms (715 modules)
 ✓ Compiled in 117ms (715 modules)
 ✓ Compiled in 118ms (715 modules)
 ✓ Compiled in 137ms (715 modules)
 ✓ Compiled in 136ms (715 modules)
 ✓ Compiled in 123ms (715 modules)
 ✓ Compiled in 110ms (715 modules)
 ✓ Compiled in 117ms (715 modules)
 ✓ Compiled in 125ms (715 modules)
 ✓ Compiled in 127ms (715 modules)
 ✓ Compiled in 135ms (715 modules)
 ✓ Compiled in 117ms (715 modules)
 ✓ Compiled in 118ms (715 modules)
 ✓ Compiled in 115ms (715 modules)
 ✓ Compiled in 112ms (715 modules)
 ✓ Compiled in 116ms (715 modules)
 ✓ Compiled in 108ms (715 modules)
 ✓ Compiled in 115ms (715 modules)
 ✓ Compiled in 107ms (715 modules)
 ✓ Compiled in 113ms (715 modules)
 ✓ Compiled in 114ms (715 modules)
 ✓ Compiled in 122ms (715 modules)
 ✓ Compiled in 113ms (715 modules)
 ✓ Compiled in 110ms (715 modules)
 ✓ Compiled in 116ms (715 modules)
 ✓ Compiled in 117ms (715 modules)
 ✓ Compiled in 121ms (715 modules)
 ✓ Compiled in 110ms (715 modules)
 ✓ Compiled in 116ms (715 modules)
 ✓ Compiled in 130ms (715 modules)
 ✓ Compiled in 122ms (715 modules)
 ✓ Compiled in 113ms (715 modules)
 ✓ Compiled in 138ms (715 modules)
 ✓ Compiled in 140ms (715 modules)
 ✓ Compiled in 134ms (715 modules)
 ✓ Compiled in 117ms (715 modules)
 ✓ Compiled in 118ms (715 modules)
 ✓ Compiled in 124ms (715 modules)
 ✓ Compiled in 136ms (715 modules)
 ✓ Compiled in 126ms (715 modules)
 ✓ Compiled in 117ms (715 modules)
 ✓ Compiled in 117ms (715 modules)
 ✓ Compiled in 114ms (715 modules)
 ✓ Compiled in 112ms (715 modules)
 ✓ Compiled in 124ms (715 modules)
 ✓ Compiled in 112ms (715 modules)
 ✓ Compiled in 117ms (715 modules)
 ✓ Compiled in 112ms (715 modules)
 ✓ Compiled in 123ms (715 modules)
 ✓ Compiled in 121ms (715 modules)
 ✓ Compiled in 129ms (715 modules)
 ✓ Compiled in 113ms (715 modules)
 ✓ Compiled in 116ms (715 modules)
 ✓ Compiled in 117ms (715 modules)
 ✓ Compiled in 111ms (715 modules)
 ✓ Compiled in 135ms (715 modules)
 ✓ Compiled in 127ms (715 modules)
 ✓ Compiled in 115ms (715 modules)
 ✓ Compiled in 144ms (715 modules)
 ✓ Compiled in 113ms (715 modules)
 ✓ Compiled in 146ms (715 modules)
 ✓ Compiled in 139ms (715 modules)
 ✓ Compiled in 136ms (715 modules)
 ✓ Compiled in 120ms (715 modules)
 ✓ Compiled in 120ms (715 modules)
 ✓ Compiled in 208ms (715 modules)
 ✓ Compiled in 145ms (715 modules)
 ✓ Compiled in 120ms (715 modules)
 ✓ Compiled in 119ms (715 modules)
 ✓ Compiled in 128ms (715 modules)
 ✓ Compiled in 113ms (715 modules)
 ✓ Compiled in 128ms (715 modules)
 ✓ Compiled in 117ms (715 modules)
 ✓ Compiled in 120ms (715 modules)
 ✓ Compiled in 123ms (715 modules)
 ✓ Compiled in 114ms (715 modules)
 ✓ Compiled in 142ms (715 modules)
 ✓ Compiled in 119ms (715 modules)
 ✓ Compiled in 110ms (715 modules)
 ✓ Compiled in 123ms (715 modules)
 ✓ Compiled in 119ms (715 modules)
 ✓ Compiled in 117ms (715 modules)
 ✓ Compiled in 119ms (715 modules)
 ✓ Compiled in 122ms (715 modules)
 ✓ Compiled in 127ms (715 modules)
 ✓ Compiled in 110ms (715 modules)
 ✓ Compiled in 139ms (715 modules)
 ✓ Compiled in 136ms (715 modules)
 ✓ Compiled in 143ms (715 modules)
 ✓ Compiled in 135ms (715 modules)
 ✓ Compiled in 116ms (715 modules)
 ✓ Compiled in 142ms (715 modules)
 ✓ Compiled in 146ms (715 modules)
 ✓ Compiled in 128ms (715 modules)
 ✓ Compiled in 128ms (715 modules)
 ✓ Compiled in 119ms (715 modules)
 ✓ Compiled in 117ms (715 modules)
 ✓ Compiled in 120ms (715 modules)
 ✓ Compiled in 123ms (715 modules)
 ✓ Compiled in 124ms (715 modules)
 ✓ Compiled in 116ms (715 modules)
 ✓ Compiled in 120ms (715 modules)
 ✓ Compiled in 131ms (715 modules)
 ✓ Compiled in 126ms (715 modules)
 ✓ Compiled in 115ms (715 modules)
 ✓ Compiled in 124ms (715 modules)
 ✓ Compiled in 125ms (715 modules)
 ✓ Compiled in 131ms (715 modules)
 ✓ Compiled in 123ms (715 modules)
 ✓ Compiled in 120ms (715 modules)
 ✓ Compiled in 111ms (715 modules)
 ✓ Compiled in 146ms (715 modules)
 ✓ Compiled in 121ms (715 modules)
 ✓ Compiled in 151ms (715 modules)
 ✓ Compiled in 149ms (715 modules)
 ✓ Compiled in 155ms (715 modules)
 ✓ Compiled in 119ms (715 modules)
 ✓ Compiled in 122ms (715 modules)
 ✓ Compiled in 147ms (715 modules)
 ✓ Compiled in 133ms (715 modules)
 ✓ Compiled in 117ms (715 modules)
 ✓ Compiled in 113ms (715 modules)
 ✓ Compiled in 118ms (715 modules)
 ✓ Compiled in 124ms (715 modules)
 ✓ Compiled in 196ms (715 modules)
 ✓ Compiled in 131ms (715 modules)
 ✓ Compiled in 118ms (715 modules)
 ✓ Compiled in 119ms (715 modules)
 ✓ Compiled in 119ms (715 modules)
 ✓ Compiled in 112ms (715 modules)
 ✓ Compiled in 131ms (715 modules)
 ✓ Compiled in 132ms (715 modules)
 ✓ Compiled in 110ms (715 modules)
 ✓ Compiled in 120ms (715 modules)
 ✓ Compiled in 133ms (715 modules)
 ✓ Compiled in 133ms (715 modules)
 ✓ Compiled in 119ms (715 modules)
 ✓ Compiled in 136ms (715 modules)
 ✓ Compiled in 120ms (715 modules)
 ✓ Compiled in 139ms (715 modules)
 ✓ Compiled in 151ms (715 modules)
 ✓ Compiled in 158ms (715 modules)
 ✓ Compiled in 136ms (715 modules)
 ✓ Compiled in 117ms (715 modules)
 ✓ Compiled in 143ms (715 modules)
 ✓ Compiled in 136ms (715 modules)
 ✓ Compiled in 136ms (715 modules)
 ✓ Compiled in 116ms (715 modules)
 ✓ Compiled in 116ms (715 modules)
 ✓ Compiled in 149ms (715 modules)
 ✓ Compiled in 154ms (715 modules)
 ✓ Compiled in 139ms (715 modules)
 ✓ Compiled in 124ms (715 modules)
 ✓ Compiled in 122ms (715 modules)
 ✓ Compiled in 122ms (715 modules)
 ✓ Compiled in 120ms (715 modules)
 ✓ Compiled in 128ms (715 modules)
 ✓ Compiled in 128ms (715 modules)
 ✓ Compiled in 125ms (715 modules)
 ✓ Compiled in 109ms (715 modules)
 ✓ Compiled in 115ms (715 modules)
 ✓ Compiled in 116ms (715 modules)
 ✓ Compiled in 119ms (715 modules)
 ✓ Compiled in 122ms (715 modules)
 ✓ Compiled in 123ms (715 modules)
 ✓ Compiled in 122ms (715 modules)
 ✓ Compiled in 136ms (715 modules)
 ✓ Compiled in 128ms (715 modules)
 ✓ Compiled in 128ms (715 modules)
 ✓ Compiled in 120ms (715 modules)
 ✓ Compiled in 119ms (715 modules)
 ✓ Compiled in 141ms (715 modules)
 ✓ Compiled in 128ms (715 modules)
 ✓ Compiled in 125ms (715 modules)
 ✓ Compiled in 120ms (715 modules)
 ✓ Compiled in 127ms (715 modules)
 ✓ Compiled in 112ms (715 modules)
 ✓ Compiled in 102ms (715 modules)
 ✓ Compiled in 110ms (715 modules)
 ✓ Compiled in 123ms (715 modules)
 ✓ Compiled in 125ms (715 modules)
 ✓ Compiled in 112ms (715 modules)
 ✓ Compiled in 108ms (715 modules)
 ✓ Compiled in 118ms (715 modules)
 ✓ Compiled in 107ms (715 modules)
 ✓ Compiled in 106ms (715 modules)
 ✓ Compiled in 113ms (715 modules)
 ✓ Compiled in 115ms (715 modules)
 ✓ Compiled in 117ms (715 modules)
 ✓ Compiled in 109ms (715 modules)
 ✓ Compiled in 118ms (715 modules)
 ✓ Compiled in 113ms (715 modules)
 ✓ Compiled in 122ms (715 modules)
 ✓ Compiled in 113ms (715 modules)
 ✓ Compiled in 117ms (715 modules)
 ✓ Compiled in 128ms (715 modules)
 ✓ Compiled in 130ms (715 modules)
 ✓ Compiled in 117ms (715 modules)
 ✓ Compiled in 118ms (715 modules)
 ✓ Compiled in 111ms (715 modules)
 ✓ Compiled in 133ms (715 modules)
 ✓ Compiled in 123ms (715 modules)
 ✓ Compiled in 152ms (715 modules)
 ✓ Compiled in 120ms (715 modules)
 ✓ Compiled in 120ms (715 modules)
 ✓ Compiled in 109ms (715 modules)
 ✓ Compiled in 119ms (715 modules)
 ✓ Compiled in 136ms (715 modules)
 ✓ Compiled in 128ms (715 modules)
 ✓ Compiled in 143ms (715 modules)
 ✓ Compiled in 131ms (715 modules)
 ✓ Compiled in 123ms (715 modules)
 ✓ Compiled in 121ms (715 modules)
 ✓ Compiled in 120ms (715 modules)
 ✓ Compiled in 117ms (715 modules)
 ✓ Compiled in 119ms (715 modules)
 ✓ Compiled in 132ms (715 modules)
 ✓ Compiled in 116ms (715 modules)
 ✓ Compiled in 137ms (715 modules)
 ✓ Compiled in 141ms (715 modules)
 ✓ Compiled in 144ms (715 modules)
 ✓ Compiled in 116ms (715 modules)
 ✓ Compiled in 138ms (715 modules)
 ✓ Compiled in 128ms (715 modules)
 ✓ Compiled in 134ms (715 modules)
 ✓ Compiled in 112ms (715 modules)
 ✓ Compiled in 107ms (715 modules)
 ✓ Compiled in 107ms (715 modules)
 ✓ Compiled in 118ms (715 modules)
 ✓ Compiled in 105ms (715 modules)
 ✓ Compiled in 112ms (715 modules)
 ✓ Compiled in 114ms (715 modules)
 ✓ Compiled in 118ms (715 modules)
 ✓ Compiled in 106ms (715 modules)
 ✓ Compiled in 168ms (715 modules)
 ✓ Compiled in 150ms (715 modules)
 ✓ Compiled in 128ms (715 modules)
 ✓ Compiled in 107ms (715 modules)
 ✓ Compiled in 117ms (715 modules)
 ✓ Compiled in 115ms (715 modules)
 ✓ Compiled in 125ms (715 modules)
 ✓ Compiled in 111ms (715 modules)
 ✓ Compiled in 108ms (715 modules)
 ✓ Compiled in 128ms (715 modules)
 ✓ Compiled in 111ms (715 modules)
 ✓ Compiled in 123ms (715 modules)
 ✓ Compiled in 132ms (715 modules)
 ✓ Compiled in 131ms (715 modules)
 ✓ Compiled in 129ms (715 modules)
 ✓ Compiled in 119ms (715 modules)
 ✓ Compiled in 136ms (715 modules)
 ✓ Compiled in 131ms (715 modules)
 ✓ Compiled in 128ms (715 modules)
 ✓ Compiled in 103ms (715 modules)
 ✓ Compiled in 110ms (715 modules)
 ✓ Compiled in 123ms (715 modules)
 ✓ Compiled in 120ms (715 modules)
 ✓ Compiled in 107ms (715 modules)
 ✓ Compiled in 104ms (715 modules)
 ✓ Compiled in 108ms (715 modules)
 ✓ Compiled in 110ms (715 modules)
 ✓ Compiled in 114ms (715 modules)
 ✓ Compiled in 102ms (715 modules)
 ✓ Compiled in 108ms (715 modules)
 ✓ Compiled in 120ms (715 modules)
 ✓ Compiled in 123ms (715 modules)
 ✓ Compiled in 105ms (715 modules)
 ✓ Compiled in 120ms (715 modules)
 ✓ Compiled in 116ms (715 modules)
 ✓ Compiled in 108ms (715 modules)
 ✓ Compiled in 117ms (715 modules)
 ✓ Compiled in 111ms (715 modules)
 ✓ Compiled in 117ms (715 modules)
 ✓ Compiled in 116ms (715 modules)
 ✓ Compiled in 109ms (715 modules)
 ✓ Compiled in 129ms (715 modules)
 ✓ Compiled in 132ms (715 modules)
 ✓ Compiled in 144ms (715 modules)
 ✓ Compiled in 107ms (715 modules)
 ✓ Compiled in 104ms (715 modules)
 ✓ Compiled in 137ms (715 modules)
 ✓ Compiled in 146ms (715 modules)
 ✓ Compiled in 114ms (715 modules)
 ✓ Compiled in 111ms (715 modules)
 ✓ Compiled in 119ms (715 modules)
 ✓ Compiled in 105ms (715 modules)
 ✓ Compiled in 105ms (715 modules)
 ✓ Compiled in 111ms (715 modules)
 ✓ Compiled in 119ms (715 modules)
 ✓ Compiled in 210ms (715 modules)
 ✓ Compiled in 119ms (715 modules)
 ✓ Compiled in 106ms (715 modules)
 ✓ Compiled in 111ms (715 modules)
 ✓ Compiled in 123ms (715 modules)
 ✓ Compiled in 110ms (715 modules)
 ✓ Compiled in 105ms (715 modules)
 ✓ Compiled in 106ms (715 modules)
 ✓ Compiled in 114ms (715 modules)
 ✓ Compiled in 111ms (715 modules)
 ✓ Compiled in 119ms (715 modules)
 ✓ Compiled in 120ms (715 modules)
 ✓ Compiled in 114ms (715 modules)
 ✓ Compiled in 112ms (715 modules)
 ✓ Compiled in 120ms (715 modules)
 ✓ Compiled in 123ms (715 modules)
 ✓ Compiled in 141ms (715 modules)
 ✓ Compiled in 124ms (715 modules)
 ✓ Compiled in 113ms (715 modules)
 ✓ Compiled in 121ms (715 modules)
 ✓ Compiled in 126ms (715 modules)
 ✓ Compiled in 129ms (715 modules)
 ✓ Compiled in 119ms (715 modules)
 ✓ Compiled in 111ms (715 modules)
 ✓ Compiled in 121ms (715 modules)
 ✓ Compiled in 119ms (715 modules)
 ✓ Compiled in 109ms (715 modules)
 ✓ Compiled in 122ms (715 modules)
 ✓ Compiled in 116ms (715 modules)
 ✓ Compiled in 109ms (715 modules)
 ✓ Compiled in 121ms (715 modules)
 ✓ Compiled in 151ms (715 modules)
 ✓ Compiled in 118ms (715 modules)
 ✓ Compiled in 118ms (715 modules)
 ✓ Compiled in 117ms (715 modules)
 ✓ Compiled in 108ms (715 modules)
 ✓ Compiled in 131ms (715 modules)
 ✓ Compiled in 112ms (715 modules)
 ✓ Compiled in 117ms (715 modules)
 ✓ Compiled in 106ms (715 modules)
 ✓ Compiled in 116ms (715 modules)
 ✓ Compiled in 120ms (715 modules)
 ✓ Compiled in 109ms (715 modules)
 ✓ Compiled in 142ms (715 modules)
 ✓ Compiled in 125ms (715 modules)
 ✓ Compiled in 123ms (715 modules)
 ✓ Compiled in 116ms (715 modules)
 ✓ Compiled in 115ms (715 modules)
 ✓ Compiled in 129ms (715 modules)
 ✓ Compiled in 130ms (715 modules)
 ✓ Compiled in 114ms (715 modules)
 ✓ Compiled in 120ms (715 modules)
 ✓ Compiled in 122ms (715 modules)
 ✓ Compiled in 113ms (715 modules)
 ✓ Compiled in 116ms (715 modules)
 ✓ Compiled in 111ms (715 modules)
 ✓ Compiled in 122ms (715 modules)
 ✓ Compiled in 118ms (715 modules)
 ✓ Compiled in 113ms (715 modules)
 ✓ Compiled in 109ms (715 modules)
 ✓ Compiled in 114ms (715 modules)
 ✓ Compiled in 128ms (715 modules)
 ✓ Compiled in 129ms (715 modules)
 ✓ Compiled in 111ms (715 modules)
 ✓ Compiled in 111ms (715 modules)
 ✓ Compiled in 119ms (715 modules)
 ✓ Compiled in 115ms (715 modules)
 ✓ Compiled in 116ms (715 modules)
 ✓ Compiled in 109ms (715 modules)
 ✓ Compiled in 108ms (715 modules)
 ✓ Compiled in 117ms (715 modules)
 ✓ Compiled in 107ms (715 modules)
 ✓ Compiled in 139ms (715 modules)
 ✓ Compiled in 141ms (715 modules)
 ✓ Compiled in 127ms (715 modules)
 ✓ Compiled in 116ms (715 modules)
 ✓ Compiled in 134ms (715 modules)
 ✓ Compiled in 136ms (715 modules)
 ✓ Compiled in 123ms (715 modules)
 ✓ Compiled in 122ms (715 modules)
 ✓ Compiled in 108ms (715 modules)
 ✓ Compiled in 106ms (715 modules)
 ✓ Compiled in 107ms (715 modules)
 ✓ Compiled in 107ms (715 modules)
 ✓ Compiled in 116ms (715 modules)
 ✓ Compiled in 107ms (715 modules)
 ✓ Compiled in 111ms (715 modules)
 ✓ Compiled in 107ms (715 modules)
 ✓ Compiled in 120ms (715 modules)
 ✓ Compiled in 112ms (715 modules)
 ✓ Compiled in 109ms (715 modules)
 ✓ Compiled in 118ms (715 modules)
 ✓ Compiled in 116ms (715 modules)
 ✓ Compiled in 121ms (715 modules)
 ✓ Compiled in 136ms (715 modules)
 ✓ Compiled in 132ms (715 modules)
 ✓ Compiled in 113ms (715 modules)
 ✓ Compiled in 115ms (715 modules)
 ✓ Compiled in 139ms (715 modules)
 ✓ Compiled in 134ms (715 modules)
 ✓ Compiled in 128ms (715 modules)
 ✓ Compiled in 146ms (715 modules)
 ✓ Compiled in 154ms (715 modules)
 ✓ Compiled in 139ms (715 modules)
 ✓ Compiled in 141ms (715 modules)
 ✓ Compiled in 137ms (715 modules)
 ✓ Compiled in 124ms (715 modules)
 ✓ Compiled in 112ms (715 modules)
 ✓ Compiled in 120ms (715 modules)
 ✓ Compiled in 107ms (715 modules)
 ✓ Compiled in 108ms (715 modules)
 ✓ Compiled in 119ms (715 modules)
 ✓ Compiled in 108ms (715 modules)
 ✓ Compiled in 115ms (715 modules)
 ✓ Compiled in 114ms (715 modules)
 ✓ Compiled in 117ms (715 modules)
 ✓ Compiled in 156ms (715 modules)
 ✓ Compiled in 106ms (715 modules)
 ✓ Compiled in 126ms (715 modules)
 ✓ Compiled in 108ms (715 modules)
 ✓ Compiled in 104ms (715 modules)
 ✓ Compiled in 108ms (715 modules)
 ✓ Compiled in 109ms (715 modules)
 ✓ Compiled in 112ms (715 modules)
 ✓ Compiled in 117ms (715 modules)
 ✓ Compiled in 109ms (715 modules)
 ✓ Compiled in 108ms (715 modules)
 ✓ Compiled in 110ms (715 modules)
 ✓ Compiled in 120ms (715 modules)
 ✓ Compiled in 135ms (715 modules)
 ✓ Compiled in 124ms (715 modules)
 ✓ Compiled in 116ms (715 modules)
 ✓ Compiled in 109ms (715 modules)
 ✓ Compiled in 109ms (715 modules)
 ✓ Compiled in 123ms (715 modules)
 ✓ Compiled in 115ms (715 modules)
 ✓ Compiled in 116ms (715 modules)
 ✓ Compiled in 105ms (715 modules)
 ✓ Compiled in 112ms (715 modules)
 ✓ Compiled in 117ms (715 modules)
 ✓ Compiled in 101ms (715 modules)
 ✓ Compiled in 114ms (715 modules)
 ✓ Compiled in 107ms (715 modules)
 ✓ Compiled in 105ms (715 modules)
 ✓ Compiled in 103ms (715 modules)
 ✓ Compiled in 106ms (715 modules)
 ✓ Compiled in 105ms (715 modules)
 ✓ Compiled in 107ms (715 modules)
 ✓ Compiled in 109ms (715 modules)
 ✓ Compiled in 102ms (715 modules)
 ✓ Compiled in 105ms (715 modules)
 ✓ Compiled in 108ms (715 modules)
 ✓ Compiled in 106ms (715 modules)
 ✓ Compiled in 109ms (715 modules)
 ✓ Compiled in 103ms (715 modules)
 ✓ Compiled in 105ms (715 modules)
 ✓ Compiled in 104ms (715 modules)
 ✓ Compiled in 108ms (715 modules)
 ✓ Compiled in 109ms (715 modules)
 ✓ Compiled in 109ms (715 modules)
 ✓ Compiled in 125ms (715 modules)
 ✓ Compiled in 117ms (715 modules)
 ✓ Compiled in 120ms (715 modules)
 ✓ Compiled in 114ms (715 modules)
 ✓ Compiled in 111ms (715 modules)
 ✓ Compiled in 110ms (715 modules)
 ✓ Compiled in 124ms (715 modules)
 ✓ Compiled in 112ms (715 modules)
 ✓ Compiled in 105ms (715 modules)
 ✓ Compiled in 106ms (715 modules)
 ✓ Compiled in 101ms (715 modules)
 ✓ Compiled in 103ms (715 modules)
 ✓ Compiled in 106ms (715 modules)
 ✓ Compiled in 173ms (715 modules)
 ✓ Compiled in 155ms (715 modules)
 ✓ Compiled in 113ms (715 modules)
 ✓ Compiled in 116ms (715 modules)
 ✓ Compiled in 115ms (715 modules)
 ✓ Compiled in 115ms (715 modules)
 ✓ Compiled in 105ms (715 modules)
 ✓ Compiled in 105ms (715 modules)
 ✓ Compiled in 105ms (715 modules)
 ✓ Compiled in 109ms (715 modules)
 ✓ Compiled in 104ms (715 modules)
 ✓ Compiled in 106ms (715 modules)
 ✓ Compiled in 116ms (715 modules)
 ✓ Compiled in 104ms (715 modules)
 ✓ Compiled in 106ms (715 modules)
 ✓ Compiled in 117ms (715 modules)
 ✓ Compiled in 101ms (715 modules)
 ✓ Compiled in 122ms (715 modules)
 ✓ Compiled in 118ms (715 modules)
 ✓ Compiled in 122ms (715 modules)
 ✓ Compiled in 111ms (715 modules)
 ✓ Compiled in 113ms (715 modules)
 ✓ Compiled in 123ms (715 modules)
 ✓ Compiled in 113ms (715 modules)
 ✓ Compiled in 110ms (715 modules)
 ✓ Compiled in 111ms (715 modules)
 ✓ Compiled in 146ms (715 modules)
 ✓ Compiled in 111ms (715 modules)
 ✓ Compiled in 111ms (715 modules)
 ✓ Compiled in 108ms (715 modules)
 ✓ Compiled in 120ms (715 modules)
 ✓ Compiled in 99ms (715 modules)
 ✓ Compiled in 111ms (715 modules)
 ✓ Compiled in 106ms (715 modules)
 ✓ Compiled in 104ms (715 modules)
 ✓ Compiled in 110ms (715 modules)
 ✓ Compiled in 101ms (715 modules)
 ✓ Compiled in 113ms (715 modules)
 ✓ Compiled in 99ms (715 modules)
 ✓ Compiled in 112ms (715 modules)
 ✓ Compiled in 112ms (715 modules)
 ✓ Compiled in 101ms (715 modules)
 ✓ Compiled in 110ms (715 modules)
 ✓ Compiled in 105ms (715 modules)
 ✓ Compiled in 109ms (715 modules)
 ✓ Compiled in 118ms (715 modules)
 ✓ Compiled in 109ms (715 modules)
 ✓ Compiled in 116ms (715 modules)
 ✓ Compiled in 113ms (715 modules)
 ✓ Compiled in 115ms (715 modules)
 ✓ Compiled in 106ms (715 modules)
 ✓ Compiled in 113ms (715 modules)
 ✓ Compiled in 112ms (715 modules)
 ✓ Compiled in 109ms (715 modules)
 ✓ Compiled in 137ms (715 modules)
 ✓ Compiled in 106ms (715 modules)
 ✓ Compiled in 109ms (715 modules)
 ✓ Compiled in 113ms (715 modules)
 ✓ Compiled in 113ms (715 modules)
 ✓ Compiled in 117ms (715 modules)
 ✓ Compiled in 114ms (715 modules)
 ✓ Compiled in 101ms (715 modules)
 ✓ Compiled in 104ms (715 modules)
 ✓ Compiled in 108ms (715 modules)
 ✓ Compiled in 105ms (715 modules)
 ✓ Compiled in 102ms (715 modules)
 ✓ Compiled in 107ms (715 modules)
 ✓ Compiled in 107ms (715 modules)
 ✓ Compiled in 108ms (715 modules)
 ✓ Compiled in 114ms (715 modules)
 ✓ Compiled in 113ms (715 modules)
 ✓ Compiled in 107ms (715 modules)
 ✓ Compiled in 107ms (715 modules)
 ✓ Compiled in 112ms (715 modules)
 ✓ Compiled in 107ms (715 modules)
 ✓ Compiled in 105ms (715 modules)
 ✓ Compiled in 112ms (715 modules)
 ✓ Compiled in 217ms (715 modules)
 ✓ Compiled in 122ms (715 modules)
 ✓ Compiled in 127ms (715 modules)
 ✓ Compiled in 107ms (715 modules)
 ✓ Compiled in 113ms (715 modules)
 ✓ Compiled in 120ms (715 modules)
 ✓ Compiled in 116ms (715 modules)
 ✓ Compiled in 123ms (715 modules)
 ✓ Compiled in 112ms (715 modules)
 ✓ Compiled in 101ms (715 modules)
 ✓ Compiled in 107ms (715 modules)
 ✓ Compiled in 104ms (715 modules)
 ✓ Compiled in 111ms (715 modules)
 ✓ Compiled in 100ms (715 modules)
 ✓ Compiled in 112ms (715 modules)
 ✓ Compiled in 110ms (715 modules)
 ✓ Compiled in 102ms (715 modules)
 ✓ Compiled in 110ms (715 modules)
 ✓ Compiled in 105ms (715 modules)
 ✓ Compiled in 110ms (715 modules)
 ✓ Compiled in 105ms (715 modules)
 ✓ Compiled in 109ms (715 modules)
 ✓ Compiled in 102ms (715 modules)
 ✓ Compiled in 108ms (715 modules)
 ✓ Compiled in 101ms (715 modules)
 ✓ Compiled in 106ms (715 modules)
 ✓ Compiled in 106ms (715 modules)
 ✓ Compiled in 107ms (715 modules)
 ✓ Compiled in 118ms (715 modules)
 ✓ Compiled in 114ms (715 modules)
 ✓ Compiled in 109ms (715 modules)
 ✓ Compiled in 114ms (715 modules)
 ✓ Compiled in 120ms (715 modules)
 ✓ Compiled in 108ms (715 modules)
 ✓ Compiled in 174ms (715 modules)
 ✓ Compiled in 113ms (715 modules)
 ✓ Compiled in 122ms (715 modules)
 ✓ Compiled in 128ms (715 modules)
 ✓ Compiled in 109ms (715 modules)
 ✓ Compiled in 106ms (715 modules)
 ✓ Compiled in 111ms (715 modules)
 ✓ Compiled in 104ms (715 modules)
 ✓ Compiled in 109ms (715 modules)
 ✓ Compiled in 106ms (715 modules)
 ✓ Compiled in 109ms (715 modules)
 ✓ Compiled in 110ms (715 modules)
 ✓ Compiled in 106ms (715 modules)
 ✓ Compiled in 101ms (715 modules)
 ✓ Compiled in 101ms (715 modules)
 ✓ Compiled in 112ms (715 modules)
 ✓ Compiled in 104ms (715 modules)
 ✓ Compiled in 116ms (715 modules)
 ✓ Compiled in 103ms (715 modules)
 ✓ Compiled in 100ms (715 modules)
 ✓ Compiled in 108ms (715 modules)
 ✓ Compiled in 107ms (715 modules)
 ✓ Compiled in 109ms (715 modules)
 ✓ Compiled in 111ms (715 modules)
 ✓ Compiled in 117ms (715 modules)
 ✓ Compiled in 106ms (715 modules)
 ✓ Compiled in 107ms (715 modules)
 ✓ Compiled in 103ms (715 modules)
 ✓ Compiled in 124ms (715 modules)
 ✓ Compiled in 117ms (715 modules)
 ✓ Compiled in 116ms (715 modules)
 ✓ Compiled in 109ms (715 modules)
 ✓ Compiled in 109ms (715 modules)
 ✓ Compiled in 111ms (715 modules)
 ✓ Compiled in 121ms (715 modules)
 ✓ Compiled in 119ms (715 modules)
 ✓ Compiled in 115ms (715 modules)
 ✓ Compiled in 110ms (715 modules)
 ✓ Compiled in 103ms (715 modules)
 ✓ Compiled in 115ms (715 modules)
 ✓ Compiled in 112ms (715 modules)
 ✓ Compiled in 108ms (715 modules)
 ✓ Compiled in 111ms (715 modules)
 ✓ Compiled in 105ms (715 modules)
 ✓ Compiled in 109ms (715 modules)
 ✓ Compiled in 108ms (715 modules)
 ✓ Compiled in 107ms (715 modules)
 ✓ Compiled in 105ms (715 modules)
 ✓ Compiled in 111ms (715 modules)
 ✓ Compiled in 108ms (715 modules)
 ✓ Compiled in 103ms (715 modules)
 ✓ Compiled in 107ms (715 modules)
 ✓ Compiled in 109ms (715 modules)
 ✓ Compiled in 104ms (715 modules)
 ✓ Compiled in 106ms (715 modules)
 ✓ Compiled in 105ms (715 modules)
 ✓ Compiled in 104ms (715 modules)
 ✓ Compiled in 106ms (715 modules)
 ✓ Compiled in 101ms (715 modules)
 ✓ Compiled in 110ms (715 modules)
 ✓ Compiled in 113ms (715 modules)
 ✓ Compiled in 120ms (715 modules)
 ✓ Compiled in 117ms (715 modules)
 ✓ Compiled in 115ms (715 modules)
 ✓ Compiled in 114ms (715 modules)
 ✓ Compiled in 124ms (715 modules)
 ✓ Compiled in 115ms (715 modules)
 ✓ Compiled in 102ms (715 modules)
 ✓ Compiled in 125ms (715 modules)
 ✓ Compiled in 107ms (715 modules)
 ✓ Compiled in 107ms (715 modules)
 ✓ Compiled in 106ms (715 modules)
 ✓ Compiled in 108ms (715 modules)
 ✓ Compiled in 108ms (715 modules)
 ✓ Compiled in 111ms (715 modules)
 ✓ Compiled in 120ms (715 modules)
 ✓ Compiled in 109ms (715 modules)
 ✓ Compiled in 107ms (715 modules)
 ✓ Compiled in 108ms (715 modules)
 ✓ Compiled in 115ms (715 modules)
 ✓ Compiled in 99ms (715 modules)
 ✓ Compiled in 107ms (715 modules)
 ✓ Compiled in 146ms (715 modules)
 ✓ Compiled in 123ms (715 modules)
 ✓ Compiled in 111ms (715 modules)
 ✓ Compiled in 110ms (715 modules)
 ✓ Compiled in 107ms (715 modules)
 ✓ Compiled in 120ms (715 modules)
 ✓ Compiled in 115ms (715 modules)
 ✓ Compiled in 106ms (715 modules)
 ✓ Compiled in 118ms (715 modules)
 ✓ Compiled in 119ms (715 modules)
 ✓ Compiled in 111ms (715 modules)
 ✓ Compiled in 120ms (715 modules)
 ✓ Compiled in 117ms (715 modules)
 ✓ Compiled in 116ms (715 modules)
 ✓ Compiled in 109ms (715 modules)
 ✓ Compiled in 115ms (715 modules)
 ✓ Compiled in 103ms (715 modules)
 ✓ Compiled in 112ms (715 modules)
 ✓ Compiled in 112ms (715 modules)
 ✓ Compiled in 103ms (715 modules)
 ✓ Compiled in 103ms (715 modules)
 ✓ Compiled in 109ms (715 modules)
 ✓ Compiled in 104ms (715 modules)
 ✓ Compiled in 110ms (715 modules)
 ✓ Compiled in 109ms (715 modules)
 ✓ Compiled in 108ms (715 modules)
 ✓ Compiled in 105ms (715 modules)
 ✓ Compiled in 103ms (715 modules)
 ✓ Compiled in 104ms (715 modules)
 ✓ Compiled in 105ms (715 modules)
 ✓ Compiled in 103ms (715 modules)
 ✓ Compiled in 106ms (715 modules)
 ✓ Compiled in 103ms (715 modules)
 ✓ Compiled in 104ms (715 modules)
 ✓ Compiled in 110ms (715 modules)
 ✓ Compiled in 106ms (715 modules)
 ✓ Compiled in 103ms (715 modules)
 ✓ Compiled in 106ms (715 modules)
 ✓ Compiled in 115ms (715 modules)
 ✓ Compiled in 113ms (715 modules)
 ✓ Compiled in 123ms (715 modules)
 ✓ Compiled in 121ms (715 modules)
 ✓ Compiled in 109ms (715 modules)
 ✓ Compiled in 110ms (715 modules)
 ✓ Compiled in 119ms (715 modules)
 ✓ Compiled in 120ms (715 modules)
 ✓ Compiled in 111ms (715 modules)
 ✓ Compiled in 115ms (715 modules)
 ✓ Compiled in 105ms (715 modules)
 ✓ Compiled in 108ms (715 modules)
 ✓ Compiled in 107ms (715 modules)
 ✓ Compiled in 98ms (715 modules)
 ✓ Compiled in 109ms (715 modules)
 ✓ Compiled in 109ms (715 modules)
 ✓ Compiled in 113ms (715 modules)
 ✓ Compiled in 112ms (715 modules)
 ✓ Compiled in 108ms (715 modules)
 ✓ Compiled in 105ms (715 modules)
 ✓ Compiled in 112ms (715 modules)
 ✓ Compiled in 104ms (715 modules)
 ✓ Compiled in 104ms (715 modules)
 ✓ Compiled in 106ms (715 modules)
 ✓ Compiled in 111ms (715 modules)
 ✓ Compiled in 116ms (715 modules)
 ✓ Compiled in 105ms (715 modules)
 ✓ Compiled in 111ms (715 modules)
 ✓ Compiled in 104ms (715 modules)
 ✓ Compiled in 102ms (715 modules)
 ✓ Compiled in 116ms (715 modules)
 ✓ Compiled in 119ms (715 modules)
 ✓ Compiled in 112ms (715 modules)
 ✓ Compiled in 109ms (715 modules)
 ✓ Compiled in 118ms (715 modules)
 ✓ Compiled in 118ms (715 modules)
 ✓ Compiled in 111ms (715 modules)
 ✓ Compiled in 115ms (715 modules)
 ✓ Compiled in 119ms (715 modules)
 ✓ Compiled in 118ms (715 modules)
 ✓ Compiled in 102ms (715 modules)
 ✓ Compiled in 114ms (715 modules)
 ✓ Compiled in 116ms (715 modules)
 ✓ Compiled in 105ms (715 modules)
 ✓ Compiled in 111ms (715 modules)
 ✓ Compiled in 102ms (715 modules)
 ✓ Compiled in 106ms (715 modules)
 ✓ Compiled in 115ms (715 modules)
 ✓ Compiled in 131ms (715 modules)
 ✓ Compiled in 140ms (715 modules)
 ✓ Compiled in 115ms (715 modules)
 ✓ Compiled in 119ms (715 modules)
 ✓ Compiled in 108ms (715 modules)
 ✓ Compiled in 119ms (715 modules)
 ✓ Compiled in 107ms (715 modules)
 ✓ Compiled in 110ms (715 modules)
 ✓ Compiled in 103ms (715 modules)
 ✓ Compiled in 103ms (715 modules)
 ✓ Compiled in 113ms (715 modules)
 ✓ Compiled in 104ms (715 modules)
 ✓ Compiled in 104ms (715 modules)
 ✓ Compiled in 109ms (715 modules)
 ✓ Compiled in 112ms (715 modules)
 ✓ Compiled in 122ms (715 modules)
 ✓ Compiled in 118ms (715 modules)
 ✓ Compiled in 116ms (715 modules)
 ✓ Compiled in 109ms (715 modules)
 ✓ Compiled in 114ms (715 modules)
 ✓ Compiled in 118ms (715 modules)
 ✓ Compiled in 120ms (715 modules)
 ✓ Compiled in 110ms (715 modules)
 ✓ Compiled in 107ms (715 modules)
 ✓ Compiled in 104ms (715 modules)
 ✓ Compiled in 101ms (715 modules)
 ✓ Compiled in 108ms (715 modules)
 ✓ Compiled in 110ms (715 modules)
 ✓ Compiled in 104ms (715 modules)
 ✓ Compiled in 120ms (715 modules)
 ✓ Compiled in 99ms (715 modules)
 ✓ Compiled in 107ms (715 modules)
 ✓ Compiled in 104ms (715 modules)
 ✓ Compiled in 112ms (715 modules)
 ✓ Compiled in 105ms (715 modules)
 ✓ Compiled in 101ms (715 modules)
 ✓ Compiled in 115ms (715 modules)
 ✓ Compiled in 102ms (715 modules)
 ✓ Compiled in 107ms (715 modules)
 ✓ Compiled in 99ms (715 modules)
 ✓ Compiled in 116ms (715 modules)
 ✓ Compiled in 104ms (715 modules)
 ✓ Compiled in 106ms (715 modules)
 ✓ Compiled in 109ms (715 modules)
 ✓ Compiled in 102ms (715 modules)
 ✓ Compiled in 110ms (715 modules)
 ✓ Compiled in 117ms (715 modules)
 ✓ Compiled in 112ms (715 modules)
 ✓ Compiled in 122ms (715 modules)
 ✓ Compiled in 104ms (715 modules)
 ✓ Compiled in 107ms (715 modules)
 ✓ Compiled in 115ms (715 modules)
 ✓ Compiled in 119ms (715 modules)
 ✓ Compiled in 109ms (715 modules)
 ✓ Compiled in 104ms (715 modules)
 ✓ Compiled in 106ms (715 modules)
 ✓ Compiled in 101ms (715 modules)
 ✓ Compiled in 109ms (715 modules)
 ✓ Compiled in 110ms (715 modules)
 ✓ Compiled in 109ms (715 modules)
 ✓ Compiled in 105ms (715 modules)
 ✓ Compiled in 114ms (715 modules)
 ✓ Compiled in 103ms (715 modules)
 ✓ Compiled in 114ms (715 modules)
 ✓ Compiled in 103ms (715 modules)
 ✓ Compiled in 102ms (715 modules)
 ✓ Compiled in 112ms (715 modules)
 ✓ Compiled in 107ms (715 modules)
 ✓ Compiled in 99ms (715 modules)
 ✓ Compiled in 104ms (715 modules)
 ✓ Compiled in 112ms (715 modules)
 ✓ Compiled in 107ms (715 modules)
 ✓ Compiled in 109ms (715 modules)
 ✓ Compiled in 104ms (715 modules)
 ✓ Compiled in 101ms (715 modules)
 ✓ Compiled in 113ms (715 modules)
 ✓ Compiled in 104ms (715 modules)
 ✓ Compiled in 116ms (715 modules)
 ✓ Compiled in 112ms (715 modules)
 ✓ Compiled in 120ms (715 modules)
 ✓ Compiled in 109ms (715 modules)
 ✓ Compiled in 109ms (715 modules)
 ✓ Compiled in 99ms (715 modules)
 ✓ Compiled in 115ms (715 modules)
 ✓ Compiled in 109ms (715 modules)
 ✓ Compiled in 114ms (715 modules)
 ✓ Compiled in 104ms (715 modules)
 ✓ Compiled in 123ms (715 modules)
 ✓ Compiled in 132ms (715 modules)
 ✓ Compiled in 105ms (715 modules)
 ✓ Compiled in 112ms (715 modules)
 ✓ Compiled in 109ms (715 modules)
 ✓ Compiled in 117ms (715 modules)
 ✓ Compiled in 116ms (715 modules)
 ✓ Compiled in 105ms (715 modules)
 ✓ Compiled in 111ms (715 modules)
 ✓ Compiled in 118ms (715 modules)
 ✓ Compiled in 101ms (715 modules)
 ✓ Compiled in 115ms (715 modules)
 ✓ Compiled in 115ms (715 modules)
 ✓ Compiled in 104ms (715 modules)
 ✓ Compiled in 104ms (715 modules)
 ✓ Compiled in 113ms (715 modules)
 ✓ Compiled in 109ms (715 modules)
 ✓ Compiled in 108ms (715 modules)
 ✓ Compiled in 104ms (715 modules)
 ✓ Compiled in 113ms (715 modules)
 ✓ Compiled in 104ms (715 modules)
 ✓ Compiled in 137ms (715 modules)
 ✓ Compiled in 122ms (715 modules)
 ✓ Compiled in 129ms (715 modules)
 ✓ Compiled in 114ms (715 modules)
 ✓ Compiled in 109ms (715 modules)
 ✓ Compiled in 123ms (715 modules)
 ✓ Compiled in 113ms (715 modules)
 ✓ Compiled in 114ms (715 modules)
 ✓ Compiled in 107ms (715 modules)
 ✓ Compiled in 110ms (715 modules)
 ✓ Compiled in 107ms (715 modules)
 ✓ Compiled in 99ms (715 modules)
 ✓ Compiled in 113ms (715 modules)
 ✓ Compiled in 105ms (715 modules)
 ✓ Compiled in 128ms (715 modules)
 ✓ Compiled in 114ms (715 modules)
 ✓ Compiled in 121ms (715 modules)
 ✓ Compiled in 143ms (715 modules)
 ✓ Compiled in 113ms (715 modules)
 ✓ Compiled in 101ms (715 modules)
 ✓ Compiled in 110ms (715 modules)
 ✓ Compiled in 108ms (715 modules)
 ✓ Compiled in 102ms (715 modules)
 ✓ Compiled in 101ms (715 modules)
 ✓ Compiled in 120ms (715 modules)
 ✓ Compiled in 112ms (715 modules)
 ✓ Compiled in 108ms (715 modules)
 ✓ Compiled in 107ms (715 modules)
 ✓ Compiled in 111ms (715 modules)
 ✓ Compiled in 115ms (715 modules)
 ✓ Compiled in 116ms (715 modules)
 ✓ Compiled in 130ms (715 modules)
 ✓ Compiled in 120ms (715 modules)
 ✓ Compiled in 113ms (715 modules)
 ✓ Compiled in 112ms (715 modules)
 ✓ Compiled in 121ms (715 modules)
 ✓ Compiled in 118ms (715 modules)
 ✓ Compiled in 122ms (715 modules)
 ✓ Compiled in 114ms (715 modules)
 ✓ Compiled in 103ms (715 modules)
 ✓ Compiled in 110ms (715 modules)
 ✓ Compiled in 109ms (715 modules)
 ✓ Compiled in 107ms (715 modules)
 ✓ Compiled in 111ms (715 modules)
 ✓ Compiled in 99ms (715 modules)
 ✓ Compiled in 103ms (715 modules)
 ✓ Compiled in 106ms (715 modules)
 ✓ Compiled in 103ms (715 modules)
 ✓ Compiled in 110ms (715 modules)
 ✓ Compiled in 102ms (715 modules)
 ✓ Compiled in 104ms (715 modules)
 ✓ Compiled in 113ms (715 modules)
 ✓ Compiled in 116ms (715 modules)
 ✓ Compiled in 97ms (715 modules)
 ✓ Compiled in 104ms (715 modules)
 ✓ Compiled in 101ms (715 modules)
 ✓ Compiled in 104ms (715 modules)
 ✓ Compiled in 115ms (715 modules)
 ✓ Compiled in 103ms (715 modules)
 ✓ Compiled in 119ms (715 modules)
 ✓ Compiled in 119ms (715 modules)
 ✓ Compiled in 127ms (715 modules)
 ✓ Compiled in 118ms (715 modules)
 ✓ Compiled in 118ms (715 modules)
 ✓ Compiled in 114ms (715 modules)
 ✓ Compiled in 108ms (715 modules)
 ✓ Compiled in 139ms (715 modules)
 ✓ Compiled in 172ms (715 modules)
 ✓ Compiled in 111ms (715 modules)
 ✓ Compiled in 118ms (715 modules)
 ✓ Compiled in 112ms (715 modules)
 ✓ Compiled in 109ms (715 modules)
 ✓ Compiled in 107ms (715 modules)
 ✓ Compiled in 108ms (715 modules)
 ✓ Compiled in 101ms (715 modules)
 ✓ Compiled in 108ms (715 modules)
 ✓ Compiled in 109ms (715 modules)
 ✓ Compiled in 108ms (715 modules)
 ✓ Compiled in 107ms (715 modules)
 ✓ Compiled in 107ms (715 modules)
 ✓ Compiled in 103ms (715 modules)
 ✓ Compiled in 104ms (715 modules)
 ✓ Compiled in 110ms (715 modules)
 ✓ Compiled in 104ms (715 modules)
 ✓ Compiled in 109ms (715 modules)
 ✓ Compiled in 113ms (715 modules)
 ✓ Compiled in 102ms (715 modules)
 ✓ Compiled in 105ms (715 modules)
 ✓ Compiled in 106ms (715 modules)
 ✓ Compiled in 116ms (715 modules)
 ✓ Compiled in 111ms (715 modules)
 ✓ Compiled in 112ms (715 modules)
 ✓ Compiled in 124ms (715 modules)
 ✓ Compiled in 122ms (715 modules)
 ✓ Compiled in 121ms (715 modules)
 ✓ Compiled in 113ms (715 modules)
 ✓ Compiled in 122ms (715 modules)
 ✓ Compiled in 114ms (715 modules)
 ✓ Compiled in 122ms (715 modules)
 ✓ Compiled in 119ms (715 modules)
 ✓ Compiled in 119ms (715 modules)
 ✓ Compiled in 102ms (715 modules)
 ✓ Compiled in 102ms (715 modules)
 ✓ Compiled in 107ms (715 modules)
 ✓ Compiled in 106ms (715 modules)
 ✓ Compiled in 102ms (715 modules)
 ✓ Compiled in 106ms (715 modules)
 ✓ Compiled in 105ms (715 modules)
 ✓ Compiled in 105ms (715 modules)
 ✓ Compiled in 108ms (715 modules)
 ✓ Compiled in 102ms (715 modules)
 ✓ Compiled in 106ms (715 modules)
 ✓ Compiled in 103ms (715 modules)
 ✓ Compiled in 107ms (715 modules)
 ✓ Compiled in 109ms (715 modules)
 ✓ Compiled in 99ms (715 modules)
 ✓ Compiled in 109ms (715 modules)
 ✓ Compiled in 106ms (715 modules)
 ✓ Compiled in 105ms (715 modules)
 ✓ Compiled in 104ms (715 modules)
 ✓ Compiled in 123ms (715 modules)
 ✓ Compiled in 102ms (715 modules)
 ✓ Compiled in 110ms (715 modules)
 ✓ Compiled in 110ms (715 modules)
 ✓ Compiled in 115ms (715 modules)
 ✓ Compiled in 110ms (715 modules)
 ✓ Compiled in 111ms (715 modules)
 ✓ Compiled in 107ms (715 modules)
 ✓ Compiled in 115ms (715 modules)
 ✓ Compiled in 109ms (715 modules)
 ✓ Compiled in 106ms (715 modules)
 ✓ Compiled in 103ms (715 modules)
 ✓ Compiled in 107ms (715 modules)
 ✓ Compiled in 102ms (715 modules)
 ✓ Compiled in 108ms (715 modules)
 ✓ Compiled in 105ms (715 modules)
 ✓ Compiled in 112ms (715 modules)
 ✓ Compiled in 108ms (715 modules)
 ✓ Compiled in 108ms (715 modules)
 ✓ Compiled in 98ms (715 modules)
 ✓ Compiled in 105ms (715 modules)
 ✓ Compiled in 103ms (715 modules)
 ✓ Compiled in 109ms (715 modules)
 ✓ Compiled in 101ms (715 modules)
 ✓ Compiled in 107ms (715 modules)
 ✓ Compiled in 108ms (715 modules)
 ✓ Compiled in 105ms (715 modules)
 ✓ Compiled in 112ms (715 modules)
 ✓ Compiled in 101ms (715 modules)
 ✓ Compiled in 105ms (715 modules)
 ✓ Compiled in 106ms (715 modules)
 ✓ Compiled in 107ms (715 modules)
 ✓ Compiled in 111ms (715 modules)
 ✓ Compiled in 151ms (715 modules)
 ✓ Compiled in 115ms (715 modules)
 ✓ Compiled in 126ms (715 modules)
 ✓ Compiled in 118ms (715 modules)
 ✓ Compiled in 107ms (715 modules)
 ✓ Compiled in 99ms (715 modules)
 ✓ Compiled in 123ms (715 modules)
 ✓ Compiled in 117ms (715 modules)
 ✓ Compiled in 117ms (715 modules)
 ✓ Compiled in 113ms (715 modules)
 ✓ Compiled in 110ms (715 modules)
 ✓ Compiled in 108ms (715 modules)
 ✓ Compiled in 108ms (715 modules)
 ✓ Compiled in 109ms (715 modules)
 ✓ Compiled in 110ms (715 modules)
 ✓ Compiled in 100ms (715 modules)
 ✓ Compiled in 112ms (715 modules)
 ✓ Compiled in 108ms (715 modules)
 ✓ Compiled in 107ms (715 modules)
 ✓ Compiled in 101ms (715 modules)
 ✓ Compiled in 113ms (715 modules)
 ✓ Compiled in 102ms (715 modules)
 ✓ Compiled in 114ms (715 modules)
 ✓ Compiled in 107ms (715 modules)
 ✓ Compiled in 101ms (715 modules)
 ✓ Compiled in 110ms (715 modules)
 ✓ Compiled in 104ms (715 modules)
 ✓ Compiled in 102ms (715 modules)
 ✓ Compiled in 103ms (715 modules)
 ✓ Compiled in 109ms (715 modules)
 ✓ Compiled in 114ms (715 modules)
 ✓ Compiled in 113ms (715 modules)
 ✓ Compiled in 146ms (715 modules)
 ✓ Compiled in 130ms (715 modules)
 ✓ Compiled in 128ms (715 modules)
 ✓ Compiled in 114ms (715 modules)
 ✓ Compiled in 115ms (715 modules)
 ✓ Compiled in 150ms (715 modules)
 ✓ Compiled in 136ms (715 modules)
 ✓ Compiled in 121ms (715 modules)
 ✓ Compiled in 106ms (715 modules)
 ✓ Compiled in 105ms (715 modules)
 ✓ Compiled in 106ms (715 modules)
 ✓ Compiled in 105ms (715 modules)
 ✓ Compiled in 118ms (715 modules)
 ✓ Compiled in 110ms (715 modules)
 ✓ Compiled in 111ms (715 modules)
 ✓ Compiled in 109ms (715 modules)
 ✓ Compiled in 111ms (715 modules)
 ✓ Compiled in 167ms (715 modules)
 ✓ Compiled in 222ms (715 modules)
 ✓ Compiled in 223ms (715 modules)
 ✓ Compiled in 112ms (715 modules)
 ✓ Compiled in 119ms (715 modules)
 ✓ Compiled in 186ms (715 modules)
 ✓ Compiled in 113ms (715 modules)
 ✓ Compiled in 116ms (715 modules)
 ✓ Compiled in 151ms (715 modules)
 ✓ Compiled in 139ms (715 modules)
 ✓ Compiled in 140ms (715 modules)
 ✓ Compiled in 113ms (715 modules)
 ✓ Compiled in 114ms (715 modules)
 ✓ Compiled in 105ms (715 modules)
 ✓ Compiled in 107ms (715 modules)
 ✓ Compiled in 111ms (715 modules)
 ✓ Compiled in 108ms (715 modules)
 ✓ Compiled in 109ms (715 modules)
 ✓ Compiled in 114ms (715 modules)
 ✓ Compiled in 106ms (715 modules)
 ✓ Compiled in 104ms (715 modules)
 ✓ Compiled in 108ms (715 modules)
 ✓ Compiled in 105ms (715 modules)
 ✓ Compiled in 115ms (715 modules)
 ✓ Compiled in 102ms (715 modules)
 ✓ Compiled in 111ms (715 modules)
 ✓ Compiled in 109ms (715 modules)
 ✓ Compiled in 104ms (715 modules)
 ✓ Compiled in 116ms (715 modules)
 ✓ Compiled in 109ms (715 modules)
 ✓ Compiled in 125ms (715 modules)
 ✓ Compiled in 114ms (715 modules)
 ✓ Compiled in 117ms (715 modules)
 ✓ Compiled in 133ms (715 modules)
 ✓ Compiled in 119ms (715 modules)
 ✓ Compiled in 178ms (715 modules)
 ✓ Compiled in 127ms (715 modules)
 ✓ Compiled in 114ms (715 modules)
 ✓ Compiled in 122ms (715 modules)
 ✓ Compiled in 125ms (715 modules)
 ✓ Compiled in 111ms (715 modules)
 ✓ Compiled in 113ms (715 modules)
 ✓ Compiled in 120ms (715 modules)
 ✓ Compiled in 112ms (715 modules)
 ✓ Compiled in 103ms (715 modules)
 ✓ Compiled in 117ms (715 modules)
 ✓ Compiled in 124ms (715 modules)
 ✓ Compiled in 119ms (715 modules)
 ✓ Compiled in 104ms (715 modules)
 ✓ Compiled in 120ms (715 modules)
 ✓ Compiled in 122ms (715 modules)
 ✓ Compiled in 121ms (715 modules)
 ✓ Compiled in 122ms (715 modules)
 ✓ Compiled in 120ms (715 modules)
 ✓ Compiled in 116ms (715 modules)
 ✓ Compiled in 104ms (715 modules)
 ✓ Compiled in 109ms (715 modules)
 ✓ Compiled in 110ms (715 modules)
 ✓ Compiled in 108ms (715 modules)
 ✓ Compiled in 115ms (715 modules)
 ✓ Compiled in 128ms (715 modules)
 ✓ Compiled in 113ms (715 modules)
 ✓ Compiled in 140ms (715 modules)
 ✓ Compiled in 120ms (715 modules)
 ✓ Compiled in 115ms (715 modules)
 ✓ Compiled in 111ms (715 modules)
 ✓ Compiled in 124ms (715 modules)
 ✓ Compiled in 124ms (715 modules)
 ✓ Compiled in 120ms (715 modules)
 ✓ Compiled in 114ms (715 modules)
 ✓ Compiled in 101ms (715 modules)
 ✓ Compiled in 103ms (715 modules)
 ✓ Compiled in 109ms (715 modules)
 ✓ Compiled in 103ms (715 modules)
 ✓ Compiled in 106ms (715 modules)
 ✓ Compiled in 131ms (715 modules)
 ✓ Compiled in 117ms (715 modules)
 ✓ Compiled in 132ms (715 modules)
 ✓ Compiled in 106ms (715 modules)
 ✓ Compiled in 105ms (715 modules)
 ✓ Compiled in 117ms (715 modules)
 ✓ Compiled in 121ms (715 modules)
 ✓ Compiled in 119ms (715 modules)
 ✓ Compiled in 116ms (715 modules)
 ✓ Compiled in 104ms (715 modules)
 ✓ Compiled in 107ms (715 modules)
 ✓ Compiled in 104ms (715 modules)
 ✓ Compiled in 106ms (715 modules)
 ✓ Compiled in 147ms (715 modules)
 ✓ Compiled in 119ms (715 modules)
 ✓ Compiled in 126ms (715 modules)
 ✓ Compiled in 139ms (715 modules)
 ✓ Compiled in 126ms (715 modules)
 ✓ Compiled in 137ms (715 modules)
 ✓ Compiled in 112ms (715 modules)
 ✓ Compiled in 107ms (715 modules)
 ✓ Compiled in 102ms (715 modules)
 ✓ Compiled in 119ms (715 modules)
 ✓ Compiled in 145ms (715 modules)
 ✓ Compiled in 122ms (715 modules)
 ✓ Compiled in 121ms (715 modules)
 ✓ Compiled in 109ms (715 modules)
 ✓ Compiled in 116ms (715 modules)
 ✓ Compiled in 116ms (715 modules)
 ✓ Compiled in 120ms (715 modules)
 ✓ Compiled in 118ms (715 modules)
 ✓ Compiled in 123ms (715 modules)
 ✓ Compiled in 118ms (715 modules)
 ✓ Compiled in 124ms (715 modules)
 ✓ Compiled in 115ms (715 modules)
 ✓ Compiled in 126ms (715 modules)
 ✓ Compiled in 128ms (715 modules)
 ✓ Compiled in 137ms (715 modules)
 ✓ Compiled in 190ms (715 modules)
 ✓ Compiled in 160ms (715 modules)
 ✓ Compiled in 134ms (715 modules)
 ✓ Compiled in 148ms (715 modules)
 ✓ Compiled in 132ms (715 modules)
 ✓ Compiled in 120ms (715 modules)
 ✓ Compiled in 139ms (715 modules)
 ✓ Compiled in 140ms (715 modules)
 ✓ Compiled in 144ms (715 modules)
 ✓ Compiled in 128ms (715 modules)
 ✓ Compiled in 195ms (715 modules)
 ✓ Compiled in 125ms (715 modules)
 ✓ Compiled in 136ms (715 modules)
 ✓ Compiled in 117ms (715 modules)
 ✓ Compiled in 111ms (715 modules)
 ✓ Compiled in 122ms (715 modules)
 ✓ Compiled in 125ms (715 modules)
 ✓ Compiled in 119ms (715 modules)
 ✓ Compiled in 111ms (715 modules)
 ✓ Compiled in 110ms (715 modules)
 ✓ Compiled in 113ms (715 modules)
 ✓ Compiled in 104ms (715 modules)
 ✓ Compiled in 134ms (715 modules)
 ✓ Compiled in 137ms (715 modules)
 ✓ Compiled in 112ms (715 modules)
 ✓ Compiled in 107ms (715 modules)
 ✓ Compiled in 105ms (715 modules)
 ✓ Compiled in 110ms (715 modules)
 ✓ Compiled in 110ms (715 modules)
 ✓ Compiled in 102ms (715 modules)
 ✓ Compiled in 109ms (715 modules)
 ✓ Compiled in 115ms (715 modules)
 ✓ Compiled in 140ms (715 modules)
 ✓ Compiled in 115ms (715 modules)
 ✓ Compiled in 127ms (715 modules)
 ✓ Compiled in 123ms (715 modules)
 ✓ Compiled in 112ms (715 modules)
 ✓ Compiled in 109ms (715 modules)
 ✓ Compiled in 108ms (715 modules)
 ✓ Compiled in 121ms (715 modules)
 ✓ Compiled in 142ms (715 modules)
 ✓ Compiled in 108ms (715 modules)
 ✓ Compiled in 123ms (715 modules)
 ✓ Compiled in 105ms (715 modules)
 ✓ Compiled in 105ms (715 modules)
 ✓ Compiled in 107ms (715 modules)
 ✓ Compiled in 123ms (715 modules)
 ✓ Compiled in 104ms (715 modules)
 ✓ Compiled in 131ms (715 modules)
 ✓ Compiled in 108ms (715 modules)
 ✓ Compiled in 110ms (715 modules)
 ✓ Compiled in 118ms (715 modules)
 ✓ Compiled in 114ms (715 modules)
 ✓ Compiled in 124ms (715 modules)
 ✓ Compiled in 114ms (715 modules)
 ✓ Compiled in 110ms (715 modules)
 ✓ Compiled in 138ms (715 modules)
 ✓ Compiled in 124ms (715 modules)
 ✓ Compiled in 121ms (715 modules)
 ✓ Compiled in 110ms (715 modules)
 ✓ Compiled in 114ms (715 modules)
 ✓ Compiled in 117ms (715 modules)
 ✓ Compiled in 98ms (715 modules)
 ✓ Compiled in 135ms (715 modules)
 ✓ Compiled in 158ms (715 modules)
 ✓ Compiled in 118ms (715 modules)
 ✓ Compiled in 108ms (715 modules)
 ✓ Compiled in 119ms (715 modules)
 ✓ Compiled in 142ms (715 modules)
 ✓ Compiled in 118ms (715 modules)
 ✓ Compiled in 110ms (715 modules)
 ✓ Compiled in 118ms (715 modules)
 ✓ Compiled in 104ms (715 modules)
 ✓ Compiled in 112ms (715 modules)
 ✓ Compiled in 102ms (715 modules)
 ✓ Compiled in 122ms (715 modules)
 ✓ Compiled in 104ms (715 modules)
 ✓ Compiled in 105ms (715 modules)
 ✓ Compiled in 106ms (715 modules)
 ✓ Compiled in 122ms (715 modules)
 ✓ Compiled in 139ms (715 modules)
 ✓ Compiled in 129ms (715 modules)
 ✓ Compiled in 105ms (715 modules)
 ✓ Compiled in 104ms (715 modules)
 ✓ Compiled in 112ms (715 modules)
 ✓ Compiled in 116ms (715 modules)
 ✓ Compiled in 108ms (715 modules)
 ✓ Compiled in 104ms (715 modules)
 ✓ Compiled in 99ms (715 modules)
 ✓ Compiled in 109ms (715 modules)
 ✓ Compiled in 120ms (715 modules)
 ✓ Compiled in 105ms (715 modules)
 ✓ Compiled in 130ms (715 modules)
 ✓ Compiled in 116ms (715 modules)
 ✓ Compiled in 115ms (715 modules)
 ✓ Compiled in 113ms (715 modules)
 ✓ Compiled in 144ms (715 modules)
 ✓ Compiled in 223ms (715 modules)
 ✓ Compiled in 161ms (715 modules)
 ✓ Compiled in 138ms (715 modules)
 ✓ Compiled in 119ms (715 modules)
 ✓ Compiled in 121ms (715 modules)
 ✓ Compiled in 143ms (715 modules)
 ✓ Compiled in 118ms (715 modules)
 ✓ Compiled in 127ms (715 modules)
 ✓ Compiled in 108ms (715 modules)
 ✓ Compiled in 115ms (715 modules)
 ✓ Compiled in 111ms (715 modules)
 ✓ Compiled in 125ms (715 modules)
 ✓ Compiled in 125ms (715 modules)
 ✓ Compiled in 106ms (715 modules)
 ✓ Compiled in 115ms (715 modules)
 ✓ Compiled in 109ms (715 modules)
 ✓ Compiled in 114ms (715 modules)
 ✓ Compiled in 105ms (715 modules)
 ✓ Compiled in 121ms (715 modules)
 ✓ Compiled in 116ms (715 modules)
 ✓ Compiled in 138ms (715 modules)
 ✓ Compiled in 104ms (715 modules)
 ✓ Compiled in 123ms (715 modules)
 ✓ Compiled in 123ms (715 modules)
 ✓ Compiled in 168ms (715 modules)
 ✓ Compiled in 134ms (715 modules)
 ✓ Compiled in 141ms (715 modules)
 ✓ Compiled in 145ms (715 modules)
 ✓ Compiled in 128ms (715 modules)
 ✓ Compiled in 126ms (715 modules)
 ✓ Compiled in 123ms (715 modules)
 ✓ Compiled in 116ms (715 modules)
 ✓ Compiled in 125ms (715 modules)
 ✓ Compiled in 148ms (715 modules)
 ✓ Compiled in 130ms (715 modules)
 ✓ Compiled in 111ms (715 modules)
 ✓ Compiled in 117ms (715 modules)
 ✓ Compiled in 111ms (715 modules)
 ✓ Compiled in 118ms (715 modules)
 ✓ Compiled in 140ms (715 modules)
 ✓ Compiled in 113ms (715 modules)
 ✓ Compiled in 108ms (715 modules)
 ✓ Compiled in 108ms (715 modules)
 ✓ Compiled in 109ms (715 modules)
 ✓ Compiled in 104ms (715 modules)
 ✓ Compiled in 111ms (715 modules)
 ✓ Compiled in 119ms (715 modules)
 ✓ Compiled in 102ms (715 modules)
 ✓ Compiled in 117ms (715 modules)
 ✓ Compiled in 141ms (715 modules)
 ✓ Compiled in 134ms (715 modules)
 ✓ Compiled in 143ms (715 modules)
 ✓ Compiled in 137ms (715 modules)
 ✓ Compiled in 110ms (715 modules)
 ✓ Compiled in 120ms (715 modules)
 ✓ Compiled in 125ms (715 modules)
 ✓ Compiled in 121ms (715 modules)
 ✓ Compiled in 110ms (715 modules)
 ✓ Compiled in 108ms (715 modules)
 ✓ Compiled in 103ms (715 modules)
 ✓ Compiled in 105ms (715 modules)
 ✓ Compiled in 113ms (715 modules)
 ✓ Compiled in 131ms (715 modules)
 ✓ Compiled in 130ms (715 modules)
 ✓ Compiled in 130ms (715 modules)
 ✓ Compiled in 107ms (715 modules)
 ✓ Compiled in 109ms (715 modules)
 ✓ Compiled in 115ms (715 modules)
 ✓ Compiled in 137ms (715 modules)
 ✓ Compiled in 104ms (715 modules)
 ✓ Compiled in 111ms (715 modules)
 ✓ Compiled in 136ms (715 modules)
 ✓ Compiled in 119ms (715 modules)
 ✓ Compiled in 110ms (715 modules)
 ✓ Compiled in 120ms (715 modules)
 ✓ Compiled in 107ms (715 modules)
 ✓ Compiled in 101ms (715 modules)
 ✓ Compiled in 130ms (715 modules)
 ✓ Compiled in 122ms (715 modules)
 ✓ Compiled in 138ms (715 modules)
 ✓ Compiled in 121ms (715 modules)
 ✓ Compiled in 111ms (715 modules)
 ✓ Compiled in 118ms (715 modules)
 ✓ Compiled in 117ms (715 modules)
 ✓ Compiled in 128ms (715 modules)
 ✓ Compiled in 138ms (715 modules)
 ✓ Compiled in 149ms (715 modules)
 ✓ Compiled in 108ms (715 modules)
 ✓ Compiled in 123ms (715 modules)
 ✓ Compiled in 118ms (715 modules)
 ✓ Compiled in 119ms (715 modules)
 ✓ Compiled in 127ms (715 modules)
 ✓ Compiled in 116ms (715 modules)
 ✓ Compiled in 139ms (715 modules)
 ✓ Compiled in 113ms (715 modules)
 ✓ Compiled in 106ms (715 modules)
 ✓ Compiled in 115ms (715 modules)
 ✓ Compiled in 125ms (715 modules)
 ✓ Compiled in 113ms (715 modules)
 ✓ Compiled in 113ms (715 modules)
 ✓ Compiled in 105ms (715 modules)
 ✓ Compiled in 116ms (715 modules)
 ✓ Compiled in 131ms (715 modules)
 ✓ Compiled in 117ms (715 modules)
 ✓ Compiled in 101ms (715 modules)
 ✓ Compiled in 116ms (715 modules)
 ✓ Compiled in 112ms (715 modules)
 ✓ Compiled in 115ms (715 modules)
 ✓ Compiled in 126ms (715 modules)
 ✓ Compiled in 120ms (715 modules)
 ✓ Compiled in 129ms (715 modules)
 ✓ Compiled in 127ms (715 modules)
 ✓ Compiled in 140ms (715 modules)
 ✓ Compiled in 126ms (715 modules)
 ✓ Compiled in 115ms (715 modules)
 ✓ Compiled in 135ms (715 modules)
 ✓ Compiled in 118ms (715 modules)
 ✓ Compiled in 118ms (715 modules)
 ✓ Compiled in 122ms (715 modules)
 ✓ Compiled in 107ms (715 modules)
 ✓ Compiled in 110ms (715 modules)
 ✓ Compiled in 143ms (715 modules)
 ✓ Compiled in 112ms (715 modules)
 ✓ Compiled in 121ms (715 modules)
 ✓ Compiled in 137ms (715 modules)
 ✓ Compiled in 107ms (715 modules)
 ✓ Compiled in 117ms (715 modules)
 ✓ Compiled in 112ms (715 modules)
 ✓ Compiled in 144ms (715 modules)
 ✓ Compiled in 106ms (715 modules)
 ✓ Compiled in 105ms (715 modules)
 ✓ Compiled in 125ms (715 modules)
 ✓ Compiled in 116ms (715 modules)
 ✓ Compiled in 108ms (715 modules)
 ✓ Compiled in 116ms (715 modules)
 ✓ Compiled in 116ms (715 modules)
 ✓ Compiled in 122ms (715 modules)
 ✓ Compiled in 148ms (715 modules)
 ✓ Compiled in 113ms (715 modules)
 ✓ Compiled in 112ms (715 modules)
 ✓ Compiled in 117ms (715 modules)
 ✓ Compiled in 139ms (715 modules)
 ✓ Compiled in 143ms (715 modules)
 ✓ Compiled in 127ms (715 modules)
 ✓ Compiled in 125ms (715 modules)
 ✓ Compiled in 151ms (715 modules)
 ✓ Compiled in 128ms (715 modules)
 ✓ Compiled in 124ms (715 modules)
 ✓ Compiled in 107ms (715 modules)
 ✓ Compiled in 117ms (715 modules)
 ✓ Compiled in 124ms (715 modules)
 ✓ Compiled in 110ms (715 modules)
 ✓ Compiled in 107ms (715 modules)
 ✓ Compiled in 108ms (715 modules)
 ✓ Compiled in 120ms (715 modules)
 ✓ Compiled in 126ms (715 modules)
 ✓ Compiled in 116ms (715 modules)
 ✓ Compiled in 104ms (715 modules)
 ✓ Compiled in 110ms (715 modules)
 ✓ Compiled in 119ms (715 modules)
 ✓ Compiled in 124ms (715 modules)
 ✓ Compiled in 151ms (715 modules)
 ✓ Compiled in 126ms (715 modules)
 ✓ Compiled in 106ms (715 modules)
 ✓ Compiled in 105ms (715 modules)
 ✓ Compiled in 129ms (715 modules)
 ✓ Compiled in 127ms (715 modules)
 ✓ Compiled in 126ms (715 modules)
 ✓ Compiled in 116ms (715 modules)
 ✓ Compiled in 112ms (715 modules)
 ✓ Compiled in 124ms (715 modules)
 ✓ Compiled in 117ms (715 modules)
 ✓ Compiled in 114ms (715 modules)
 ✓ Compiled in 102ms (715 modules)
 ✓ Compiled in 107ms (715 modules)
 ✓ Compiled in 149ms (715 modules)
 ✓ Compiled in 145ms (715 modules)
 ✓ Compiled in 114ms (715 modules)
 ✓ Compiled in 108ms (715 modules)
 ✓ Compiled in 115ms (715 modules)
 ✓ Compiled in 122ms (715 modules)
 ✓ Compiled in 110ms (715 modules)
 ✓ Compiled in 124ms (715 modules)
 ✓ Compiled in 134ms (715 modules)
 ✓ Compiled in 123ms (715 modules)
 ✓ Compiled in 123ms (715 modules)
 ✓ Compiled in 125ms (715 modules)
 ✓ Compiled in 116ms (715 modules)
 ✓ Compiled in 115ms (715 modules)
 ✓ Compiled in 120ms (715 modules)
 ✓ Compiled in 127ms (715 modules)
 ✓ Compiled in 127ms (715 modules)
 ✓ Compiled in 107ms (715 modules)
 ✓ Compiled in 126ms (715 modules)
 ✓ Compiled in 129ms (715 modules)
 ✓ Compiled in 125ms (715 modules)
 ✓ Compiled in 118ms (715 modules)
 ✓ Compiled in 112ms (715 modules)
 ✓ Compiled in 123ms (715 modules)
 ✓ Compiled in 161ms (715 modules)
 ✓ Compiled in 121ms (715 modules)
 ✓ Compiled in 126ms (715 modules)
 ✓ Compiled in 102ms (715 modules)
 ✓ Compiled in 108ms (715 modules)
 ✓ Compiled in 112ms (715 modules)
 ✓ Compiled in 116ms (715 modules)
 ✓ Compiled in 101ms (715 modules)
 ✓ Compiled in 108ms (715 modules)
 ✓ Compiled in 99ms (715 modules)
 ✓ Compiled in 108ms (715 modules)
 ✓ Compiled in 104ms (715 modules)
 ✓ Compiled in 106ms (715 modules)
 ✓ Compiled in 108ms (715 modules)
 ✓ Compiled in 104ms (715 modules)
 ✓ Compiled in 105ms (715 modules)
 ✓ Compiled in 109ms (715 modules)
 ✓ Compiled in 103ms (715 modules)
 ✓ Compiled in 107ms (715 modules)
 ✓ Compiled in 104ms (715 modules)
 ✓ Compiled in 102ms (715 modules)
 ✓ Compiled in 106ms (715 modules)
 ✓ Compiled in 109ms (715 modules)
 ✓ Compiled in 105ms (715 modules)
 ✓ Compiled in 107ms (715 modules)
 ✓ Compiled in 119ms (715 modules)
 ✓ Compiled in 110ms (715 modules)
 ✓ Compiled in 107ms (715 modules)
 ✓ Compiled in 114ms (715 modules)
 ✓ Compiled in 105ms (715 modules)
 ✓ Compiled in 128ms (715 modules)
 ✓ Compiled in 126ms (715 modules)
 ✓ Compiled in 126ms (715 modules)
 ✓ Compiled in 148ms (715 modules)
 ✓ Compiled in 181ms (715 modules)
 ✓ Compiled in 238ms (715 modules)
 ✓ Compiled in 218ms (715 modules)
 ✓ Compiled in 195ms (715 modules)
 ✓ Compiled in 201ms (715 modules)
 ✓ Compiled in 184ms (715 modules)
 ✓ Compiled in 160ms (715 modules)
 ✓ Compiled in 167ms (715 modules)
 ✓ Compiled in 269ms (715 modules)
 ✓ Compiled in 295ms (715 modules)
 ✓ Compiled in 223ms (715 modules)
 ✓ Compiled in 140ms (715 modules)
 ✓ Compiled in 166ms (715 modules)
 ✓ Compiled in 146ms (715 modules)
 ✓ Compiled in 135ms (715 modules)
 ✓ Compiled in 121ms (715 modules)
 ✓ Compiled in 119ms (715 modules)
 ✓ Compiled in 118ms (715 modules)
 ✓ Compiled in 137ms (715 modules)
 ✓ Compiled in 124ms (715 modules)
 ✓ Compiled in 127ms (715 modules)
 ✓ Compiled in 130ms (715 modules)
 ✓ Compiled in 124ms (715 modules)
 ✓ Compiled in 139ms (715 modules)
 ✓ Compiled in 139ms (715 modules)
 ✓ Compiled in 129ms (715 modules)
 ✓ Compiled in 128ms (715 modules)
 ✓ Compiled in 132ms (715 modules)
 ✓ Compiled in 120ms (715 modules)
 ✓ Compiled in 191ms (715 modules)
 ✓ Compiled in 292ms (715 modules)
 ✓ Compiled in 217ms (715 modules)
 ✓ Compiled in 201ms (715 modules)
 ✓ Compiled in 175ms (715 modules)
 ✓ Compiled in 135ms (715 modules)
 ✓ Compiled in 158ms (715 modules)
 ✓ Compiled in 223ms (715 modules)
 ✓ Compiled in 153ms (715 modules)
 ✓ Compiled in 130ms (715 modules)
 ✓ Compiled in 115ms (715 modules)
 ✓ Compiled in 123ms (715 modules)
 ✓ Compiled in 147ms (715 modules)
 ✓ Compiled in 113ms (715 modules)
 ✓ Compiled in 130ms (715 modules)
 ✓ Compiled in 118ms (715 modules)
 ✓ Compiled in 118ms (715 modules)
 ✓ Compiled in 125ms (715 modules)
 ✓ Compiled in 113ms (715 modules)
 ✓ Compiled in 108ms (715 modules)
 ✓ Compiled in 106ms (715 modules)
 ✓ Compiled in 142ms (715 modules)
 ✓ Compiled in 111ms (715 modules)
 ✓ Compiled in 114ms (715 modules)
 ✓ Compiled in 116ms (715 modules)
 ✓ Compiled in 105ms (715 modules)
 ✓ Compiled in 108ms (715 modules)
 ✓ Compiled in 104ms (715 modules)
 ✓ Compiled in 102ms (715 modules)
 ✓ Compiled in 104ms (715 modules)
 ✓ Compiled in 107ms (715 modules)
 ✓ Compiled in 104ms (715 modules)
 ✓ Compiled in 102ms (715 modules)
 ✓ Compiled in 109ms (715 modules)
 ✓ Compiled in 100ms (715 modules)
 ✓ Compiled in 107ms (715 modules)
 ✓ Compiled in 110ms (715 modules)
 ✓ Compiled in 107ms (715 modules)
 ✓ Compiled in 101ms (715 modules)
 ✓ Compiled in 115ms (715 modules)
 ✓ Compiled in 111ms (715 modules)
 ✓ Compiled in 106ms (715 modules)
 ✓ Compiled in 125ms (715 modules)
 ✓ Compiled in 118ms (715 modules)
 ✓ Compiled in 107ms (715 modules)
 ✓ Compiled in 119ms (715 modules)
 ✓ Compiled in 106ms (715 modules)
 ✓ Compiled in 138ms (715 modules)
 ✓ Compiled in 129ms (715 modules)
 ✓ Compiled in 107ms (715 modules)
 ✓ Compiled in 108ms (715 modules)
 ✓ Compiled in 103ms (715 modules)
 ✓ Compiled in 109ms (715 modules)
 ✓ Compiled in 103ms (715 modules)
 ✓ Compiled in 99ms (715 modules)
 ✓ Compiled in 108ms (715 modules)
 ✓ Compiled in 106ms (715 modules)
 ✓ Compiled in 111ms (715 modules)
 ✓ Compiled in 101ms (715 modules)
 ✓ Compiled in 104ms (715 modules)
 ✓ Compiled in 109ms (715 modules)
 ✓ Compiled in 109ms (715 modules)
 ✓ Compiled in 122ms (715 modules)
 ✓ Compiled in 116ms (715 modules)
 ✓ Compiled in 110ms (715 modules)
 ✓ Compiled in 119ms (715 modules)
 ✓ Compiled in 102ms (715 modules)
 ✓ Compiled in 104ms (715 modules)
 ✓ Compiled in 103ms (715 modules)
 ✓ Compiled in 122ms (715 modules)
 ✓ Compiled in 110ms (715 modules)
 ✓ Compiled in 100ms (715 modules)
 ✓ Compiled in 113ms (715 modules)
 ✓ Compiled in 126ms (715 modules)
 ✓ Compiled in 120ms (715 modules)
 ✓ Compiled in 109ms (715 modules)
 ✓ Compiled in 109ms (715 modules)
 ✓ Compiled in 124ms (715 modules)
 ✓ Compiled in 131ms (715 modules)
 ✓ Compiled in 121ms (715 modules)
 ✓ Compiled in 108ms (715 modules)
 ✓ Compiled in 115ms (715 modules)
 ✓ Compiled in 109ms (715 modules)
 ✓ Compiled in 117ms (715 modules)
 ✓ Compiled in 104ms (715 modules)
 ✓ Compiled in 105ms (715 modules)
 ✓ Compiled in 107ms (715 modules)
 ✓ Compiled in 109ms (715 modules)
 ✓ Compiled in 101ms (715 modules)
 ✓ Compiled in 108ms (715 modules)
 ✓ Compiled in 103ms (715 modules)
 ✓ Compiled in 107ms (715 modules)
 ✓ Compiled in 109ms (715 modules)
 ✓ Compiled in 102ms (715 modules)
 ✓ Compiled in 107ms (715 modules)
 ✓ Compiled in 103ms (715 modules)
 ✓ Compiled in 107ms (715 modules)
 ✓ Compiled in 104ms (715 modules)
 ✓ Compiled in 106ms (715 modules)
 ✓ Compiled in 103ms (715 modules)
 ✓ Compiled in 156ms (715 modules)
 ✓ Compiled in 129ms (715 modules)
 ✓ Compiled in 113ms (715 modules)
 ✓ Compiled in 125ms (715 modules)
 ✓ Compiled in 123ms (715 modules)
 ✓ Compiled in 114ms (715 modules)
 ✓ Compiled in 124ms (715 modules)
 ✓ Compiled in 134ms (715 modules)
 ✓ Compiled in 125ms (715 modules)
 ✓ Compiled in 118ms (715 modules)
 ✓ Compiled in 113ms (715 modules)
 ✓ Compiled in 106ms (715 modules)
 ✓ Compiled in 118ms (715 modules)
 ✓ Compiled in 108ms (715 modules)
 ✓ Compiled in 100ms (715 modules)
 ✓ Compiled in 108ms (715 modules)
 ✓ Compiled in 111ms (715 modules)
 ✓ Compiled in 103ms (715 modules)
 ✓ Compiled in 106ms (715 modules)
 ✓ Compiled in 103ms (715 modules)
 ✓ Compiled in 109ms (715 modules)
 ✓ Compiled in 105ms (715 modules)
 ✓ Compiled in 104ms (715 modules)
 ✓ Compiled in 102ms (715 modules)
 ✓ Compiled in 109ms (715 modules)
 ✓ Compiled in 105ms (715 modules)
 ✓ Compiled in 109ms (715 modules)
 ✓ Compiled in 103ms (715 modules)
 ✓ Compiled in 109ms (715 modules)
 ✓ Compiled in 102ms (715 modules)
 ✓ Compiled in 104ms (715 modules)
 ✓ Compiled in 109ms (715 modules)
 ✓ Compiled in 110ms (715 modules)
 ✓ Compiled in 100ms (715 modules)
 ✓ Compiled in 121ms (715 modules)
 ✓ Compiled in 112ms (715 modules)
 ✓ Compiled in 114ms (715 modules)
 ✓ Compiled in 123ms (715 modules)
 ✓ Compiled in 111ms (715 modules)
 ✓ Compiled in 112ms (715 modules)
 ✓ Compiled in 119ms (715 modules)
 ✓ Compiled in 126ms (715 modules)
 ✓ Compiled in 131ms (715 modules)
 ✓ Compiled in 146ms (715 modules)
 ✓ Compiled in 129ms (715 modules)
 ✓ Compiled in 108ms (715 modules)
 ✓ Compiled in 114ms (715 modules)
 ✓ Compiled in 114ms (715 modules)
 ✓ Compiled in 104ms (715 modules)
 ✓ Compiled in 107ms (715 modules)
 ✓ Compiled in 104ms (715 modules)
 ✓ Compiled in 108ms (715 modules)
 ✓ Compiled in 123ms (715 modules)
 ✓ Compiled in 114ms (715 modules)
 ✓ Compiled in 116ms (715 modules)
 ✓ Compiled in 111ms (715 modules)
 ✓ Compiled in 122ms (715 modules)
 ✓ Compiled in 118ms (715 modules)
 ✓ Compiled in 106ms (715 modules)
 ✓ Compiled in 144ms (715 modules)
 ✓ Compiled in 111ms (715 modules)
 ✓ Compiled in 120ms (715 modules)
 ✓ Compiled in 116ms (715 modules)
 ✓ Compiled in 125ms (715 modules)
 ✓ Compiled in 142ms (715 modules)
 ✓ Compiled in 137ms (715 modules)
 ✓ Compiled in 122ms (715 modules)
 ✓ Compiled in 120ms (715 modules)
 ✓ Compiled in 135ms (715 modules)
 ✓ Compiled in 129ms (715 modules)
 ✓ Compiled in 116ms (715 modules)
 ✓ Compiled in 132ms (715 modules)
 ✓ Compiled in 117ms (715 modules)
 ✓ Compiled in 125ms (715 modules)
 ✓ Compiled in 123ms (715 modules)
 ✓ Compiled in 138ms (715 modules)
 ✓ Compiled in 165ms (715 modules)
 ✓ Compiled in 121ms (715 modules)
 ✓ Compiled in 122ms (715 modules)
 ✓ Compiled in 133ms (715 modules)
 ✓ Compiled in 125ms (715 modules)
 ✓ Compiled in 117ms (715 modules)
 ✓ Compiled in 113ms (715 modules)
 ✓ Compiled in 118ms (715 modules)
 ✓ Compiled in 154ms (715 modules)
 ✓ Compiled in 145ms (715 modules)
 ✓ Compiled in 229ms (715 modules)
 ✓ Compiled in 142ms (715 modules)
 ✓ Compiled in 129ms (715 modules)
 ✓ Compiled in 117ms (715 modules)
 ✓ Compiled in 131ms (715 modules)
 ✓ Compiled in 123ms (715 modules)
 ✓ Compiled in 128ms (715 modules)
 ✓ Compiled in 147ms (715 modules)
 ✓ Compiled in 104ms (715 modules)
 ✓ Compiled in 116ms (715 modules)
 ✓ Compiled in 150ms (715 modules)
 ✓ Compiled in 123ms (715 modules)
 ✓ Compiled in 122ms (715 modules)
 ✓ Compiled in 196ms (715 modules)
 ✓ Compiled in 116ms (715 modules)
 ✓ Compiled in 226ms (715 modules)
 ✓ Compiled in 139ms (715 modules)
 ✓ Compiled in 122ms (715 modules)
 ✓ Compiled in 114ms (715 modules)
 ✓ Compiled in 143ms (715 modules)
 ✓ Compiled in 130ms (715 modules)
 ✓ Compiled in 126ms (715 modules)
 ✓ Compiled in 124ms (715 modules)
 ✓ Compiled in 135ms (715 modules)
 ✓ Compiled in 126ms (715 modules)
 ✓ Compiled in 156ms (715 modules)
 ✓ Compiled in 163ms (715 modules)
 ✓ Compiled in 161ms (715 modules)
 ✓ Compiled in 118ms (715 modules)
 ✓ Compiled in 131ms (715 modules)
 ✓ Compiled in 149ms (715 modules)
 ✓ Compiled in 143ms (715 modules)
 ✓ Compiled in 131ms (715 modules)
 ✓ Compiled in 139ms (715 modules)
 ✓ Compiled in 132ms (715 modules)
 ✓ Compiled in 126ms (715 modules)
 ✓ Compiled in 123ms (715 modules)
 ✓ Compiled in 123ms (715 modules)
 ✓ Compiled in 118ms (715 modules)
 ✓ Compiled in 109ms (715 modules)
 ✓ Compiled in 124ms (715 modules)
 ✓ Compiled in 116ms (715 modules)
 ✓ Compiled in 120ms (715 modules)
 ✓ Compiled in 108ms (715 modules)
 ✓ Compiled in 115ms (715 modules)
 ✓ Compiled in 110ms (715 modules)
 ✓ Compiled in 116ms (715 modules)
 ✓ Compiled in 106ms (715 modules)
 ✓ Compiled in 129ms (715 modules)
 ✓ Compiled in 110ms (715 modules)
 ✓ Compiled in 126ms (715 modules)
 ✓ Compiled in 114ms (715 modules)
 ✓ Compiled in 139ms (715 modules)
 ✓ Compiled in 122ms (715 modules)
 ✓ Compiled in 157ms (715 modules)
 ✓ Compiled in 120ms (715 modules)
 ✓ Compiled in 112ms (715 modules)
 ✓ Compiled in 123ms (715 modules)
 ✓ Compiled in 133ms (715 modules)
 ✓ Compiled in 126ms (715 modules)
 ✓ Compiled in 122ms (715 modules)
 ✓ Compiled in 122ms (715 modules)
 ✓ Compiled in 117ms (715 modules)
 ✓ Compiled in 129ms (715 modules)
 ✓ Compiled in 114ms (715 modules)
 ✓ Compiled in 129ms (715 modules)
 ✓ Compiled in 123ms (715 modules)
 ✓ Compiled in 116ms (715 modules)
 ✓ Compiled in 114ms (715 modules)
 ✓ Compiled in 138ms (715 modules)
 ✓ Compiled in 122ms (715 modules)
 ✓ Compiled in 133ms (715 modules)
 ✓ Compiled in 268ms (715 modules)
 ✓ Compiled in 250ms (715 modules)
 ✓ Compiled in 131ms (715 modules)
 ✓ Compiled in 148ms (715 modules)
 ✓ Compiled in 171ms (715 modules)
 ✓ Compiled in 162ms (715 modules)
 ✓ Compiled in 149ms (715 modules)
 ✓ Compiled in 151ms (715 modules)
 ✓ Compiled in 174ms (715 modules)
 ✓ Compiled in 154ms (715 modules)
 ✓ Compiled in 162ms (715 modules)
 ✓ Compiled in 115ms (715 modules)
 ✓ Compiled in 143ms (715 modules)
 ✓ Compiled in 117ms (715 modules)
 ✓ Compiled in 113ms (715 modules)
 ✓ Compiled in 100ms (715 modules)
 ✓ Compiled in 107ms (715 modules)
 ✓ Compiled in 105ms (715 modules)
 ✓ Compiled in 102ms (715 modules)
 ✓ Compiled in 108ms (715 modules)
 ✓ Compiled in 107ms (715 modules)
 ✓ Compiled in 106ms (715 modules)
 ✓ Compiled in 99ms (715 modules)
 ✓ Compiled in 109ms (715 modules)
 ✓ Compiled in 104ms (715 modules)
 ✓ Compiled in 109ms (715 modules)
 ✓ Compiled in 110ms (715 modules)
 ✓ Compiled in 117ms (715 modules)
 ✓ Compiled in 102ms (715 modules)
 ✓ Compiled in 106ms (715 modules)
 ✓ Compiled in 106ms (715 modules)
 ✓ Compiled in 105ms (715 modules)
 ✓ Compiled in 104ms (715 modules)
 ✓ Compiled in 106ms (715 modules)
 ✓ Compiled in 107ms (715 modules)
 ✓ Compiled in 108ms (715 modules)
 ✓ Compiled in 118ms (715 modules)
 ✓ Compiled in 103ms (715 modules)
 ✓ Compiled in 117ms (715 modules)
 ✓ Compiled in 120ms (715 modules)
 ✓ Compiled in 113ms (715 modules)
 ✓ Compiled in 110ms (715 modules)
 ✓ Compiled in 113ms (715 modules)
 ✓ Compiled in 118ms (715 modules)
 ✓ Compiled in 130ms (715 modules)
 ✓ Compiled in 114ms (715 modules)
 ✓ Compiled in 105ms (715 modules)
 ✓ Compiled in 103ms (715 modules)
 ✓ Compiled in 103ms (715 modules)
 ✓ Compiled in 111ms (715 modules)
 ✓ Compiled in 106ms (715 modules)
 ✓ Compiled in 106ms (715 modules)
 ✓ Compiled in 101ms (715 modules)
 ✓ Compiled in 106ms (715 modules)
 ✓ Compiled in 102ms (715 modules)
 ✓ Compiled in 108ms (715 modules)
 ✓ Compiled in 109ms (715 modules)
 ✓ Compiled in 105ms (715 modules)
 ✓ Compiled in 106ms (715 modules)
 ✓ Compiled in 103ms (715 modules)
 ✓ Compiled in 101ms (715 modules)
 ✓ Compiled in 110ms (715 modules)
 ✓ Compiled in 104ms (715 modules)
 ✓ Compiled in 103ms (715 modules)
 ✓ Compiled in 107ms (715 modules)
 ✓ Compiled in 109ms (715 modules)
 ✓ Compiled in 106ms (715 modules)
 ✓ Compiled in 108ms (715 modules)
 ✓ Compiled in 98ms (715 modules)
 ✓ Compiled in 118ms (715 modules)
 ✓ Compiled in 119ms (715 modules)
 ✓ Compiled in 129ms (715 modules)
 ✓ Compiled in 110ms (715 modules)
 ✓ Compiled in 102ms (715 modules)
 ✓ Compiled in 105ms (715 modules)
 ✓ Compiled in 118ms (715 modules)
 ✓ Compiled in 121ms (715 modules)
 ✓ Compiled in 111ms (715 modules)
 ✓ Compiled in 104ms (715 modules)
 ✓ Compiled in 118ms (715 modules)
 ✓ Compiled in 104ms (715 modules)
 ✓ Compiled in 111ms (715 modules)
 ✓ Compiled in 124ms (715 modules)
 ✓ Compiled in 171ms (715 modules)
 ✓ Compiled in 122ms (715 modules)
 ✓ Compiled in 129ms (715 modules)
 ✓ Compiled in 128ms (715 modules)
 ✓ Compiled in 112ms (715 modules)
[?25h
