[    3332ms] [ERROR] Failed to load resource: net::ERR_CONNECTION_CLOSED @ https://static-mon.yandex.net/static/main.js?pid=maps.yandex.ru:0
[    3333ms] [ERROR] Failed to load resource: net::ERR_CONNECTION_CLOSED @ https://mc.yandex.ru/metrika/tag_turbo.js:0
[    3468ms] [ERROR] Failed to load resource: net::ERR_CONNECTION_CLOSED @ https://static-mon.yandex.net/advert?rnd=1:0
[    5722ms] [ERROR] Failed to load resource: net::ERR_CONNECTION_CLOSED @ https://mc.yandex.ru/metrika/watch.js:0
[    6252ms] [ERROR] Failed to load resource: net::ERR_CONNECTION_CLOSED @ https://px.arcspire.io/yndx?id=9d4cd41a-f59d-4815-8a89-9d30806f5389:0
[    6258ms] [ERROR] Failed to load resource: net::ERR_CONNECTION_CLOSED @ https://ads.betweendigital.com/match?bidder_id=43554&callback_url=https%3A%2F%2Fyandex.ru%2Fan%2Fmapuid%2Fbetweendigitalis%2F%24%7BUSER_ID%7D:0
[    6264ms] [ERROR] Failed to load resource: net::ERR_CONNECTION_CLOSED @ https://acint.net/rmatch/?dp=151&r=https%3A%2F%2Fyandex.ru%2Fan%2Fmapuid%2Fsapeis%2F%24%7BUSER_ID%7D:0
[    6272ms] [ERROR] Failed to load resource: net::ERR_CONNECTION_CLOSED @ https://a.adspector.io/sync?ssp=69:0
[    6278ms] [ERROR] Failed to load resource: net::ERR_CONNECTION_CLOSED @ https://ads.betweendigital.com/match?bidder_id=46821&callback_url=https%3A%2F%2Fyandex.ru%2Fan%2Fmapuid%2Fctvhouseis%2F%24%7BUSER_ID%7D:0
[    6283ms] [ERROR] Failed to load resource: net::ERR_CONNECTION_CLOSED @ https://ck.silvermob.com/sync?pid=524&r=http%3A%2F%2Fyandex.ru%2Fan%2Fmapuid%2Fsilvermobis%2F%5BUSER_ID%5D:0
[    6292ms] [ERROR] Failed to load resource: net::ERR_CONNECTION_CLOSED @ https://cm.a.mts.ru/cm/tech?flowId=0ff25d7e-e56b-471c-8825-9c24c8b56cdc:0
[    6294ms] [ERROR] Failed to load resource: net::ERR_CONNECTION_CLOSED @ https://cm.tns-counter.ru/yacm:0
[    6295ms] [ERROR] Failed to load resource: net::ERR_CONNECTION_CLOSED @ https://dm.hybrid.ai/match?id=182:0
[    6297ms] [ERROR] Failed to load resource: net::ERR_CONNECTION_CLOSED @ https://dm.hybrid.ai/yandexdmp-match:0
[    6299ms] [ERROR] Failed to load resource: net::ERR_CONNECTION_CLOSED @ https://dmg.digitaltarget.ru/1/119/i/i?i=1783348223:0
[    6301ms] [ERROR] Failed to load resource: net::ERR_CONNECTION_CLOSED @ https://euw-ice.360yield.com/server_match?partner_id=N&r=https%3A%2F%2Fyandex.ru%2Fan%2Fmapuid%2Fazerionis%2F{PUB_USER_ID}:0
[    6302ms] [ERROR] Failed to load resource: net::ERR_CONNECTION_CLOSED @ https://exchange.buzzoola.com/cookiesync/redirect/yandex?redirect_url=https%3A%2F%2Fyandex.ru%2Fan%2Fmapuid%2Fbuzzooladspis%2F%24%7BUUID%7D:0
[    6302ms] [ERROR] Failed to load resource: net::ERR_CONNECTION_CLOSED @ https://exchange.buzzoola.com/cookiesync/redirect?redirect_url=:0
[    6302ms] [ERROR] Failed to load resource: net::ERR_CONNECTION_CLOSED @ https://eye.targetads.io/sync/yandex/:0
[    6302ms] [ERROR] Failed to load resource: net::ERR_CONNECTION_CLOSED @ https://kimberlite.io/rtb/sync/yandex:0
[    6302ms] [ERROR] Failed to load resource: net::ERR_CONNECTION_CLOSED @ https://kimberlite.io/rtb/sync/yandex_direct:0
[    6302ms] [ERROR] Failed to load resource: net::ERR_CONNECTION_CLOSED @ https://match.new-programmatic.com/userbind?src=yandex&pbf=1&gi=1:0
[    6302ms] [ERROR] Failed to load resource: net::ERR_CONNECTION_CLOSED @ https://mitdmp.whiteboxdigital.ru/pixel?id=a&source=yandex&redirect=false&href=https%3A%2F%2Fyandex.ru%2Fan%2Fmapuid%2Fqbitis%2F%7Bmiid%7D:0
[    6302ms] [ERROR] Failed to load resource: net::ERR_CONNECTION_CLOSED @ https://nr.bidderstack.com/yandex/cm?user_id={partner_user_id}:0
[    6302ms] [ERROR] Failed to load resource: net::ERR_CONNECTION_CLOSED @ https://px.adhigh.net/p/cm/yandexssp:0
[    6302ms] [ERROR] Failed to load resource: net::ERR_CONNECTION_CLOSED @ https://px4.admon.pro/cm:0
[    6302ms] [ERROR] Failed to load resource: net::ERR_CONNECTION_CLOSED @ https://redirect-frontend.weborama-tech.ru/rd?url=https%3A%2F%2Fan.yandex.ru%2Fmapuid%2Fdmpweborama%2F{WEBO_ENC_CID}:0
[    6302ms] [ERROR] Failed to load resource: net::ERR_CONNECTION_CLOSED @ https://s.uuidksinc.net/match/501:0
[    6302ms] [ERROR] Failed to load resource: net::ERR_CONNECTION_CLOSED @ https://shopnetic.com/api/rtb/dmp/pixel?partner=yandex:0
[    6302ms] [ERROR] Failed to load resource: net::ERR_CONNECTION_CLOSED @ https://sm.rtb.mts.ru/p?ssp=yandex&id=map:0
[    6889ms] [ERROR] Failed to load resource: net::ERR_CONNECTION_CLOSED @ https://ssp.adriver.ru/cgi-bin/sync.cgi?dsp_id=109:0
[    6893ms] [ERROR] Failed to load resource: net::ERR_CONNECTION_CLOSED @ https://ssp.adriver.ru/cgi-bin/sync.cgi?ssp_id=19:0
[    6895ms] [ERROR] Failed to load resource: net::ERR_CONNECTION_CLOSED @ https://ssp.al-adtech.com/api/sync/yandex:0
[    6898ms] [ERROR] Failed to load resource: net::ERR_CONNECTION_CLOSED @ https://sync.bumlam.com/?src=yandex2:0
[    6901ms] [ERROR] Failed to load resource: net::ERR_CONNECTION_CLOSED @ https://sync.dmp.otm-r.com/match/yandexortb:0
[    6938ms] [ERROR] Failed to load resource: net::ERR_CONNECTION_CLOSED @ https://sync.upravel.com/yandex/sync:0
[    6941ms] [ERROR] Failed to load resource: net::ERR_CONNECTION_CLOSED @ https://sync.upravel.com/yandex2/sync:0
[    6947ms] [ERROR] Failed to load resource: net::ERR_CONNECTION_CLOSED @ https://t.adx.opera.com/pub/sync?pubid=pub9166643429696:0
[    6964ms] [ERROR] Failed to load resource: net::ERR_CONNECTION_CLOSED @ https://log.strm.yandex.ru/log?StreamPlayer=1.0-14439&event=CreatePlayer:0
[    6968ms] [ERROR] Failed to load resource: net::ERR_CONNECTION_CLOSED @ https://tt.ttarget.ru/rtb/ya/sync:0
[    6970ms] [ERROR] Failed to load resource: net::ERR_CONNECTION_CLOSED @ https://mc.yandex.ru/watch/37773110?vsid=4fec58ffea577cb7b4b338d27d03b86e1653d1e14060xWEBx4439x1783348225:0
[    6971ms] [ERROR] Failed to load resource: net::ERR_CONNECTION_CLOSED @ https://x01.aidata.io/0.gif?pid=YANDEX:0
[    6975ms] [ERROR] Failed to load resource: net::ERR_CONNECTION_CLOSED @ https://yandex-dmp-sync.rutarget.ru/sync:0
[    6978ms] [ERROR] Failed to load resource: net::ERR_CONNECTION_CLOSED @ https://yandex-sync.rutarget.ru/sync:0
[    7086ms] [ERROR] Failed to load resource: net::ERR_CONNECTION_CLOSED @ https://an.yandex.ru/mapuid/discovertechis/dsp_uid_c98ad932-b5a3-4145-ab0b-5261b9036d86:0
[    7590ms] [ERROR] Failed to load resource: net::ERR_CONNECTION_CLOSED @ https://an.yandex.ru/mapuid/yasmartis/16235823302:0
[    7601ms] [ERROR] Failed to load resource: the server responded with a status of 404 () @ https://yandex.ru/an/mapuid/onetargetis/9ddb093d-5686-4a4e-ab48-5206abba90f0:0
[    7606ms] [ERROR] Failed to load resource: net::ERR_CONNECTION_CLOSED @ https://prebid.admatic.com.tr/setuid?bidder=yandex_ortb&gdpr=0&gdpr_consent=&f=b&uid=F9283C96F5AB0A55:0
[    7607ms] [ERROR] Failed to load resource: net::ERR_CONNECTION_CLOSED @ https://dpm.demdex.net/ibs:dpid=423652&dpuuid=EEE28DF867CEC30F:0
[    7676ms] [ERROR] Failed to load resource: net::ERR_CONNECTION_CLOSED @ https://ads.betweendigital.com/match?bidder_id=161&external_user_id=9E40B6C981EDD8E5:0
[    7676ms] [ERROR] Failed to load resource: net::ERR_CONNECTION_CLOSED @ https://t.adx.opera.com/sync?vendor=60143&uid=E4C6DB61EA64699D:0
[    7691ms] [ERROR] Failed to load resource: net::ERR_CONNECTION_CLOSED @ https://sync.dmp.otm-r.com/match/yandex_dsp_new?id=789FE9FCD65513B6:0
[    7980ms] [ERROR] Failed to load resource: net::ERR_CONNECTION_CLOSED @ https://log.strm.yandex.ru/log?StreamPlayer=1.0-14439&event=ExperimentCheckNoFlag:0
[    7980ms] [ERROR] Failed to load resource: net::ERR_CONNECTION_CLOSED @ https://log.strm.yandex.ru/log?StreamPlayer=1.0-14439&event=YaspExperimentCheckNoFlagNoSlots:0
[    7980ms] [ERROR] Failed to load resource: net::ERR_CONNECTION_CLOSED @ https://log.strm.yandex.ru/log?StreamPlayer=1.0-14439&event=YaspAttached:0
[    7980ms] [ERROR] Failed to load resource: net::ERR_CONNECTION_CLOSED @ https://log.strm.yandex.ru/log?StreamPlayer=1.0-14439&event=AutoplayAllowed:0
[    7980ms] [ERROR] Failed to load resource: net::ERR_CONNECTION_CLOSED @ https://log.strm.yandex.ru/log?StreamPlayer=1.0-14439&event=WaitForUserGesture:0
[    7991ms] [ERROR] Failed to load resource: net::ERR_CONNECTION_CLOSED @ https://log.strm.yandex.ru/log?reason=Init&StreamPlayer=1.0-14439&event=Stalled:0
[    7992ms] [ERROR] Failed to load resource: net::ERR_CONNECTION_CLOSED @ https://log.strm.yandex.ru/log?StreamPlayer=1.0-14439&event=WaitForPlayCompleted:0
[    8056ms] [ERROR] Failed to load resource: net::ERR_CONNECTION_CLOSED @ https://log.strm.yandex.ru/log?StreamPlayer=1.0-14439&event=YaspWorkerEnabled:0
[    8776ms] [ERROR] Failed to load resource: net::ERR_CONNECTION_CLOSED @ https://log.strm.yandex.ru/log?StreamPlayer=1.0-14439&event=AbrDecisionChange:0
[    8783ms] [ERROR] Failed to load resource: net::ERR_CONNECTION_CLOSED @ https://log.strm.yandex.ru/log?StreamPlayer=1.0-14439&event=YaspSourceAttached:0
[    8783ms] [ERROR] Failed to load resource: net::ERR_CONNECTION_CLOSED @ https://log.strm.yandex.ru/log?StreamPlayer=1.0-14439&event=YaspUpdateObjectUrl:0
[    8793ms] [ERROR] Failed to load resource: net::ERR_CONNECTION_CLOSED @ https://log.strm.yandex.ru/log?StreamPlayer=1.0-14439&event=YaspSourceOpen:0
[    8994ms] [ERROR] Failed to load resource: net::ERR_CONNECTION_CLOSED @ https://log.strm.yandex.ru/log?reason=Init&StreamPlayer=1.0-14439&event=Stalled:0
[    9636ms] [ERROR] Failed to load resource: net::ERR_CONNECTION_CLOSED @ https://log.strm.yandex.ru/log?StreamPlayer=1.0-14439&event=ContentImpression:0
[    9636ms] [ERROR] Failed to load resource: net::ERR_CONNECTION_CLOSED @ https://log.strm.yandex.ru/log?StreamPlayer=1.0-14439&event=YaspPlayCalledOnCanPlay:0
[    9636ms] [ERROR] Failed to load resource: net::ERR_CONNECTION_CLOSED @ https://log.strm.yandex.ru/log?reason=Init&StreamPlayer=1.0-14439&event=StalledEnd:0
[    9777ms] [ERROR] Failed to load resource: net::ERR_CONNECTION_CLOSED @ https://mc.yandex.ru/watch/37773110?vsid=4fec58ffea577cb7b4b338d27d03b86e1653d1e14060xWEBx4439x1783348225&page-url=goal%3A%2F%2Fyandex.com%2Fstart:0
[    9849ms] [ERROR] Failed to load resource: net::ERR_CONNECTION_CLOSED @ https://log.strm.yandex.ru/log?StreamPlayer=1.0-14439&event=Start:0
[    9910ms] [ERROR] Failed to load resource: net::ERR_CONNECTION_CLOSED @ https://log.strm.yandex.ru/log?StreamPlayer=1.0-14439&event=AbrDecisionChange:0
[   10869ms] [ERROR] Failed to load resource: net::ERR_CONNECTION_CLOSED @ https://log.strm.yandex.ru/log?StreamPlayer=1.0-14439&event=AbrDecisionChange:0
[   11074ms] [ERROR] Failed to load resource: net::ERR_CONNECTION_CLOSED @ https://log.strm.yandex.ru/log?StreamPlayer=1.0-14439&event=AbrDecisionChange:0
[   11172ms] [ERROR] Failed to load resource: net::ERR_CONNECTION_CLOSED @ https://log.strm.yandex.ru/log?StreamPlayer=1.0-14439&event=AbrDecisionChange:0
[   11269ms] [ERROR] Failed to load resource: net::ERR_CONNECTION_CLOSED @ https://rtb-eu-warsaw.intent.ai/um/y:0
[   12736ms] [ERROR] Failed to load resource: net::ERR_CONNECTION_CLOSED @ https://log.strm.yandex.ru/log?StreamPlayer=1.0-14439&event=ClientInfo:0
[   13854ms] [ERROR] Failed to load resource: net::ERR_CONNECTION_CLOSED @ https://log.strm.yandex.ru/log?StreamPlayer=1.0-14439&event=4SecWatched:0
[   17694ms] [ERROR] Failed to load resource: net::ERR_CONNECTION_CLOSED @ https://log.strm.yandex.ru/log?StreamPlayer=1.0-14439&event=PlayerAlive:0
[   19852ms] [ERROR] Failed to load resource: net::ERR_CONNECTION_CLOSED @ https://log.strm.yandex.ru/log?StreamPlayer=1.0-14439&event=10SecWatched:0
[   29857ms] [ERROR] Failed to load resource: net::ERR_CONNECTION_CLOSED @ https://log.strm.yandex.ru/log?StreamPlayer=1.0-14439&event=20SecWatched:0
[   32254ms] [ERROR] Failed to load resource: net::ERR_CONNECTION_CLOSED @ https://log.strm.yandex.ru/log?StreamPlayer=1.0-14439&event=YaspPlayCalledOnCanPlay:0
[   36903ms] [ERROR] Failed to load resource: net::ERR_TIMED_OUT @ https://sync.gonet-ads.com/match/yandex?id=[buyerUid]:0
[   38069ms] [ERROR] Failed to load resource: net::ERR_CONNECTION_CLOSED @ https://log.strm.yandex.ru/log?StreamPlayer=1.0-14439&error=YASP_WORKER_UNHANDLED_REJECTION:0
[   40053ms] [ERROR] Failed to load resource: net::ERR_CONNECTION_CLOSED @ https://log.strm.yandex.ru/log?StreamPlayer=1.0-14439&event=30SecHeartbeat:0
[   47772ms] [ERROR] Failed to load resource: net::ERR_CONNECTION_CLOSED @ https://log.strm.yandex.ru/log?StreamPlayer=1.0-14439&event=PlayerAlive:0
[   54876ms] [ERROR] Failed to load resource: net::ERR_CONNECTION_CLOSED @ https://log.strm.yandex.ru/log?StreamPlayer=1.0-14439&event=YaspPlayCalledOnCanPlay:0
[   70253ms] [ERROR] Failed to load resource: net::ERR_CONNECTION_CLOSED @ https://log.strm.yandex.ru/log?StreamPlayer=1.0-14439&event=30SecHeartbeat:0
[   77499ms] [ERROR] Failed to load resource: net::ERR_CONNECTION_CLOSED @ https://log.strm.yandex.ru/log?StreamPlayer=1.0-14439&event=YaspPlayCalledOnCanPlay:0
[   77832ms] [ERROR] Failed to load resource: net::ERR_CONNECTION_CLOSED @ https://log.strm.yandex.ru/log?StreamPlayer=1.0-14439&event=PlayerAlive:0
[  100123ms] [ERROR] Failed to load resource: net::ERR_CONNECTION_CLOSED @ https://log.strm.yandex.ru/log?StreamPlayer=1.0-14439&event=YaspPlayCalledOnCanPlay:0
[  100549ms] [ERROR] Failed to load resource: net::ERR_CONNECTION_CLOSED @ https://log.strm.yandex.ru/log?StreamPlayer=1.0-14439&event=30SecHeartbeat:0
[  107871ms] [ERROR] Failed to load resource: net::ERR_CONNECTION_CLOSED @ https://log.strm.yandex.ru/log?StreamPlayer=1.0-14439&event=PlayerAlive:0
[  122743ms] [ERROR] Failed to load resource: net::ERR_CONNECTION_CLOSED @ https://log.strm.yandex.ru/log?StreamPlayer=1.0-14439&event=YaspPlayCalledOnCanPlay:0
[  130650ms] [ERROR] Failed to load resource: net::ERR_CONNECTION_CLOSED @ https://log.strm.yandex.ru/log?StreamPlayer=1.0-14439&event=30SecHeartbeat:0
[  137910ms] [ERROR] Failed to load resource: net::ERR_CONNECTION_CLOSED @ https://log.strm.yandex.ru/log?StreamPlayer=1.0-14439&event=PlayerAlive:0
[  145370ms] [ERROR] Failed to load resource: net::ERR_CONNECTION_CLOSED @ https://log.strm.yandex.ru/log?StreamPlayer=1.0-14439&event=YaspPlayCalledOnCanPlay:0
[  160851ms] [ERROR] Failed to load resource: net::ERR_CONNECTION_CLOSED @ https://log.strm.yandex.ru/log?StreamPlayer=1.0-14439&event=30SecHeartbeat:0
[  167974ms] [ERROR] Failed to load resource: net::ERR_CONNECTION_CLOSED @ https://log.strm.yandex.ru/log?StreamPlayer=1.0-14439&event=PlayerAlive:0
[  167996ms] [ERROR] Failed to load resource: net::ERR_CONNECTION_CLOSED @ https://log.strm.yandex.ru/log?StreamPlayer=1.0-14439&event=YaspPlayCalledOnCanPlay:0
[  190622ms] [ERROR] Failed to load resource: net::ERR_CONNECTION_CLOSED @ https://log.strm.yandex.ru/log?StreamPlayer=1.0-14439&event=YaspPlayCalledOnCanPlay:0
[  191153ms] [ERROR] Failed to load resource: net::ERR_CONNECTION_CLOSED @ https://log.strm.yandex.ru/log?StreamPlayer=1.0-14439&event=30SecHeartbeat:0
[  198016ms] [ERROR] Failed to load resource: net::ERR_CONNECTION_CLOSED @ https://log.strm.yandex.ru/log?StreamPlayer=1.0-14439&event=PlayerAlive:0
[  213250ms] [ERROR] Failed to load resource: net::ERR_CONNECTION_CLOSED @ https://log.strm.yandex.ru/log?StreamPlayer=1.0-14439&event=YaspPlayCalledOnCanPlay:0
[  221249ms] [ERROR] Failed to load resource: net::ERR_CONNECTION_CLOSED @ https://log.strm.yandex.ru/log?StreamPlayer=1.0-14439&event=30SecHeartbeat:0
[  228055ms] [ERROR] Failed to load resource: net::ERR_CONNECTION_CLOSED @ https://log.strm.yandex.ru/log?StreamPlayer=1.0-14439&event=PlayerAlive:0
[  235871ms] [ERROR] Failed to load resource: net::ERR_CONNECTION_CLOSED @ https://log.strm.yandex.ru/log?StreamPlayer=1.0-14439&event=YaspPlayCalledOnCanPlay:0
[  251455ms] [ERROR] Failed to load resource: net::ERR_CONNECTION_CLOSED @ https://log.strm.yandex.ru/log?StreamPlayer=1.0-14439&event=30SecHeartbeat:0
[  258111ms] [ERROR] Failed to load resource: net::ERR_CONNECTION_CLOSED @ https://log.strm.yandex.ru/log?StreamPlayer=1.0-14439&event=PlayerAlive:0
[  258498ms] [ERROR] Failed to load resource: net::ERR_CONNECTION_CLOSED @ https://log.strm.yandex.ru/log?StreamPlayer=1.0-14439&event=YaspPlayCalledOnCanPlay:0
[  281119ms] [ERROR] Failed to load resource: net::ERR_CONNECTION_CLOSED @ https://log.strm.yandex.ru/log?StreamPlayer=1.0-14439&event=YaspPlayCalledOnCanPlay:0
[  281750ms] [ERROR] Failed to load resource: net::ERR_CONNECTION_CLOSED @ https://log.strm.yandex.ru/log?StreamPlayer=1.0-14439&event=30SecHeartbeat:0
[  288170ms] [ERROR] Failed to load resource: net::ERR_CONNECTION_CLOSED @ https://log.strm.yandex.ru/log?StreamPlayer=1.0-14439&event=PlayerAlive:0
[  303743ms] [ERROR] Failed to load resource: net::ERR_CONNECTION_CLOSED @ https://log.strm.yandex.ru/log?StreamPlayer=1.0-14439&event=YaspPlayCalledOnCanPlay:0
[  311853ms] [ERROR] Failed to load resource: net::ERR_CONNECTION_CLOSED @ https://log.strm.yandex.ru/log?StreamPlayer=1.0-14439&event=30SecHeartbeat:0
[  318197ms] [ERROR] Failed to load resource: net::ERR_CONNECTION_CLOSED @ https://log.strm.yandex.ru/log?StreamPlayer=1.0-14439&event=PlayerAlive:0
[  326370ms] [ERROR] Failed to load resource: net::ERR_CONNECTION_CLOSED @ https://log.strm.yandex.ru/log?StreamPlayer=1.0-14439&event=YaspPlayCalledOnCanPlay:0
[  342052ms] [ERROR] Failed to load resource: net::ERR_CONNECTION_CLOSED @ https://log.strm.yandex.ru/log?StreamPlayer=1.0-14439&event=30SecHeartbeat:0
[  348253ms] [ERROR] Failed to load resource: net::ERR_CONNECTION_CLOSED @ https://log.strm.yandex.ru/log?StreamPlayer=1.0-14439&event=PlayerAlive:0
[  348992ms] [ERROR] Failed to load resource: net::ERR_CONNECTION_CLOSED @ https://log.strm.yandex.ru/log?StreamPlayer=1.0-14439&event=YaspPlayCalledOnCanPlay:0
[  371617ms] [ERROR] Failed to load resource: net::ERR_CONNECTION_CLOSED @ https://log.strm.yandex.ru/log?StreamPlayer=1.0-14439&event=YaspPlayCalledOnCanPlay:0
[  372251ms] [ERROR] Failed to load resource: net::ERR_CONNECTION_CLOSED @ https://log.strm.yandex.ru/log?StreamPlayer=1.0-14439&event=30SecHeartbeat:0
[  378331ms] [ERROR] Failed to load resource: net::ERR_CONNECTION_CLOSED @ https://log.strm.yandex.ru/log?StreamPlayer=1.0-14439&event=PlayerAlive:0
[  394264ms] [ERROR] Failed to load resource: net::ERR_CONNECTION_CLOSED @ https://log.strm.yandex.ru/log?StreamPlayer=1.0-14439&event=YaspPlayCalledOnCanPlay:0
[  402449ms] [ERROR] Failed to load resource: net::ERR_CONNECTION_CLOSED @ https://log.strm.yandex.ru/log?StreamPlayer=1.0-14439&event=30SecHeartbeat:0
[  408394ms] [ERROR] Failed to load resource: net::ERR_CONNECTION_CLOSED @ https://log.strm.yandex.ru/log?StreamPlayer=1.0-14439&event=PlayerAlive:0
[  416870ms] [ERROR] Failed to load resource: net::ERR_CONNECTION_CLOSED @ https://log.strm.yandex.ru/log?StreamPlayer=1.0-14439&event=YaspPlayCalledOnCanPlay:0
